-------------------------------------------------------------------------------------------------------------
      name:  <unnamed>
       log:  /Volumes/SSD PRO/Github-forks/Chp2-TrustandReturns/Notes/Logs/03_prep_controls.log
  log type:  text
 opened on:   8 Feb 2026, 08:54:56

. 
. use "${CLEANED}/all_data_merged.dta", clear

. 
. * ---------------------------------------------------------------------
. * Demographics / controls (Notes ยง2: age, education, employment, marital, immigration)
. * ---------------------------------------------------------------------
. * Education (time-invariant in RAND)
. capture confirm variable raedyrs

. if !_rc {
.     capture drop educ_yrs
.     gen educ_yrs = raedyrs
(649 missing values generated)
. }

. 
. * Gender (time-invariant)
. capture confirm variable ragender

. if !_rc {
.     capture drop gender
.     gen byte gender = ragender
. }

. 
. * Immigration (time-invariant; 1 = born in US)
. capture confirm variable rabplace

. if !_rc {
.     capture drop immigrant
.     gen byte immigrant = (rabplace ~= 1) if !missing(rabplace)
(517 missing values generated)
. }

. * Born in US (rabplace codes 1-10,12)
. capture confirm variable rabplace

. if !_rc {
.     capture drop born_us
.     gen byte born_us = .
(45,234 missing values generated)
.     replace born_us = 1 if inrange(rabplace,1,10) | rabplace == 12
(38,282 real changes made)
.     replace born_us = 0 if inlist(rabplace,11,13)
(6,435 real changes made)
. }

. 
. * Race/ethnicity (raracem + rahispan) if available
. capture confirm variable raracem

. capture confirm variable rahispan

. if !_rc {
.     capture drop race_eth
.     gen byte race_eth = .
(45,234 missing values generated)
.     replace race_eth = 3 if rahispan == 1
(5,977 real changes made)
.     replace race_eth = 1 if rahispan == 0 & raracem == 1
(28,210 real changes made)
.     replace race_eth = 2 if rahispan == 0 & raracem == 2
(8,803 real changes made)
.     replace race_eth = 4 if rahispan == 0 & raracem == 3
(1,660 real changes made)
. }

. 
. * Trust and IVs (rename to descriptive names)
. capture confirm variable rv568_2020

. if !_rc {
.     capture drop par_citizen_2020
.     gen par_citizen_2020 = rv568_2020
(44,206 missing values generated)
. }

. capture confirm variable rv569_2020

. if !_rc {
.     capture drop par_loyalty_2020
.     gen par_loyalty_2020 = rv569_2020
(44,215 missing values generated)
. }

. capture confirm variable rv570_2020

. if !_rc {
.     capture drop population_2020
.     gen population_2020 = rv570_2020
(44,120 missing values generated)
. }

. 
. * Collapsed population bins (2020): 1-2 small town, 3-4 small city, 5-6 large metro
. capture confirm variable population_2020

. if !_rc {
.     capture drop population_3bin_2020
.     gen byte population_3bin_2020 = .
(45,234 missing values generated)
.     replace population_3bin_2020 = 1 if inlist(population_2020, 1, 2)
(241 real changes made)
.     replace population_3bin_2020 = 2 if inlist(population_2020, 3, 4)
(485 real changes made)
.     replace population_3bin_2020 = 3 if inlist(population_2020, 5, 6)
(388 real changes made)
. }

. 
. * Financial literacy (rename)
. capture confirm variable rv565_2020

. if !_rc {
.     capture drop interest_2020
.     gen interest_2020 = rv565_2020
(43,932 missing values generated)
. }

. capture confirm variable rv566_2020

. if !_rc {
.     capture drop inflation_2020
.     gen inflation_2020 = rv566_2020
(43,961 missing values generated)
. }

. capture confirm variable rv567_2020

. if !_rc {
.     capture drop risk_div_2020
.     gen risk_div_2020 = rv567_2020
(44,162 missing values generated)
. }

. 
. * Additional trust regression controls (2020 wave)
. capture confirm variable r15cesd

. if !_rc {
.     capture drop depression_2020
.     gen depression_2020 = r15cesd
(30,236 missing values generated)
. }

. capture confirm variable r15conde

. if !_rc {
.     capture drop health_cond_2020
.     gen health_cond_2020 = r15conde
(29,511 missing values generated)
. }

. capture confirm variable r15govmr

. if !_rc {
.     capture drop medicare_2020
.     gen medicare_2020 = r15govmr
(29,736 missing values generated)
. }

. capture confirm variable r15govmd

. if !_rc {
.     capture drop medicaid_2020
.     gen medicaid_2020 = r15govmd
(29,851 missing values generated)
. }

. capture confirm variable r15lifein

. if !_rc {
.     capture drop life_ins_2020
.     gen life_ins_2020 = r15lifein
(29,894 missing values generated)
. }

. capture confirm variable r15beqany

. if !_rc {
.     capture drop beq_any_2020
.     gen beq_any_2020 = r15beqany
(37,746 missing values generated)
. }

. capture confirm variable r15mdiv

. if !_rc {
.     capture drop num_divorce_2020
.     gen num_divorce_2020 = r15mdiv
(29,511 missing values generated)
. }

. capture confirm variable r15mwid

. if !_rc {
.     capture drop num_widow_2020
.     gen num_widow_2020 = r15mwid
(29,511 missing values generated)
. }

. 
. * Trust variables (rename to descriptive names)
. capture confirm variable rv557_2020

. if !_rc {
.     capture drop trust_others_2020
.     gen trust_others_2020 = rv557_2020
(44,334 missing values generated)
. }

. capture confirm variable rv558_2020

. if !_rc {
.     capture drop trust_social_security_2020
.     gen trust_social_security_2020 = rv558_2020
(44,221 missing values generated)
. }

. capture confirm variable rv559_2020

. if !_rc {
.     capture drop trust_medicare_2020
.     gen trust_medicare_2020 = rv559_2020
(44,205 missing values generated)
. }

. capture confirm variable rv560_2020

. if !_rc {
.     capture drop trust_banks_2020
.     gen trust_banks_2020 = rv560_2020
(44,244 missing values generated)
. }

. capture confirm variable rv561_2020

. if !_rc {
.     capture drop trust_advisors_2020
.     gen trust_advisors_2020 = rv561_2020
(44,154 missing values generated)
. }

. capture confirm variable rv562_2020

. if !_rc {
.     capture drop trust_mutual_funds_2020
.     gen trust_mutual_funds_2020 = rv562_2020
(44,162 missing values generated)
. }

. capture confirm variable rv563_2020

. if !_rc {
.     capture drop trust_insurance_2020
.     gen trust_insurance_2020 = rv563_2020
(44,087 missing values generated)
. }

. capture confirm variable rv564_2020

. if !_rc {
.     capture drop trust_media_2020
.     gen trust_media_2020 = rv564_2020
(43,999 missing values generated)
. }

. 
. * Controls for all waves (one-wave-ahead for returns)
. forvalues w = 5/16 {
  2.     local y = 1990 + (2*`w')
  3.     capture confirm variable r`w'agey_b
  4.     if !_rc {
  5.         capture drop age_`y'
  6.         gen double age_`y' = r`w'agey_b
  7.     }
  8.     capture confirm variable r`w'inlbrf
  9.     if !_rc {
 10.         capture drop inlbrf_`y'
 11.         gen byte inlbrf_`y' = r`w'inlbrf
 12.     }
 13.     capture confirm variable r`w'mstat
 14.     if !_rc {
 15.         capture drop married_`y'
 16.         gen byte married_`y' = (r`w'mstat == 1) if !missing(r`w'mstat)
 17.     }
 18. }
(25,656 missing values generated)
(26,142 missing values generated)
(25,676 missing values generated)
(27,069 missing values generated)
(27,551 missing values generated)
(27,084 missing values generated)
(25,105 missing values generated)
(25,581 missing values generated)
(25,120 missing values generated)
(26,765 missing values generated)
(27,215 missing values generated)
(26,767 missing values generated)
(28,017 missing values generated)
(28,478 missing values generated)
(28,019 missing values generated)
(23,200 missing values generated)
(23,868 missing values generated)
(23,206 missing values generated)
(24,680 missing values generated)
(25,213 missing values generated)
(24,696 missing values generated)
(26,487 missing values generated)
(26,968 missing values generated)
(26,506 missing values generated)
(24,322 missing values generated)
(24,737 missing values generated)
(24,354 missing values generated)
(28,088 missing values generated)
(28,370 missing values generated)
(28,114 missing values generated)
(29,511 missing values generated)
(29,755 missing values generated)
(29,549 missing values generated)
(29,378 missing values generated)
(29,642 missing values generated)
(29,418 missing values generated)

. 
. * Region for all waves and hometown_size from region x population
. forvalues w = 5/16 {
  2.     local y = 1990 + (2*`w')
  3.     capture confirm variable r`w'cenreg
  4.     if !_rc {
  5.         capture drop region_`y'
  6.         gen byte region_`y' = r`w'cenreg
  7.         replace region_`y' = . if region_`y' == 5
  8.     }
  9.     capture confirm variable population_2020
 10.     if !_rc {
 11.         capture drop hometown_size_`y'
 12.         gen int hometown_size_`y' = region_`y' * 100 + population_2020 if !missing(region_`y') & !missin
> g(population_2020)
 13.     }
 14. }
(25,656 missing values generated)
(40 real changes made, 40 to missing)
(44,925 missing values generated)
(27,069 missing values generated)
(43 real changes made, 43 to missing)
(44,915 missing values generated)
(25,105 missing values generated)
(55 real changes made, 55 to missing)
(44,752 missing values generated)
(26,765 missing values generated)
(69 real changes made, 69 to missing)
(44,747 missing values generated)
(28,017 missing values generated)
(70 real changes made, 70 to missing)
(44,742 missing values generated)
(23,200 missing values generated)
(70 real changes made, 70 to missing)
(44,406 missing values generated)
(24,680 missing values generated)
(76 real changes made, 76 to missing)
(44,394 missing values generated)
(26,487 missing values generated)
(87 real changes made, 87 to missing)
(44,398 missing values generated)
(24,322 missing values generated)
(81 real changes made, 81 to missing)
(44,160 missing values generated)
(28,088 missing values generated)
(79 real changes made, 79 to missing)
(44,222 missing values generated)
(29,511 missing values generated)
(61 real changes made, 61 to missing)
(44,122 missing values generated)
(32,351 missing values generated)
(60 real changes made, 60 to missing)
(44,348 missing values generated)

. 
. * Contextual trust (group avg of trust by region x town population, all waves)
. capture confirm variable population_2020

. capture confirm variable trust_others_2020

. if !_rc {
.     forvalues w = 5/16 {
  2.         local y = 1990 + (2*`w')
  3.         capture confirm variable region_`y'
  4.         if !_rc {
  5.             capture drop region_pop_group_`y' townsize_trust_`y'
  6.             gen int region_pop_group_`y' = region_`y' * 100 + population_2020 if !missing(region_`y') & 
> !missing(population_2020)
  7.             egen double townsize_trust_`y' = mean(trust_others_2020), by(region_pop_group_`y')
  8.         }
  9.     }
(44,925 missing values generated)
(44,915 missing values generated)
(44,752 missing values generated)
(44,747 missing values generated)
(44,742 missing values generated)
(44,406 missing values generated)
(44,394 missing values generated)
(44,398 missing values generated)
(44,160 missing values generated)
(44,222 missing values generated)
(44,122 missing values generated)
(44,348 missing values generated)
. }

. 
. capture confirm variable population_3bin_2020

. capture confirm variable trust_others_2020

. if !_rc {
.     forvalues w = 5/16 {
  2.         local y = 1990 + (2*`w')
  3.         capture confirm variable region_`y'
  4.         if !_rc {
  5.             capture drop region_pop3_group_`y' townsize3_trust_`y'
  6.             gen int region_pop3_group_`y' = region_`y' * 10 + population_3bin_2020 if !missing(region_`y
> ') & !missing(population_3bin_2020)
  7.             egen double townsize3_trust_`y' = mean(trust_others_2020), by(region_pop3_group_`y')
  8.         }
  9.     }
(44,925 missing values generated)
(44,915 missing values generated)
(44,752 missing values generated)
(44,747 missing values generated)
(44,742 missing values generated)
(44,406 missing values generated)
(44,394 missing values generated)
(44,398 missing values generated)
(44,160 missing values generated)
(44,222 missing values generated)
(44,122 missing values generated)
(44,348 missing values generated)
. }

. 
. * Contextual trust by population only (all waves)
. capture confirm variable population_2020

. capture confirm variable trust_others_2020

. if !_rc {
.     forvalues w = 5/16 {
  2.         local y = 1990 + (2*`w')
  3.         capture drop pop_trust_`y'
  4.         egen double pop_trust_`y' = mean(trust_others_2020), by(population_2020)
  5.     }
. }

. 
. capture confirm variable population_3bin_2020

. capture confirm variable trust_others_2020

. if !_rc {
.     forvalues w = 5/16 {
  2.         local y = 1990 + (2*`w')
  3.         capture drop pop3_trust_`y'
  4.         egen double pop3_trust_`y' = mean(trust_others_2020), by(population_3bin_2020)
  5.     }
. }

. 
. * Regional trust (group avg of trust by region, all waves)
. capture confirm variable trust_others_2020

. if !_rc {
.     forvalues w = 5/16 {
  2.         local y = 1990 + (2*`w')
  3.         capture confirm variable region_`y'
  4.         if !_rc {
  5.             capture drop regional_trust_`y'
  6.             egen double regional_trust_`y' = mean(trust_others_2020), by(region_`y')
  7.         }
  8.     }
. }

. 
. * ---------------------------------------------------------------------
. * Wealth deciles by year (four concepts: core, ira-only, residential-only, total net wealth)
. * RAND: h5atotb (2000), h6atotb (2002), ... h16atotb (2022). Lowercase.
. * ---------------------------------------------------------------------
. local wyears "2000 2002 2004 2006 2008 2010 2012 2014 2016 2018 2020 2022"

. local watotb "h5atotb h6atotb h7atotb h8atotb h9atotb h10atotb h11atotb h12atotb h13atotb h14atotb h15atotb
>  h16atotb"

. local watoth "h5atoth h6atoth h7atoth h8atoth h9atoth h10atoth h11atoth h12atoth h13atoth h14atoth h15atoth
>  h16atoth"

. local wanethb "h5anethb h6anethb h7anethb h8anethb h9anethb h10anethb h11anethb h12anethb h13anethb h14anet
> hb h15anethb h16anethb"

. local waira "h5aira h6aira h7aira h8aira h9aira h10aira h11aira h12aira h13aira h14aira h15aira h16aira"

. local warles "h5arles h6arles h7arles h8arles h9arles h10arles h11arles h12arles h13arles h14arles h15arles
>  h16arles"

. local wabsns "h5absns h6absns h7absns h8absns h9absns h10absns h11absns h12absns h13absns h14absns h15absns
>  h16absns"

. local wastck "h5astck h6astck h7astck h8astck h9astck h10astck h11astck h12astck h13astck h14astck h15astck
>  h16astck"

. local wabond "h5abond h6abond h7abond h8abond h9abond h10abond h11abond h12abond h13abond h14abond h15abond
>  h16abond"

. local wachck "h5achck h6achck h7achck h8achck h9achck h10achck h11achck h12achck h13achck h14achck h15achck
>  h16achck"

. local wacd "h5acd h6acd h7acd h8acd h9acd h10acd h11acd h12acd h13acd h14acd h15acd h16acd"

. local watran "h5atran h6atran h7atran h8atran h9atran h10atran h11atran h12atran h13atran h14atran h15atran
>  h16atran"

. local waothr "h5aothr h6aothr h7aothr h8aothr h9aothr h10aothr h11aothr h12aothr h13aothr h14aothr h15aothr
>  h16aothr"

. forvalues j = 1/12 {
  2.     local y : word `j' of `wyears'
  3.     local w : word `j' of `watotb'
  4.     local wpri : word `j' of `watoth'
  5.     local wsec : word `j' of `wanethb'
  6.     local wira : word `j' of `waira'
  7.     local wre : word `j' of `warles'
  8.     local wbus : word `j' of `wabsns'
  9.     local wstk : word `j' of `wastck'
 10.     local wbond : word `j' of `wabond'
 11.     local wchck : word `j' of `wachck'
 12.     local wcd : word `j' of `wacd'
 13.     local wtran : word `j' of `watran'
 14.     local woth : word `j' of `waothr'
 15.     capture confirm variable `w'
 16.     capture confirm variable `wpri'
 17.     capture confirm variable `wsec'
 18.     capture confirm variable `wira'
 19.     if !_rc {
 20.         local has_core 1
 21.         foreach v in `wre' `wbus' `wstk' `wbond' `wchck' `wcd' {
 22.             capture confirm variable `v'
 23.             if _rc local has_core 0
 24.         }
 25.         * Total net wealth (constructed from components, allow partial nonmissing)
.         capture drop wealth_total_`y'
 26.         capture drop gross_wealth_`y'
 27.         capture drop _gross_n_`y'
 28.         capture drop _debt_total_`y'
 29.         capture drop _debt_n_`y'
 30.         capture drop wealth_decile_`y'
 31.         egen byte _gross_n_`y' = rownonmiss(`wre' `wbus' `wstk' `wbond' `wchck' `wcd' `wpri' `wsec' `wir
> a' `wtran' `woth')
 32.         egen double _debt_total_`y' = rowtotal(h`j'amort h`j'ahmln h`j'adebt h`j'amrtb), missing
 33.         egen byte _debt_n_`y' = rownonmiss(h`j'amort h`j'ahmln h`j'adebt h`j'amrtb)
 34.         gen double gross_wealth_`y' = ///
>             cond(missing(`wre'), 0, max(`wre', 0)) + cond(missing(`wbus'), 0, max(`wbus', 0)) + ///
>             cond(missing(`wstk'), 0, max(`wstk', 0)) + cond(missing(`wbond'), 0, max(`wbond', 0)) + ///
>             cond(missing(`wchck'), 0, max(`wchck', 0)) + cond(missing(`wcd'), 0, max(`wcd', 0)) + ///
>             cond(missing(`wpri'), 0, max(`wpri', 0)) + cond(missing(`wsec'), 0, max(`wsec', 0)) + ///
>             cond(missing(`wira'), 0, max(`wira', 0)) + cond(missing(`wtran'), 0, max(`wtran', 0)) + ///
>             cond(missing(`woth'), 0, max(`woth', 0))
 35.         replace gross_wealth_`y' = . if _gross_n_`y' == 0
 36.         gen double wealth_total_`y' = gross_wealth_`y' - _debt_total_`y'
 37.         replace wealth_total_`y' = . if _gross_n_`y' == 0 & _debt_n_`y' == 0
 38.         capture drop wealth_decile_`y'
 39.         xtile wealth_decile_`y' = wealth_total_`y', nq(10)
 40.         replace wealth_decile_`y' = . if missing(wealth_total_`y')
 41.         forvalues d = 1/10 {
 42.             capture drop wealth_d`d'_`y'
 43.             gen byte wealth_d`d'_`y' = wealth_decile_`y' == `d' if !missing(wealth_decile_`y')
 44.         }
 45. 
.         * Core wealth (exclude residences and IRA)
.         if `has_core' {
 46.             capture drop wealth_core_`y'
 47.             capture drop wealth_core_decile_`y'
 48.             gen double wealth_core_`y' = `wre' + `wbus' + `wstk' + `wbond' + `wchck' + `wcd' if !missing
> (`wre') & !missing(`wbus') & !missing(`wstk') & !missing(`wbond') & !missing(`wchck') & !missing(`wcd')
 49.             capture drop wealth_core_decile_`y'
 50.             xtile wealth_core_decile_`y' = wealth_core_`y', nq(10)
 51.             replace wealth_core_decile_`y' = . if missing(wealth_core_`y')
 52.             forvalues d = 1/10 {
 53.                 capture drop wealth_core_d`d'_`y'
 54.                 gen byte wealth_core_d`d'_`y' = wealth_core_decile_`y' == `d' if !missing(wealth_core_de
> cile_`y')
 55.             }
 56.         }
 57. 
.         * IRA-only wealth
.         capture drop wealth_ira_`y'
 58.         capture drop wealth_ira_decile_`y'
 59.         gen double wealth_ira_`y' = `wira' if !missing(`wira')
 60.         capture drop wealth_ira_decile_`y'
 61.         xtile wealth_ira_decile_`y' = wealth_ira_`y', nq(10)
 62.         replace wealth_ira_decile_`y' = . if missing(wealth_ira_`y')
 63.         forvalues d = 1/10 {
 64.             capture drop wealth_ira_d`d'_`y'
 65.             gen byte wealth_ira_d`d'_`y' = wealth_ira_decile_`y' == `d' if !missing(wealth_ira_decile_`y
> ')
 66.         }
 67. 
.         * Core+ret. wealth (core + IRA; same scope as r4)
.         if `has_core' {
 68.             capture drop wealth_coreira_`y'
 69.             capture drop wealth_coreira_decile_`y'
 70.             gen double wealth_coreira_`y' = wealth_core_`y' + wealth_ira_`y' if !missing(wealth_core_`y'
> ) & !missing(wealth_ira_`y')
 71.             capture drop wealth_coreira_decile_`y'
 72.             xtile wealth_coreira_decile_`y' = wealth_coreira_`y', nq(10)
 73.             replace wealth_coreira_decile_`y' = . if missing(wealth_coreira_`y')
 74.             forvalues d = 1/10 {
 75.                 capture drop wealth_coreira_d`d'_`y'
 76.                 gen byte wealth_coreira_d`d'_`y' = wealth_coreira_decile_`y' == `d' if !missing(wealth_c
> oreira_decile_`y')
 77.             }
 78.         }
 79. 
.         * Residential-only wealth (primary + secondary)
.         capture drop wealth_res_`y'
 80.         capture drop wealth_res_decile_`y'
 81.         gen double wealth_res_`y' = `wpri' + `wsec' if !missing(`wpri') & !missing(`wsec')
 82.         capture drop wealth_res_decile_`y'
 83.         xtile wealth_res_decile_`y' = wealth_res_`y', nq(10)
 84.         replace wealth_res_decile_`y' = . if missing(wealth_res_`y')
 85.         forvalues d = 1/10 {
 86.             capture drop wealth_res_d`d'_`y'
 87.             gen byte wealth_res_d`d'_`y' = wealth_res_decile_`y' == `d' if !missing(wealth_res_decile_`y
> ')
 88.         }
 89.     }
 90. }
(32,582 missing values generated)
(25,656 real changes made, 25,656 to missing)
(35,604 missing values generated)
(0 real changes made)
(0 real changes made)
(35,604 missing values generated)
(35,604 missing values generated)
(35,604 missing values generated)
(35,604 missing values generated)
(35,604 missing values generated)
(35,604 missing values generated)
(35,604 missing values generated)
(35,604 missing values generated)
(35,604 missing values generated)
(35,604 missing values generated)
(25,657 missing values generated)
(0 real changes made)
(25,657 missing values generated)
(25,657 missing values generated)
(25,657 missing values generated)
(25,657 missing values generated)
(25,657 missing values generated)
(25,657 missing values generated)
(25,657 missing values generated)
(25,657 missing values generated)
(25,657 missing values generated)
(25,657 missing values generated)
(25,656 missing values generated)
(0 real changes made)
(25,656 missing values generated)
(25,656 missing values generated)
(25,656 missing values generated)
(25,656 missing values generated)
(25,656 missing values generated)
(25,656 missing values generated)
(25,656 missing values generated)
(25,656 missing values generated)
(25,656 missing values generated)
(25,656 missing values generated)
(25,657 missing values generated)
(0 real changes made)
(25,657 missing values generated)
(25,657 missing values generated)
(25,657 missing values generated)
(25,657 missing values generated)
(25,657 missing values generated)
(25,657 missing values generated)
(25,657 missing values generated)
(25,657 missing values generated)
(25,657 missing values generated)
(25,657 missing values generated)
(25,656 missing values generated)
(0 real changes made)
(25,656 missing values generated)
(25,656 missing values generated)
(25,656 missing values generated)
(25,656 missing values generated)
(25,656 missing values generated)
(25,656 missing values generated)
(25,656 missing values generated)
(25,656 missing values generated)
(25,656 missing values generated)
(25,656 missing values generated)
(25,592 missing values generated)
(27,069 real changes made, 27,069 to missing)
(32,392 missing values generated)
(0 real changes made)
(0 real changes made)
(32,392 missing values generated)
(32,392 missing values generated)
(32,392 missing values generated)
(32,392 missing values generated)
(32,392 missing values generated)
(32,392 missing values generated)
(32,392 missing values generated)
(32,392 missing values generated)
(32,392 missing values generated)
(32,392 missing values generated)
(27,069 missing values generated)
(0 real changes made)
(27,069 missing values generated)
(27,069 missing values generated)
(27,069 missing values generated)
(27,069 missing values generated)
(27,069 missing values generated)
(27,069 missing values generated)
(27,069 missing values generated)
(27,069 missing values generated)
(27,069 missing values generated)
(27,069 missing values generated)
(27,069 missing values generated)
(0 real changes made)
(27,069 missing values generated)
(27,069 missing values generated)
(27,069 missing values generated)
(27,069 missing values generated)
(27,069 missing values generated)
(27,069 missing values generated)
(27,069 missing values generated)
(27,069 missing values generated)
(27,069 missing values generated)
(27,069 missing values generated)
(27,069 missing values generated)
(0 real changes made)
(27,069 missing values generated)
(27,069 missing values generated)
(27,069 missing values generated)
(27,069 missing values generated)
(27,069 missing values generated)
(27,069 missing values generated)
(27,069 missing values generated)
(27,069 missing values generated)
(27,069 missing values generated)
(27,069 missing values generated)
(27,069 missing values generated)
(0 real changes made)
(27,069 missing values generated)
(27,069 missing values generated)
(27,069 missing values generated)
(27,069 missing values generated)
(27,069 missing values generated)
(27,069 missing values generated)
(27,069 missing values generated)
(27,069 missing values generated)
(27,069 missing values generated)
(27,069 missing values generated)
(27,243 missing values generated)
(25,105 real changes made, 25,105 to missing)
(33,551 missing values generated)
(0 real changes made)
(0 real changes made)
(33,551 missing values generated)
(33,551 missing values generated)
(33,551 missing values generated)
(33,551 missing values generated)
(33,551 missing values generated)
(33,551 missing values generated)
(33,551 missing values generated)
(33,551 missing values generated)
(33,551 missing values generated)
(33,551 missing values generated)
(25,113 missing values generated)
(0 real changes made)
(25,113 missing values generated)
(25,113 missing values generated)
(25,113 missing values generated)
(25,113 missing values generated)
(25,113 missing values generated)
(25,113 missing values generated)
(25,113 missing values generated)
(25,113 missing values generated)
(25,113 missing values generated)
(25,113 missing values generated)
(25,105 missing values generated)
(0 real changes made)
(25,105 missing values generated)
(25,105 missing values generated)
(25,105 missing values generated)
(25,105 missing values generated)
(25,105 missing values generated)
(25,105 missing values generated)
(25,105 missing values generated)
(25,105 missing values generated)
(25,105 missing values generated)
(25,105 missing values generated)
(25,113 missing values generated)
(0 real changes made)
(25,113 missing values generated)
(25,113 missing values generated)
(25,113 missing values generated)
(25,113 missing values generated)
(25,113 missing values generated)
(25,113 missing values generated)
(25,113 missing values generated)
(25,113 missing values generated)
(25,113 missing values generated)
(25,113 missing values generated)
(25,105 missing values generated)
(0 real changes made)
(25,105 missing values generated)
(25,105 missing values generated)
(25,105 missing values generated)
(25,105 missing values generated)
(25,105 missing values generated)
(25,105 missing values generated)
(25,105 missing values generated)
(25,105 missing values generated)
(25,105 missing values generated)
(25,105 missing values generated)
(23,850 missing values generated)
(26,765 real changes made, 26,765 to missing)
(30,898 missing values generated)
(0 real changes made)
(0 real changes made)
(30,898 missing values generated)
(30,898 missing values generated)
(30,898 missing values generated)
(30,898 missing values generated)
(30,898 missing values generated)
(30,898 missing values generated)
(30,898 missing values generated)
(30,898 missing values generated)
(30,898 missing values generated)
(30,898 missing values generated)
(26,769 missing values generated)
(0 real changes made)
(26,769 missing values generated)
(26,769 missing values generated)
(26,769 missing values generated)
(26,769 missing values generated)
(26,769 missing values generated)
(26,769 missing values generated)
(26,769 missing values generated)
(26,769 missing values generated)
(26,769 missing values generated)
(26,769 missing values generated)
(26,765 missing values generated)
(0 real changes made)
(26,765 missing values generated)
(26,765 missing values generated)
(26,765 missing values generated)
(26,765 missing values generated)
(26,765 missing values generated)
(26,765 missing values generated)
(26,765 missing values generated)
(26,765 missing values generated)
(26,765 missing values generated)
(26,765 missing values generated)
(26,769 missing values generated)
(0 real changes made)
(26,769 missing values generated)
(26,769 missing values generated)
(26,769 missing values generated)
(26,769 missing values generated)
(26,769 missing values generated)
(26,769 missing values generated)
(26,769 missing values generated)
(26,769 missing values generated)
(26,769 missing values generated)
(26,769 missing values generated)
(26,765 missing values generated)
(0 real changes made)
(26,765 missing values generated)
(26,765 missing values generated)
(26,765 missing values generated)
(26,765 missing values generated)
(26,765 missing values generated)
(26,765 missing values generated)
(26,765 missing values generated)
(26,765 missing values generated)
(26,765 missing values generated)
(26,765 missing values generated)
(25,656 missing values generated)
(28,017 real changes made, 28,017 to missing)
(32,073 missing values generated)
(0 real changes made)
(0 real changes made)
(32,073 missing values generated)
(32,073 missing values generated)
(32,073 missing values generated)
(32,073 missing values generated)
(32,073 missing values generated)
(32,073 missing values generated)
(32,073 missing values generated)
(32,073 missing values generated)
(32,073 missing values generated)
(32,073 missing values generated)
(28,017 missing values generated)
(0 real changes made)
(28,017 missing values generated)
(28,017 missing values generated)
(28,017 missing values generated)
(28,017 missing values generated)
(28,017 missing values generated)
(28,017 missing values generated)
(28,017 missing values generated)
(28,017 missing values generated)
(28,017 missing values generated)
(28,017 missing values generated)
(28,017 missing values generated)
(0 real changes made)
(28,017 missing values generated)
(28,017 missing values generated)
(28,017 missing values generated)
(28,017 missing values generated)
(28,017 missing values generated)
(28,017 missing values generated)
(28,017 missing values generated)
(28,017 missing values generated)
(28,017 missing values generated)
(28,017 missing values generated)
(28,017 missing values generated)
(0 real changes made)
(28,017 missing values generated)
(28,017 missing values generated)
(28,017 missing values generated)
(28,017 missing values generated)
(28,017 missing values generated)
(28,017 missing values generated)
(28,017 missing values generated)
(28,017 missing values generated)
(28,017 missing values generated)
(28,017 missing values generated)
(28,017 missing values generated)
(0 real changes made)
(28,017 missing values generated)
(28,017 missing values generated)
(28,017 missing values generated)
(28,017 missing values generated)
(28,017 missing values generated)
(28,017 missing values generated)
(28,017 missing values generated)
(28,017 missing values generated)
(28,017 missing values generated)
(28,017 missing values generated)
(27,069 missing values generated)
(23,200 real changes made, 23,200 to missing)
(33,303 missing values generated)
(0 real changes made)
(0 real changes made)
(33,303 missing values generated)
(33,303 missing values generated)
(33,303 missing values generated)
(33,303 missing values generated)
(33,303 missing values generated)
(33,303 missing values generated)
(33,303 missing values generated)
(33,303 missing values generated)
(33,303 missing values generated)
(33,303 missing values generated)
(23,206 missing values generated)
(0 real changes made)
(23,206 missing values generated)
(23,206 missing values generated)
(23,206 missing values generated)
(23,206 missing values generated)
(23,206 missing values generated)
(23,206 missing values generated)
(23,206 missing values generated)
(23,206 missing values generated)
(23,206 missing values generated)
(23,206 missing values generated)
(23,201 missing values generated)
(0 real changes made)
(23,201 missing values generated)
(23,201 missing values generated)
(23,201 missing values generated)
(23,201 missing values generated)
(23,201 missing values generated)
(23,201 missing values generated)
(23,201 missing values generated)
(23,201 missing values generated)
(23,201 missing values generated)
(23,201 missing values generated)
(23,207 missing values generated)
(0 real changes made)
(23,207 missing values generated)
(23,207 missing values generated)
(23,207 missing values generated)
(23,207 missing values generated)
(23,207 missing values generated)
(23,207 missing values generated)
(23,207 missing values generated)
(23,207 missing values generated)
(23,207 missing values generated)
(23,207 missing values generated)
(23,200 missing values generated)
(0 real changes made)
(23,200 missing values generated)
(23,200 missing values generated)
(23,200 missing values generated)
(23,200 missing values generated)
(23,200 missing values generated)
(23,200 missing values generated)
(23,200 missing values generated)
(23,200 missing values generated)
(23,200 missing values generated)
(23,200 missing values generated)
(25,105 missing values generated)
(24,680 real changes made, 24,680 to missing)
(31,670 missing values generated)
(0 real changes made)
(0 real changes made)
(31,670 missing values generated)
(31,670 missing values generated)
(31,670 missing values generated)
(31,670 missing values generated)
(31,670 missing values generated)
(31,670 missing values generated)
(31,670 missing values generated)
(31,670 missing values generated)
(31,670 missing values generated)
(31,670 missing values generated)
(24,682 missing values generated)
(0 real changes made)
(24,682 missing values generated)
(24,682 missing values generated)
(24,682 missing values generated)
(24,682 missing values generated)
(24,682 missing values generated)
(24,682 missing values generated)
(24,682 missing values generated)
(24,682 missing values generated)
(24,682 missing values generated)
(24,682 missing values generated)
(24,680 missing values generated)
(0 real changes made)
(24,680 missing values generated)
(24,680 missing values generated)
(24,680 missing values generated)
(24,680 missing values generated)
(24,680 missing values generated)
(24,680 missing values generated)
(24,680 missing values generated)
(24,680 missing values generated)
(24,680 missing values generated)
(24,680 missing values generated)
(24,682 missing values generated)
(0 real changes made)
(24,682 missing values generated)
(24,682 missing values generated)
(24,682 missing values generated)
(24,682 missing values generated)
(24,682 missing values generated)
(24,682 missing values generated)
(24,682 missing values generated)
(24,682 missing values generated)
(24,682 missing values generated)
(24,682 missing values generated)
(24,681 missing values generated)
(0 real changes made)
(24,681 missing values generated)
(24,681 missing values generated)
(24,681 missing values generated)
(24,681 missing values generated)
(24,681 missing values generated)
(24,681 missing values generated)
(24,681 missing values generated)
(24,681 missing values generated)
(24,681 missing values generated)
(24,681 missing values generated)
(26,765 missing values generated)
(26,487 real changes made, 26,487 to missing)
(33,180 missing values generated)
(0 real changes made)
(0 real changes made)
(33,180 missing values generated)
(33,180 missing values generated)
(33,180 missing values generated)
(33,180 missing values generated)
(33,180 missing values generated)
(33,180 missing values generated)
(33,180 missing values generated)
(33,180 missing values generated)
(33,180 missing values generated)
(33,180 missing values generated)
(26,488 missing values generated)
(0 real changes made)
(26,488 missing values generated)
(26,488 missing values generated)
(26,488 missing values generated)
(26,488 missing values generated)
(26,488 missing values generated)
(26,488 missing values generated)
(26,488 missing values generated)
(26,488 missing values generated)
(26,488 missing values generated)
(26,488 missing values generated)
(26,488 missing values generated)
(0 real changes made)
(26,488 missing values generated)
(26,488 missing values generated)
(26,488 missing values generated)
(26,488 missing values generated)
(26,488 missing values generated)
(26,488 missing values generated)
(26,488 missing values generated)
(26,488 missing values generated)
(26,488 missing values generated)
(26,488 missing values generated)
(26,489 missing values generated)
(0 real changes made)
(26,489 missing values generated)
(26,489 missing values generated)
(26,489 missing values generated)
(26,489 missing values generated)
(26,489 missing values generated)
(26,489 missing values generated)
(26,489 missing values generated)
(26,489 missing values generated)
(26,489 missing values generated)
(26,489 missing values generated)
(26,488 missing values generated)
(0 real changes made)
(26,488 missing values generated)
(26,488 missing values generated)
(26,488 missing values generated)
(26,488 missing values generated)
(26,488 missing values generated)
(26,488 missing values generated)
(26,488 missing values generated)
(26,488 missing values generated)
(26,488 missing values generated)
(26,488 missing values generated)
(28,017 missing values generated)
(24,322 real changes made, 24,322 to missing)
(34,757 missing values generated)
(0 real changes made)
(0 real changes made)
(34,757 missing values generated)
(34,757 missing values generated)
(34,757 missing values generated)
(34,757 missing values generated)
(34,757 missing values generated)
(34,757 missing values generated)
(34,757 missing values generated)
(34,757 missing values generated)
(34,757 missing values generated)
(34,757 missing values generated)
(24,326 missing values generated)
(0 real changes made)
(24,326 missing values generated)
(24,326 missing values generated)
(24,326 missing values generated)
(24,326 missing values generated)
(24,326 missing values generated)
(24,326 missing values generated)
(24,326 missing values generated)
(24,326 missing values generated)
(24,326 missing values generated)
(24,326 missing values generated)
(24,322 missing values generated)
(0 real changes made)
(24,322 missing values generated)
(24,322 missing values generated)
(24,322 missing values generated)
(24,322 missing values generated)
(24,322 missing values generated)
(24,322 missing values generated)
(24,322 missing values generated)
(24,322 missing values generated)
(24,322 missing values generated)
(24,322 missing values generated)
(24,326 missing values generated)
(0 real changes made)
(24,326 missing values generated)
(24,326 missing values generated)
(24,326 missing values generated)
(24,326 missing values generated)
(24,326 missing values generated)
(24,326 missing values generated)
(24,326 missing values generated)
(24,326 missing values generated)
(24,326 missing values generated)
(24,326 missing values generated)
(24,322 missing values generated)
(0 real changes made)
(24,322 missing values generated)
(24,322 missing values generated)
(24,322 missing values generated)
(24,322 missing values generated)
(24,322 missing values generated)
(24,322 missing values generated)
(24,322 missing values generated)
(24,322 missing values generated)
(24,322 missing values generated)
(24,322 missing values generated)
(23,200 missing values generated)
(28,088 real changes made, 28,088 to missing)
(32,432 missing values generated)
(0 real changes made)
(0 real changes made)
(32,432 missing values generated)
(32,432 missing values generated)
(32,432 missing values generated)
(32,432 missing values generated)
(32,432 missing values generated)
(32,432 missing values generated)
(32,432 missing values generated)
(32,432 missing values generated)
(32,432 missing values generated)
(32,432 missing values generated)
(28,091 missing values generated)
(0 real changes made)
(28,091 missing values generated)
(28,091 missing values generated)
(28,091 missing values generated)
(28,091 missing values generated)
(28,091 missing values generated)
(28,091 missing values generated)
(28,091 missing values generated)
(28,091 missing values generated)
(28,091 missing values generated)
(28,091 missing values generated)
(28,088 missing values generated)
(0 real changes made)
(28,088 missing values generated)
(28,088 missing values generated)
(28,088 missing values generated)
(28,088 missing values generated)
(28,088 missing values generated)
(28,088 missing values generated)
(28,088 missing values generated)
(28,088 missing values generated)
(28,088 missing values generated)
(28,088 missing values generated)
(28,091 missing values generated)
(0 real changes made)
(28,091 missing values generated)
(28,091 missing values generated)
(28,091 missing values generated)
(28,091 missing values generated)
(28,091 missing values generated)
(28,091 missing values generated)
(28,091 missing values generated)
(28,091 missing values generated)
(28,091 missing values generated)
(28,091 missing values generated)
(28,088 missing values generated)
(0 real changes made)
(28,088 missing values generated)
(28,088 missing values generated)
(28,088 missing values generated)
(28,088 missing values generated)
(28,088 missing values generated)
(28,088 missing values generated)
(28,088 missing values generated)
(28,088 missing values generated)
(28,088 missing values generated)
(28,088 missing values generated)
(24,680 missing values generated)
(29,511 real changes made, 29,511 to missing)
(33,414 missing values generated)
(0 real changes made)
(0 real changes made)
(33,414 missing values generated)
(33,414 missing values generated)
(33,414 missing values generated)
(33,414 missing values generated)
(33,414 missing values generated)
(33,414 missing values generated)
(33,414 missing values generated)
(33,414 missing values generated)
(33,414 missing values generated)
(33,414 missing values generated)
(29,512 missing values generated)
(0 real changes made)
(29,512 missing values generated)
(29,512 missing values generated)
(29,512 missing values generated)
(29,512 missing values generated)
(29,512 missing values generated)
(29,512 missing values generated)
(29,512 missing values generated)
(29,512 missing values generated)
(29,512 missing values generated)
(29,512 missing values generated)
(29,511 missing values generated)
(0 real changes made)
(29,511 missing values generated)
(29,511 missing values generated)
(29,511 missing values generated)
(29,511 missing values generated)
(29,511 missing values generated)
(29,511 missing values generated)
(29,511 missing values generated)
(29,511 missing values generated)
(29,511 missing values generated)
(29,511 missing values generated)
(29,512 missing values generated)
(0 real changes made)
(29,512 missing values generated)
(29,512 missing values generated)
(29,512 missing values generated)
(29,512 missing values generated)
(29,512 missing values generated)
(29,512 missing values generated)
(29,512 missing values generated)
(29,512 missing values generated)
(29,512 missing values generated)
(29,512 missing values generated)
(29,511 missing values generated)
(0 real changes made)
(29,511 missing values generated)
(29,511 missing values generated)
(29,511 missing values generated)
(29,511 missing values generated)
(29,511 missing values generated)
(29,511 missing values generated)
(29,511 missing values generated)
(29,511 missing values generated)
(29,511 missing values generated)
(29,511 missing values generated)
(26,487 missing values generated)
(29,378 real changes made, 29,378 to missing)
(35,396 missing values generated)
(0 real changes made)
(0 real changes made)
(35,396 missing values generated)
(35,396 missing values generated)
(35,396 missing values generated)
(35,396 missing values generated)
(35,396 missing values generated)
(35,396 missing values generated)
(35,396 missing values generated)
(35,396 missing values generated)
(35,396 missing values generated)
(35,396 missing values generated)
(29,384 missing values generated)
(0 real changes made)
(29,384 missing values generated)
(29,384 missing values generated)
(29,384 missing values generated)
(29,384 missing values generated)
(29,384 missing values generated)
(29,384 missing values generated)
(29,384 missing values generated)
(29,384 missing values generated)
(29,384 missing values generated)
(29,384 missing values generated)
(29,378 missing values generated)
(0 real changes made)
(29,378 missing values generated)
(29,378 missing values generated)
(29,378 missing values generated)
(29,378 missing values generated)
(29,378 missing values generated)
(29,378 missing values generated)
(29,378 missing values generated)
(29,378 missing values generated)
(29,378 missing values generated)
(29,378 missing values generated)
(29,384 missing values generated)
(0 real changes made)
(29,384 missing values generated)
(29,384 missing values generated)
(29,384 missing values generated)
(29,384 missing values generated)
(29,384 missing values generated)
(29,384 missing values generated)
(29,384 missing values generated)
(29,384 missing values generated)
(29,384 missing values generated)
(29,384 missing values generated)
(29,378 missing values generated)
(0 real changes made)
(29,378 missing values generated)
(29,378 missing values generated)
(29,378 missing values generated)
(29,378 missing values generated)
(29,378 missing values generated)
(29,378 missing values generated)
(29,378 missing values generated)
(29,378 missing values generated)
(29,378 missing values generated)
(29,378 missing values generated)

. 
. * Asset shares by return-scope per wave (core; core+IRA; total)
. forvalues j = 5/16 {
  2.     local y = 1990 + (2*`j')  // wave 5=2000, 16=2022
  3.     capture drop share_pri_res_`y' share_sec_res_`y' share_re_`y' share_vehicles_`y' share_bus_`y' share
> _ira_`y' share_stk_`y' share_chck_`y' share_cd_`y' share_bond_`y' share_other_`y'
  4.     capture drop share_m1_re_`y' share_m1_bus_`y' share_m1_stk_`y' share_m1_chck_`y' share_m1_cd_`y' sha
> re_m1_bond_`y'
  5.     capture drop share_m2_re_`y' share_m2_bus_`y' share_m2_ira_`y' share_m2_stk_`y' share_m2_chck_`y' sh
> are_m2_cd_`y' share_m2_bond_`y'
  6.     capture drop share_m3_pri_res_`y' share_m3_sec_res_`y' share_m3_re_`y' share_m3_vehicles_`y' share_m
> 3_bus_`y' share_m3_ira_`y' share_m3_stk_`y' share_m3_chck_`y' share_m3_cd_`y' share_m3_bond_`y' share_m3_ot
> her_`y' share_residential_`y' share_core_`y'
  7.     capture drop share_debt_long_`y' share_debt_other_`y'
  8.     capture drop base_m3_assets_`y' base_m3_n_`y' base_m2_assets_`y' base_m2_n_`y' base_m1_assets_`y' ba
> se_m1_n_`y'
  9.     capture drop gross_wealth_`y'
 10.     capture drop h`j'atoth_pos h`j'anethb_pos h`j'arles_pos h`j'atran_pos h`j'absns_pos h`j'aira_pos h`j
> 'astck_pos h`j'achck_pos h`j'acd_pos h`j'abond_pos h`j'aothr_pos
 11.     capture confirm variable h`j'atotb
 12.     if !_rc {
 13.         * Asset-base denominators (gross total assets, not net wealth)
.         * Use nonnegative components for gross assets and shares
.         gen double h`j'atoth_pos = cond(missing(h`j'atoth), ., max(h`j'atoth, 0))
 14.         gen double h`j'anethb_pos = cond(missing(h`j'anethb), ., max(h`j'anethb, 0))
 15.         gen double h`j'arles_pos = cond(missing(h`j'arles), ., max(h`j'arles, 0))
 16.         gen double h`j'atran_pos = cond(missing(h`j'atran), ., max(h`j'atran, 0))
 17.         gen double h`j'absns_pos = cond(missing(h`j'absns), ., max(h`j'absns, 0))
 18.         gen double h`j'aira_pos = cond(missing(h`j'aira), ., max(h`j'aira, 0))
 19.         gen double h`j'astck_pos = cond(missing(h`j'astck), ., max(h`j'astck, 0))
 20.         gen double h`j'achck_pos = cond(missing(h`j'achck), ., max(h`j'achck, 0))
 21.         gen double h`j'acd_pos = cond(missing(h`j'acd), ., max(h`j'acd, 0))
 22.         gen double h`j'abond_pos = cond(missing(h`j'abond), ., max(h`j'abond, 0))
 23.         gen double h`j'aothr_pos = cond(missing(h`j'aothr), ., max(h`j'aothr, 0))
 24. 
.         egen double base_m3_assets_`y' = rowtotal(h`j'atoth_pos h`j'anethb_pos h`j'arles_pos h`j'atran_pos 
> h`j'absns_pos h`j'aira_pos h`j'astck_pos h`j'achck_pos h`j'acd_pos h`j'abond_pos h`j'aothr_pos)
 25.         egen byte base_m3_n_`y' = rownonmiss(h`j'atoth_pos h`j'anethb_pos h`j'arles_pos h`j'atran_pos h`
> j'absns_pos h`j'aira_pos h`j'astck_pos h`j'achck_pos h`j'acd_pos h`j'abond_pos h`j'aothr_pos)
 26.         replace base_m3_assets_`y' = . if base_m3_n_`y' == 0
 27.         gen double gross_wealth_`y' = base_m3_assets_`y'
 28. 
.         egen double base_m2_assets_`y' = rowtotal(h`j'arles_pos h`j'absns_pos h`j'aira_pos h`j'astck_pos h`
> j'achck_pos h`j'acd_pos h`j'abond_pos)
 29.         egen byte base_m2_n_`y' = rownonmiss(h`j'arles_pos h`j'absns_pos h`j'aira_pos h`j'astck_pos h`j'
> achck_pos h`j'acd_pos h`j'abond_pos)
 30.         replace base_m2_assets_`y' = . if base_m2_n_`y' == 0
 31. 
.         egen double base_m1_assets_`y' = rowtotal(h`j'arles_pos h`j'absns_pos h`j'astck_pos h`j'abond_pos h
> `j'achck_pos h`j'acd_pos)
 32.         egen byte base_m1_n_`y' = rownonmiss(h`j'arles_pos h`j'absns_pos h`j'astck_pos h`j'abond_pos h`j
> 'achck_pos h`j'acd_pos)
 33.         replace base_m1_assets_`y' = . if base_m1_n_`y' == 0
 34. 
.         * m3 shares (gross total assets base)
.         gen double share_m3_pri_res_`y' = h`j'atoth_pos / base_m3_assets_`y' if !missing(h`j'atoth_pos) & !
> missing(base_m3_assets_`y') & base_m3_assets_`y' != 0
 35.         gen double share_m3_sec_res_`y' = h`j'anethb_pos / base_m3_assets_`y' if !missing(h`j'anethb_pos
> ) & !missing(base_m3_assets_`y') & base_m3_assets_`y' != 0
 36.         * Residential share = (primary + secondary res) / gross assets (same denominator as other m3 sha
> res)
.         gen double share_residential_`y' = (h`j'atoth_pos + h`j'anethb_pos) / base_m3_assets_`y' if !missin
> g(base_m3_assets_`y') & base_m3_assets_`y' != 0
 37.         * Core share = (bonds + stocks + real estate + business) / gross assets (same denominator)
.         gen double share_core_`y' = (h`j'abond_pos + h`j'astck_pos + h`j'arles_pos + h`j'absns_pos) / base_
> m3_assets_`y' if !missing(base_m3_assets_`y') & base_m3_assets_`y' != 0
 38.         gen double share_m3_re_`y' = h`j'arles_pos / base_m3_assets_`y' if !missing(h`j'arles_pos) & !mi
> ssing(base_m3_assets_`y') & base_m3_assets_`y' != 0
 39.         gen double share_m3_vehicles_`y' = h`j'atran_pos / base_m3_assets_`y' if !missing(h`j'atran_pos)
>  & !missing(base_m3_assets_`y') & base_m3_assets_`y' != 0
 40.         gen double share_m3_bus_`y' = h`j'absns_pos / base_m3_assets_`y' if !missing(h`j'absns_pos) & !m
> issing(base_m3_assets_`y') & base_m3_assets_`y' != 0
 41.         gen double share_m3_ira_`y' = h`j'aira_pos / base_m3_assets_`y' if !missing(h`j'aira_pos) & !mis
> sing(base_m3_assets_`y') & base_m3_assets_`y' != 0
 42.         gen double share_m3_stk_`y' = h`j'astck_pos / base_m3_assets_`y' if !missing(h`j'astck_pos) & !m
> issing(base_m3_assets_`y') & base_m3_assets_`y' != 0
 43.         gen double share_m3_chck_`y' = h`j'achck_pos / base_m3_assets_`y' if !missing(h`j'achck_pos) & !
> missing(base_m3_assets_`y') & base_m3_assets_`y' != 0
 44.         gen double share_m3_cd_`y' = h`j'acd_pos / base_m3_assets_`y' if !missing(h`j'acd_pos) & !missin
> g(base_m3_assets_`y') & base_m3_assets_`y' != 0
 45.         gen double share_m3_bond_`y' = h`j'abond_pos / base_m3_assets_`y' if !missing(h`j'abond_pos) & !
> missing(base_m3_assets_`y') & base_m3_assets_`y' != 0
 46.         gen double share_m3_other_`y' = h`j'aothr_pos / base_m3_assets_`y' if !missing(h`j'aothr_pos) & 
> !missing(base_m3_assets_`y') & base_m3_assets_`y' != 0
 47. 
.         * Debt shares (gross assets base)
.         gen double share_debt_long_`y' = ///
>             (cond(missing(h`j'amort), 0, max(h`j'amort, 0)) + cond(missing(h`j'ahmln), 0, max(h`j'ahmln, 0)
> )) ///
>             / base_m3_assets_`y' if !missing(base_m3_assets_`y') & base_m3_assets_`y' != 0
 48.         replace share_debt_long_`y' = . if missing(h`j'amort) & missing(h`j'ahmln)
 49.         gen double share_debt_other_`y' = max(h`j'adebt, 0) / base_m3_assets_`y' if !missing(h`j'adebt) 
> & !missing(base_m3_assets_`y') & base_m3_assets_`y' != 0
 50. 
.         * core+IRA shares (exclude residences; gross assets base)
.         gen double share_m2_re_`y' = h`j'arles_pos / base_m2_assets_`y' if !missing(h`j'arles_pos) & !missi
> ng(base_m2_assets_`y') & base_m2_assets_`y' != 0
 51.         gen double share_m2_bus_`y' = h`j'absns_pos / base_m2_assets_`y' if !missing(h`j'absns_pos) & !m
> issing(base_m2_assets_`y') & base_m2_assets_`y' != 0
 52.         gen double share_m2_ira_`y' = h`j'aira_pos / base_m2_assets_`y' if !missing(h`j'aira_pos) & !mis
> sing(base_m2_assets_`y') & base_m2_assets_`y' != 0
 53.         gen double share_m2_stk_`y' = h`j'astck_pos / base_m2_assets_`y' if !missing(h`j'astck_pos) & !m
> issing(base_m2_assets_`y') & base_m2_assets_`y' != 0
 54.         gen double share_m2_chck_`y' = h`j'achck_pos / base_m2_assets_`y' if !missing(h`j'achck_pos) & !
> missing(base_m2_assets_`y') & base_m2_assets_`y' != 0
 55.         gen double share_m2_cd_`y' = h`j'acd_pos / base_m2_assets_`y' if !missing(h`j'acd_pos) & !missin
> g(base_m2_assets_`y') & base_m2_assets_`y' != 0
 56.         gen double share_m2_bond_`y' = h`j'abond_pos / base_m2_assets_`y' if !missing(h`j'abond_pos) & !
> missing(base_m2_assets_`y') & base_m2_assets_`y' != 0
 57.         capture drop share_m2_other_`y'
 58. 
.         * core shares (exclude residences and IRA; gross assets base)
.         gen double share_m1_re_`y' = h`j'arles_pos / base_m1_assets_`y' if !missing(h`j'arles_pos) & !missi
> ng(base_m1_assets_`y') & base_m1_assets_`y' != 0
 59.         gen double share_m1_bus_`y' = h`j'absns_pos / base_m1_assets_`y' if !missing(h`j'absns_pos) & !m
> issing(base_m1_assets_`y') & base_m1_assets_`y' != 0
 60.         gen double share_m1_stk_`y' = h`j'astck_pos / base_m1_assets_`y' if !missing(h`j'astck_pos) & !m
> issing(base_m1_assets_`y') & base_m1_assets_`y' != 0
 61.         gen double share_m1_chck_`y' = h`j'achck_pos / base_m1_assets_`y' if !missing(h`j'achck_pos) & !
> missing(base_m1_assets_`y') & base_m1_assets_`y' != 0
 62.         gen double share_m1_cd_`y' = h`j'acd_pos / base_m1_assets_`y' if !missing(h`j'acd_pos) & !missin
> g(base_m1_assets_`y') & base_m1_assets_`y' != 0
 63.         gen double share_m1_bond_`y' = h`j'abond_pos / base_m1_assets_`y' if !missing(h`j'abond_pos) & !
> missing(base_m1_assets_`y') & base_m1_assets_`y' != 0
 64.         capture drop share_m1_other_`y'
 65. 
.         drop base_m3_assets_`y' base_m3_n_`y' base_m2_assets_`y' base_m2_n_`y' base_m1_assets_`y' base_m1_n
> _`y' ///
>             h`j'atoth_pos h`j'anethb_pos h`j'arles_pos h`j'atran_pos h`j'absns_pos h`j'aira_pos h`j'astck_p
> os h`j'achck_pos h`j'acd_pos h`j'abond_pos h`j'aothr_pos
 66.     }
 67. }
(25,656 missing values generated)
(25,656 missing values generated)
(25,656 missing values generated)
(25,656 missing values generated)
(25,656 missing values generated)
(25,656 missing values generated)
(25,656 missing values generated)
(25,657 missing values generated)
(25,656 missing values generated)
(25,656 missing values generated)
(25,656 missing values generated)
(25,656 real changes made, 25,656 to missing)
(25,656 missing values generated)
(25,656 real changes made, 25,656 to missing)
(25,656 real changes made, 25,656 to missing)
(26,488 missing values generated)
(26,488 missing values generated)
(26,488 missing values generated)
(26,488 missing values generated)
(26,488 missing values generated)
(26,488 missing values generated)
(26,488 missing values generated)
(26,488 missing values generated)
(26,488 missing values generated)
(26,489 missing values generated)
(26,488 missing values generated)
(26,488 missing values generated)
(26,488 missing values generated)
(26,488 missing values generated)
(0 real changes made)
(26,488 missing values generated)
(28,119 missing values generated)
(28,119 missing values generated)
(28,119 missing values generated)
(28,119 missing values generated)
(28,119 missing values generated)
(28,119 missing values generated)
(28,119 missing values generated)
(28,264 missing values generated)
(28,264 missing values generated)
(28,264 missing values generated)
(28,264 missing values generated)
(28,264 missing values generated)
(28,264 missing values generated)
(27,069 missing values generated)
(27,069 missing values generated)
(27,069 missing values generated)
(27,069 missing values generated)
(27,069 missing values generated)
(27,069 missing values generated)
(27,069 missing values generated)
(27,069 missing values generated)
(27,069 missing values generated)
(27,069 missing values generated)
(27,069 missing values generated)
(27,069 real changes made, 27,069 to missing)
(27,069 missing values generated)
(27,069 real changes made, 27,069 to missing)
(27,069 real changes made, 27,069 to missing)
(27,824 missing values generated)
(27,824 missing values generated)
(27,824 missing values generated)
(27,824 missing values generated)
(27,824 missing values generated)
(27,824 missing values generated)
(27,824 missing values generated)
(27,824 missing values generated)
(27,824 missing values generated)
(27,824 missing values generated)
(27,824 missing values generated)
(27,824 missing values generated)
(27,824 missing values generated)
(27,824 missing values generated)
(0 real changes made)
(27,824 missing values generated)
(29,211 missing values generated)
(29,211 missing values generated)
(29,211 missing values generated)
(29,211 missing values generated)
(29,211 missing values generated)
(29,211 missing values generated)
(29,211 missing values generated)
(29,312 missing values generated)
(29,312 missing values generated)
(29,312 missing values generated)
(29,312 missing values generated)
(29,312 missing values generated)
(29,312 missing values generated)
(25,105 missing values generated)
(25,105 missing values generated)
(25,105 missing values generated)
(25,105 missing values generated)
(25,105 missing values generated)
(25,105 missing values generated)
(25,105 missing values generated)
(25,113 missing values generated)
(25,105 missing values generated)
(25,105 missing values generated)
(25,105 missing values generated)
(25,105 real changes made, 25,105 to missing)
(25,105 missing values generated)
(25,105 real changes made, 25,105 to missing)
(25,105 real changes made, 25,105 to missing)
(26,004 missing values generated)
(26,004 missing values generated)
(26,004 missing values generated)
(26,004 missing values generated)
(26,004 missing values generated)
(26,004 missing values generated)
(26,004 missing values generated)
(26,004 missing values generated)
(26,004 missing values generated)
(26,010 missing values generated)
(26,004 missing values generated)
(26,004 missing values generated)
(26,004 missing values generated)
(26,004 missing values generated)
(0 real changes made)
(26,004 missing values generated)
(27,634 missing values generated)
(27,634 missing values generated)
(27,634 missing values generated)
(27,634 missing values generated)
(27,636 missing values generated)
(27,634 missing values generated)
(27,634 missing values generated)
(27,804 missing values generated)
(27,804 missing values generated)
(27,804 missing values generated)
(27,806 missing values generated)
(27,804 missing values generated)
(27,804 missing values generated)
(26,765 missing values generated)
(26,765 missing values generated)
(26,765 missing values generated)
(26,765 missing values generated)
(26,765 missing values generated)
(26,765 missing values generated)
(26,765 missing values generated)
(26,769 missing values generated)
(26,765 missing values generated)
(26,765 missing values generated)
(26,765 missing values generated)
(26,765 real changes made, 26,765 to missing)
(26,765 missing values generated)
(26,765 real changes made, 26,765 to missing)
(26,765 real changes made, 26,765 to missing)
(27,555 missing values generated)
(27,555 missing values generated)
(27,555 missing values generated)
(27,555 missing values generated)
(27,555 missing values generated)
(27,555 missing values generated)
(27,555 missing values generated)
(27,555 missing values generated)
(27,555 missing values generated)
(27,558 missing values generated)
(27,555 missing values generated)
(27,555 missing values generated)
(27,555 missing values generated)
(27,555 missing values generated)
(0 real changes made)
(27,555 missing values generated)
(28,989 missing values generated)
(28,989 missing values generated)
(28,989 missing values generated)
(28,989 missing values generated)
(28,989 missing values generated)
(28,989 missing values generated)
(28,989 missing values generated)
(29,131 missing values generated)
(29,131 missing values generated)
(29,131 missing values generated)
(29,131 missing values generated)
(29,131 missing values generated)
(29,131 missing values generated)
(28,017 missing values generated)
(28,017 missing values generated)
(28,017 missing values generated)
(28,017 missing values generated)
(28,017 missing values generated)
(28,017 missing values generated)
(28,017 missing values generated)
(28,017 missing values generated)
(28,017 missing values generated)
(28,017 missing values generated)
(28,017 missing values generated)
(28,017 real changes made, 28,017 to missing)
(28,017 missing values generated)
(28,017 real changes made, 28,017 to missing)
(28,017 real changes made, 28,017 to missing)
(28,778 missing values generated)
(28,778 missing values generated)
(28,778 missing values generated)
(28,778 missing values generated)
(28,778 missing values generated)
(28,778 missing values generated)
(28,778 missing values generated)
(28,778 missing values generated)
(28,778 missing values generated)
(28,778 missing values generated)
(28,778 missing values generated)
(28,778 missing values generated)
(28,778 missing values generated)
(28,778 missing values generated)
(0 real changes made)
(28,778 missing values generated)
(30,219 missing values generated)
(30,219 missing values generated)
(30,219 missing values generated)
(30,219 missing values generated)
(30,219 missing values generated)
(30,219 missing values generated)
(30,219 missing values generated)
(30,364 missing values generated)
(30,364 missing values generated)
(30,364 missing values generated)
(30,364 missing values generated)
(30,364 missing values generated)
(30,364 missing values generated)
(23,200 missing values generated)
(23,200 missing values generated)
(23,200 missing values generated)
(23,200 missing values generated)
(23,200 missing values generated)
(23,201 missing values generated)
(23,200 missing values generated)
(23,206 missing values generated)
(23,200 missing values generated)
(23,200 missing values generated)
(23,200 missing values generated)
(23,200 real changes made, 23,200 to missing)
(23,200 missing values generated)
(23,200 real changes made, 23,200 to missing)
(23,200 real changes made, 23,200 to missing)
(24,722 missing values generated)
(24,722 missing values generated)
(24,722 missing values generated)
(24,722 missing values generated)
(24,722 missing values generated)
(24,722 missing values generated)
(24,722 missing values generated)
(24,723 missing values generated)
(24,722 missing values generated)
(24,727 missing values generated)
(24,722 missing values generated)
(24,722 missing values generated)
(24,722 missing values generated)
(24,722 missing values generated)
(0 real changes made)
(24,722 missing values generated)
(27,510 missing values generated)
(27,510 missing values generated)
(27,511 missing values generated)
(27,510 missing values generated)
(27,510 missing values generated)
(27,510 missing values generated)
(27,510 missing values generated)
(27,758 missing values generated)
(27,758 missing values generated)
(27,758 missing values generated)
(27,758 missing values generated)
(27,758 missing values generated)
(27,758 missing values generated)
(24,681 missing values generated)
(24,680 missing values generated)
(24,680 missing values generated)
(24,680 missing values generated)
(24,680 missing values generated)
(24,680 missing values generated)
(24,680 missing values generated)
(24,682 missing values generated)
(24,680 missing values generated)
(24,680 missing values generated)
(24,680 missing values generated)
(24,680 real changes made, 24,680 to missing)
(24,680 missing values generated)
(24,680 real changes made, 24,680 to missing)
(24,680 real changes made, 24,680 to missing)
(26,132 missing values generated)
(26,131 missing values generated)
(26,132 missing values generated)
(26,131 missing values generated)
(26,131 missing values generated)
(26,131 missing values generated)
(26,131 missing values generated)
(26,131 missing values generated)
(26,131 missing values generated)
(26,133 missing values generated)
(26,131 missing values generated)
(26,131 missing values generated)
(26,131 missing values generated)
(26,131 missing values generated)
(0 real changes made)
(26,131 missing values generated)
(28,991 missing values generated)
(28,991 missing values generated)
(28,991 missing values generated)
(28,991 missing values generated)
(28,991 missing values generated)
(28,991 missing values generated)
(28,991 missing values generated)
(29,250 missing values generated)
(29,250 missing values generated)
(29,250 missing values generated)
(29,250 missing values generated)
(29,250 missing values generated)
(29,250 missing values generated)
(26,487 missing values generated)
(26,488 missing values generated)
(26,487 missing values generated)
(26,487 missing values generated)
(26,487 missing values generated)
(26,488 missing values generated)
(26,487 missing values generated)
(26,488 missing values generated)
(26,487 missing values generated)
(26,487 missing values generated)
(26,487 missing values generated)
(26,487 real changes made, 26,487 to missing)
(26,487 missing values generated)
(26,487 real changes made, 26,487 to missing)
(26,487 real changes made, 26,487 to missing)
(27,791 missing values generated)
(27,792 missing values generated)
(27,792 missing values generated)
(27,791 missing values generated)
(27,791 missing values generated)
(27,791 missing values generated)
(27,791 missing values generated)
(27,792 missing values generated)
(27,791 missing values generated)
(27,792 missing values generated)
(27,791 missing values generated)
(27,791 missing values generated)
(27,791 missing values generated)
(27,791 missing values generated)
(0 real changes made)
(27,791 missing values generated)
(30,397 missing values generated)
(30,397 missing values generated)
(30,398 missing values generated)
(30,397 missing values generated)
(30,397 missing values generated)
(30,397 missing values generated)
(30,397 missing values generated)
(30,603 missing values generated)
(30,603 missing values generated)
(30,603 missing values generated)
(30,603 missing values generated)
(30,603 missing values generated)
(30,603 missing values generated)
(24,322 missing values generated)
(24,322 missing values generated)
(24,322 missing values generated)
(24,322 missing values generated)
(24,322 missing values generated)
(24,322 missing values generated)
(24,322 missing values generated)
(24,326 missing values generated)
(24,322 missing values generated)
(24,322 missing values generated)
(24,322 missing values generated)
(24,322 real changes made, 24,322 to missing)
(24,322 missing values generated)
(24,322 real changes made, 24,322 to missing)
(24,322 real changes made, 24,322 to missing)
(26,130 missing values generated)
(26,130 missing values generated)
(26,130 missing values generated)
(26,130 missing values generated)
(26,130 missing values generated)
(26,130 missing values generated)
(26,130 missing values generated)
(26,130 missing values generated)
(26,130 missing values generated)
(26,134 missing values generated)
(26,130 missing values generated)
(26,130 missing values generated)
(26,130 missing values generated)
(26,130 missing values generated)
(0 real changes made)
(26,132 missing values generated)
(29,401 missing values generated)
(29,401 missing values generated)
(29,401 missing values generated)
(29,401 missing values generated)
(29,403 missing values generated)
(29,401 missing values generated)
(29,401 missing values generated)
(29,675 missing values generated)
(29,675 missing values generated)
(29,675 missing values generated)
(29,675 missing values generated)
(29,675 missing values generated)
(29,675 missing values generated)
(28,088 missing values generated)
(28,088 missing values generated)
(28,088 missing values generated)
(28,088 missing values generated)
(28,088 missing values generated)
(28,088 missing values generated)
(28,088 missing values generated)
(28,091 missing values generated)
(28,088 missing values generated)
(28,088 missing values generated)
(28,088 missing values generated)
(28,088 real changes made, 28,088 to missing)
(28,088 missing values generated)
(28,088 real changes made, 28,088 to missing)
(28,088 real changes made, 28,088 to missing)
(29,598 missing values generated)
(29,598 missing values generated)
(29,598 missing values generated)
(29,598 missing values generated)
(29,598 missing values generated)
(29,598 missing values generated)
(29,598 missing values generated)
(29,598 missing values generated)
(29,598 missing values generated)
(29,601 missing values generated)
(29,598 missing values generated)
(29,598 missing values generated)
(29,598 missing values generated)
(29,598 missing values generated)
(0 real changes made)
(29,599 missing values generated)
(32,389 missing values generated)
(32,389 missing values generated)
(32,389 missing values generated)
(32,389 missing values generated)
(32,389 missing values generated)
(32,389 missing values generated)
(32,389 missing values generated)
(32,683 missing values generated)
(32,683 missing values generated)
(32,683 missing values generated)
(32,683 missing values generated)
(32,683 missing values generated)
(32,683 missing values generated)
(29,511 missing values generated)
(29,511 missing values generated)
(29,511 missing values generated)
(29,511 missing values generated)
(29,511 missing values generated)
(29,511 missing values generated)
(29,511 missing values generated)
(29,512 missing values generated)
(29,511 missing values generated)
(29,511 missing values generated)
(29,511 missing values generated)
(29,511 real changes made, 29,511 to missing)
(29,511 missing values generated)
(29,511 real changes made, 29,511 to missing)
(29,511 real changes made, 29,511 to missing)
(30,840 missing values generated)
(30,840 missing values generated)
(30,840 missing values generated)
(30,840 missing values generated)
(30,840 missing values generated)
(30,840 missing values generated)
(30,840 missing values generated)
(30,840 missing values generated)
(30,840 missing values generated)
(30,840 missing values generated)
(30,840 missing values generated)
(30,840 missing values generated)
(30,840 missing values generated)
(30,840 missing values generated)
(0 real changes made)
(30,840 missing values generated)
(33,316 missing values generated)
(33,316 missing values generated)
(33,316 missing values generated)
(33,316 missing values generated)
(33,316 missing values generated)
(33,316 missing values generated)
(33,316 missing values generated)
(33,607 missing values generated)
(33,607 missing values generated)
(33,607 missing values generated)
(33,607 missing values generated)
(33,607 missing values generated)
(33,607 missing values generated)
(29,378 missing values generated)
(29,378 missing values generated)
(29,378 missing values generated)
(29,378 missing values generated)
(29,378 missing values generated)
(29,378 missing values generated)
(29,378 missing values generated)
(29,384 missing values generated)
(29,378 missing values generated)
(29,378 missing values generated)
(29,378 missing values generated)
(29,378 real changes made, 29,378 to missing)
(29,378 missing values generated)
(29,378 real changes made, 29,378 to missing)
(29,378 real changes made, 29,378 to missing)
(30,767 missing values generated)
(30,767 missing values generated)
(30,767 missing values generated)
(30,767 missing values generated)
(30,767 missing values generated)
(30,767 missing values generated)
(30,767 missing values generated)
(30,767 missing values generated)
(30,767 missing values generated)
(30,771 missing values generated)
(30,767 missing values generated)
(30,767 missing values generated)
(30,767 missing values generated)
(30,767 missing values generated)
(0 real changes made)
(30,769 missing values generated)
(33,273 missing values generated)
(33,273 missing values generated)
(33,273 missing values generated)
(33,273 missing values generated)
(33,273 missing values generated)
(33,273 missing values generated)
(33,273 missing values generated)
(33,547 missing values generated)
(33,547 missing values generated)
(33,547 missing values generated)
(33,547 missing values generated)
(33,547 missing values generated)
(33,547 missing values generated)

. 
. * Reduce dataset to relevant variables
. capture unab _retvars : r1_annual_* r2_annual_* r3_annual_* r4_annual_* r5_annual_* r1_annual_avg r2_annual
> _avg r3_annual_avg r4_annual_avg r5_annual_avg

. capture unab _wealthvars : wealth_total_* gross_wealth_* wealth_decile_* wealth_d*_* wealth_core_* wealth_i
> ra_* wealth_coreira_* wealth_res_*

. capture unab _sharevars : share_m1_* share_m2_* share_m3_* share_residential_* share_core_* share_debt_*

. capture unab _incvars : labor_income_* total_income_*

. capture unab _ctrlvars : age_* inlbrf_* married_* region_* hometown_size_* townsize_trust_* pop_trust_* reg
> ional_trust_* region_pop_group_* ///
>     population_3bin_2020 pop3_trust_* townsize3_trust_* region_pop3_group_*

. local keepvars hhidpn gender educ_yrs immigrant born_us race_eth ///
>     trust_others_2020 trust_social_security_2020 trust_medicare_2020 trust_banks_2020 ///
>     trust_advisors_2020 trust_mutual_funds_2020 trust_insurance_2020 trust_media_2020 ///
>     interest_2020 inflation_2020 risk_div_2020 par_citizen_2020 par_loyalty_2020 population_2020 population
> _3bin_2020 ///
>     depression_2020 health_cond_2020 medicare_2020 medicaid_2020 life_ins_2020 beq_any_2020 ///
>     num_divorce_2020 num_widow_2020 ///
>     `_ctrlvars' `_retvars' `_wealthvars' `_sharevars' `_incvars'

. keep `keepvars'

. 
. save "${PROCESSED}/analysis_ready.dta", replace
file /Volumes/SSD PRO/Github-forks/Chp2-TrustandReturns/Code/Processing/analysis_ready.dta saved

. display "03_prep_controls: Saved ${PROCESSED}/analysis_ready.dta (N = " _N ")"
03_prep_controls: Saved /Volumes/SSD PRO/Github-forks/Chp2-TrustandReturns/Code/Processing/analysis_ready.dta
>  (N = 45234)

. log close
      name:  <unnamed>
       log:  /Volumes/SSD PRO/Github-forks/Chp2-TrustandReturns/Notes/Logs/03_prep_controls.log
  log type:  text
 closed on:   8 Feb 2026, 09:01:08
-------------------------------------------------------------------------------------------------------------
