-------------------------------------------------------------------------------
      name:  <unnamed>
       log:  /Volumes/SSD PRO/Github-forks/Chp2-TrustandReturns/Notes/Logs/20_f
> inlit_extension.log
  log type:  text
 opened on:  23 Feb 2026, 10:53:43

. 
. capture which esttab

. if _rc ssc install estout, replace

. 
. * ----------------------------------------------------------------------
. * Create financial literacy variables
. * ----------------------------------------------------------------------
. use "${PROCESSED}/analysis_ready_processed.dta", clear

. 
. capture confirm variable rv565_2020

. if _rc {
.     gen byte _q1 = interest_2020
(43,932 missing values generated)
.     gen byte _q2 = inflation_2020
(43,961 missing values generated)
.     gen byte _q3 = risk_div_2020
(44,162 missing values generated)
. }

. else {
.     gen byte _q1 = rv565_2020
.     gen byte _q2 = rv566_2020
.     gen byte _q3 = rv567_2020
. }

. 
. foreach v in _q1 _q2 _q3 {
  2.     replace `v' = . if inlist(`v', 8, 9, -8)
  3. }
(0 real changes made)
(0 real changes made)
(0 real changes made)

. 
. capture drop finlit_q1 finlit_q2 finlit_q3 finlit_score

. gen byte finlit_q1 = (_q1 == 3) if !missing(_q1)
(43,932 missing values generated)

. gen byte finlit_q2 = (_q2 == 3) if !missing(_q2)
(43,961 missing values generated)

. gen byte finlit_q3 = (_q3 == 5) if !missing(_q3)
(44,162 missing values generated)

. egen byte finlit_score = rowtotal(finlit_q1 finlit_q2 finlit_q3), missing
(43,909 missing values generated)

. replace finlit_score = . if missing(finlit_q1) | missing(finlit_q2) | missing
> (finlit_q3)
(286 real changes made, 286 to missing)

. drop _q1 _q2 _q3

. 
. capture confirm variable age_bin

. if _rc {
.     capture confirm variable age_2020
.     if !_rc gen int age_bin = floor(age_2020/5)*5
(29,511 missing values generated)
. }

. 
. * ----------------------------------------------------------------------
. * Descriptive tables — export to FinLit/Tables/
. * Labels: match income tables (06) and trust tables (08)
. * ----------------------------------------------------------------------
. local FINLIT_TAB "${REGRESSIONS}/FinLit/Tables"

. 
. label define gender_lbl 1 "Male" 2 "Female", replace

. label define race_eth_lbl 1 "White (NH)" 2 "Black (NH)" 3 "Hispanic" 4 "Other
>  (NH)", replace

. label define educ_group_lbl 1 "no hs" 2 "hs" 3 "some college" 4 "4yr degree" 
> 5 "grad", replace

. label values gender gender_lbl

. capture confirm variable race_eth

. if !_rc label values race_eth race_eth_lbl

. 
. * Frequency
. preserve

. keep if !missing(finlit_score)
(44,195 observations deleted)

. contract finlit_score, freq(n)

. quietly egen _tot = total(n)

. file open fh using "`FINLIT_TAB'/finlit_freq.tex", write replace

. file write fh "\begin{table}[htbp]\centering\small" _n "\caption{Financial li
> teracy: Literacy score (0--3) frequency}" _n "\label{tab:finlit_freq}" _n "\b
> egin{tabular}{lrr}\toprule" _n "Literacy score & N & Pct \\\\ \midrule" _n

. forvalues r = 1/`=_N' {
  2.     local sc = string(finlit_score[`r'], "%9.0f")
  3.     local n_s = string(n[`r'], "%9.0f")
  4.     local pct = string(100*n[`r']/_tot[1], "%5.1f")
  5.     file write fh "`sc' & `n_s' & `pct' \\\\" _n
  6. }

. file write fh "\bottomrule" _n "\end{tabular}\end{table}" _n

. file close fh

. restore

. 
. * Q2 (inflation) summary — proportion correct
. quietly summarize finlit_q2 if !missing(finlit_q2), detail

. file open fh using "`FINLIT_TAB'/finlit_q2_summary.tex", write replace

. file write fh "\begin{table}[htbp]\centering\small" _n "\caption{Financial li
> teracy: Inflation question summary}" _n "\label{tab:finlit_q2_summary}" _n "\
> begin{tabular}{lrr}\toprule" _n "Variable & N & Mean (prop. correct) \\\\ \mi
> drule" _n

. local n_s = string(r(N), "%9.0f")

. local m_s = string(r(mean), "%9.2f")

. file write fh "Inflation & `n_s' & `m_s' \\\\" _n

. file write fh "\bottomrule" _n "\end{tabular}\end{table}" _n

. file close fh

. 
. * Q2 by gender
. preserve

. collapse (mean) m=finlit_q2 (sd) s=finlit_q2 (count) n=finlit_q2, by(gender)

. drop if n < 2
(0 observations deleted)

. decode gender, gen(gender_label)

. file open fh using "`FINLIT_TAB'/finlit_q2_by_gender.tex", write replace

. file write fh "\begin{table}[htbp]\centering\small" _n "\caption{Financial li
> teracy: Inflation by gender}" _n "\label{tab:finlit_q2_by_gender}" _n "\begin
> {tabular}{lrr}\toprule" _n "Gender & N & Mean \\\\ \midrule" _n

. forvalues r = 1/`=_N' {
  2.     local glab = gender_label[`r']
  3.     local n_s = string(n[`r'], "%9.0f")
  4.     local m_s = string(m[`r'], "%5.2f")
  5.     file write fh "`glab' & `n_s' & `m_s' \\\\" _n
  6. }

. file write fh "\bottomrule" _n "\end{tabular}\end{table}" _n

. file close fh

. restore

. 
. * Q2 by race_eth
. capture confirm variable race_eth

. if !_rc {
.     preserve
.     collapse (mean) m=finlit_q2 (sd) s=finlit_q2 (count) n=finlit_q2, by(race
> _eth)
.     drop if n < 2
(1 observation deleted)
.     decode race_eth, gen(race_label)
.     file open fh using "`FINLIT_TAB'/finlit_q2_by_race_eth.tex", write replac
> e
.     file write fh "\begin{table}[htbp]\centering\small" _n "\caption{Financia
> l literacy: Inflation by race/ethnicity}" _n "\label{tab:finlit_q2_by_race_et
> h}" _n "\begin{tabular}{lrr}\toprule" _n "Race/ethnicity & N & Mean \\\\ \mid
> rule" _n
.     forvalues r = 1/`=_N' {
  2.         local rlab = race_label[`r']
  3.         local n_s = string(n[`r'], "%9.0f")
  4.         local m_s = string(m[`r'], "%5.2f")
  5.         file write fh "`rlab' & `n_s' & `m_s' \\\\" _n
  6.     }
.     file write fh "\bottomrule" _n "\end{tabular}\end{table}" _n
.     file close fh
.     restore
. }

. 
. * Q2 by age bin (5-yr bins, e.g., 50 = 50--54)
. preserve

. collapse (mean) m=finlit_q2 (sd) s=finlit_q2 (count) n=finlit_q2, by(age_bin)

. drop if missing(age_bin) | n < 2
(6 observations deleted)

. gen str age_label = string(age_bin, "%9.0f") + "--" + string(age_bin+4, "%9.0
> f")

. file open fh using "`FINLIT_TAB'/finlit_q2_by_age.tex", write replace

. file write fh "\begin{table}[htbp]\centering\small" _n "\caption{Financial li
> teracy: Inflation by age}" _n "\label{tab:finlit_q2_by_age}" _n "\begin{tabul
> ar}{lrr}\toprule" _n "Age & N & Mean \\\\ \midrule" _n

. forvalues r = 1/`=_N' {
  2.     local alab = age_label[`r']
  3.     local n_s = string(n[`r'], "%9.0f")
  4.     local m_s = string(m[`r'], "%5.2f")
  5.     file write fh "`alab' & `n_s' & `m_s' \\\\" _n
  6. }

. file write fh "\bottomrule" _n "\end{tabular}\end{table}" _n

. file close fh

. restore

. 
. * Q2 by education group (match income: no hs, hs, some college, 4yr degree, g
> rad)
. capture confirm variable educ_yrs

. if !_rc {
.     preserve
.     gen byte educ_group = .
(45,234 missing values generated)
.     replace educ_group = 1 if educ_yrs < 12
(12,070 real changes made)
.     replace educ_group = 2 if educ_yrs == 12
(13,611 real changes made)
.     replace educ_group = 3 if inrange(educ_yrs, 13, 15)
(9,674 real changes made)
.     replace educ_group = 4 if educ_yrs == 16
(4,968 real changes made)
.     replace educ_group = 5 if educ_yrs >= 17 & !missing(educ_yrs)
(4,262 real changes made)
.     label values educ_group educ_group_lbl
.     collapse (mean) m=finlit_q2 (sd) s=finlit_q2 (count) n=finlit_q2, by(educ
> _group)
.     drop if missing(educ_group) | n < 2
(1 observation deleted)
.     decode educ_group, gen(educ_label)
.     file open fh using "`FINLIT_TAB'/finlit_q2_by_educ.tex", write replace
.     file write fh "\begin{table}[htbp]\centering\small" _n "\caption{Financia
> l literacy: Inflation by education}" _n "\label{tab:finlit_q2_by_educ}" _n "\
> begin{tabular}{lrr}\toprule" _n "Education & N & Mean \\\\ \midrule" _n
.     forvalues r = 1/`=_N' {
  2.         local elab = educ_label[`r']
  3.         local n_s = string(n[`r'], "%9.0f")
  4.         local m_s = string(m[`r'], "%5.2f")
  5.         file write fh "`elab' & `n_s' & `m_s' \\\\" _n
  6.     }
.     file write fh "\bottomrule" _n "\end{tabular}\end{table}" _n
.     file close fh
.     restore
. }

. 
. * Score (0-3) by gender
. preserve

. collapse (mean) m=finlit_score (sd) s=finlit_score (count) n=finlit_score, by
> (gender)

. drop if n < 2
(0 observations deleted)

. decode gender, gen(gender_label)

. file open fh using "`FINLIT_TAB'/finlit_score_by_gender.tex", write replace

. file write fh "\begin{table}[htbp]\centering\small" _n "\caption{Financial li
> teracy: Literacy score by gender}" _n "\label{tab:finlit_score_by_gender}" _n
>  "\begin{tabular}{lrr}\toprule" _n "Gender & N & Mean \\\\ \midrule" _n

. forvalues r = 1/`=_N' {
  2.     local glab = gender_label[`r']
  3.     local n_s = string(n[`r'], "%9.0f")
  4.     local m_s = string(m[`r'], "%5.2f")
  5.     file write fh "`glab' & `n_s' & `m_s' \\\\" _n
  6. }

. file write fh "\bottomrule" _n "\end{tabular}\end{table}" _n

. file close fh

. restore

. 
. * Score by race_eth
. capture confirm variable race_eth

. if !_rc {
.     preserve
.     collapse (mean) m=finlit_score (sd) s=finlit_score (count) n=finlit_score
> , by(race_eth)
.     drop if n < 2
(1 observation deleted)
.     decode race_eth, gen(race_label)
.     file open fh using "`FINLIT_TAB'/finlit_score_by_race_eth.tex", write rep
> lace
.     file write fh "\begin{table}[htbp]\centering\small" _n "\caption{Financia
> l literacy: Literacy score by race/ethnicity}" _n "\label{tab:finlit_score_by
> _race_eth}" _n "\begin{tabular}{lrr}\toprule" _n "Race/ethnicity & N & Mean \
> \\\ \midrule" _n
.     forvalues r = 1/`=_N' {
  2.         local rlab = race_label[`r']
  3.         local n_s = string(n[`r'], "%9.0f")
  4.         local m_s = string(m[`r'], "%5.2f")
  5.         file write fh "`rlab' & `n_s' & `m_s' \\\\" _n
  6.     }
.     file write fh "\bottomrule" _n "\end{tabular}\end{table}" _n
.     file close fh
.     restore
. }

. 
. * Score by age bin (5-yr bins)
. preserve

. collapse (mean) m=finlit_score (sd) s=finlit_score (count) n=finlit_score, by
> (age_bin)

. drop if missing(age_bin) | n < 2
(6 observations deleted)

. gen str age_label = string(age_bin, "%9.0f") + "--" + string(age_bin+4, "%9.0
> f")

. file open fh using "`FINLIT_TAB'/finlit_score_by_age.tex", write replace

. file write fh "\begin{table}[htbp]\centering\small" _n "\caption{Financial li
> teracy: Literacy score by age}" _n "\label{tab:finlit_score_by_age}" _n "\beg
> in{tabular}{lrr}\toprule" _n "Age & N & Mean \\\\ \midrule" _n

. forvalues r = 1/`=_N' {
  2.     local alab = age_label[`r']
  3.     local n_s = string(n[`r'], "%9.0f")
  4.     local m_s = string(m[`r'], "%5.2f")
  5.     file write fh "`alab' & `n_s' & `m_s' \\\\" _n
  6. }

. file write fh "\bottomrule" _n "\end{tabular}\end{table}" _n

. file close fh

. restore

. 
. * Score by education group (match income)
. capture confirm variable educ_yrs

. if !_rc {
.     preserve
.     gen byte educ_group = .
(45,234 missing values generated)
.     replace educ_group = 1 if educ_yrs < 12
(12,070 real changes made)
.     replace educ_group = 2 if educ_yrs == 12
(13,611 real changes made)
.     replace educ_group = 3 if inrange(educ_yrs, 13, 15)
(9,674 real changes made)
.     replace educ_group = 4 if educ_yrs == 16
(4,968 real changes made)
.     replace educ_group = 5 if educ_yrs >= 17 & !missing(educ_yrs)
(4,262 real changes made)
.     label values educ_group educ_group_lbl
.     collapse (mean) m=finlit_score (sd) s=finlit_score (count) n=finlit_score
> , by(educ_group)
.     drop if missing(educ_group) | n < 2
(1 observation deleted)
.     decode educ_group, gen(educ_label)
.     file open fh using "`FINLIT_TAB'/finlit_score_by_educ.tex", write replace
.     file write fh "\begin{table}[htbp]\centering\small" _n "\caption{Financia
> l literacy: Literacy score by education}" _n "\label{tab:finlit_score_by_educ
> }" _n "\begin{tabular}{lrr}\toprule" _n "Education & N & Mean \\\\ \midrule" 
> _n
.     forvalues r = 1/`=_N' {
  2.         local elab = educ_label[`r']
  3.         local n_s = string(n[`r'], "%9.0f")
  4.         local m_s = string(m[`r'], "%5.2f")
  5.         file write fh "`elab' & `n_s' & `m_s' \\\\" _n
  6.     }
.     file write fh "\bottomrule" _n "\end{tabular}\end{table}" _n
.     file close fh
.     restore
. }

. 
. display "Descriptive tables saved to `FINLIT_TAB'"
Descriptive tables saved to /Volumes/SSD PRO/Github-forks/Chp2-TrustandReturns/
> Code/Regressions/FinLit/Tables

. 
. * ----------------------------------------------------------------------
. * Regression tables — 5 specs, 4 cols each
. * ----------------------------------------------------------------------
. capture confirm variable r5_annual_w5_2022

. if _rc {
.     display as error "r5_annual_w5_2022 not found. Run 02->03->04->05."
.     log close
.     exit 198
. }

. 
. capture confirm variable trust_others_2020

. if _rc {
.     display as error "trust_others_2020 not found."
.     log close
.     exit 198
. }

. 
. local ctrl_r5 "i.age_bin i.gender educ_yrs inlbrf_2020 married_2020 born_us i
> .race_eth"

. forvalues d = 2/10 {
  2.     capture confirm variable wealth_d`d'_2020
  3.     if !_rc local ctrl_r5 "`ctrl_r5' wealth_d`d'_2020"
  4. }

. 
. local trust_spec "c.trust_others_2020 c.trust_others_2020#c.trust_others_2020
> "

. * Keep only main coefficients (age bins, wealth deciles omitted from table)
. local keep_cs "finlit_q1 finlit_q2 finlit_q3 finlit_score trust_others_2020 c
> .trust_others_2020#c.trust_others_2020 educ_yrs 2.gender 2.race_eth 3.race_et
> h 4.race_eth inlbrf_2020 married_2020 born_us _cons"

. 
. * Cross section
. gen byte _samp = !missing(r5_annual_w5_2022) & !missing(finlit_q1) & !missing
> (finlit_q2) & !missing(finlit_q3) & !missing(finlit_score) & !missing(trust_o
> thers_2020)

. 
. eststo clear

. eststo m1: quietly regress r5_annual_w5_2022 `ctrl_r5' finlit_q1 finlit_q2 fi
> nlit_q3 if _samp, vce(robust)

. estadd scalar p_joint_trust = . : m1

. 
. eststo m2: quietly regress r5_annual_w5_2022 `ctrl_r5' finlit_score if _samp,
>  vce(robust)

. estadd scalar p_joint_trust = . : m2

. 
. eststo m3: quietly regress r5_annual_w5_2022 `ctrl_r5' finlit_q1 finlit_q2 fi
> nlit_q3 `trust_spec' if _samp, vce(robust)

. quietly testparm c.trust_others_2020 c.trust_others_2020#c.trust_others_2020

. estadd scalar p_joint_trust = r(p) : m3

. 
. eststo m4: quietly regress r5_annual_w5_2022 `ctrl_r5' finlit_score `trust_sp
> ec' if _samp, vce(robust)

. quietly testparm c.trust_others_2020 c.trust_others_2020#c.trust_others_2020

. estadd scalar p_joint_trust = r(p) : m4

. 
. esttab m1 m2 m3 m4 using "`FINLIT_TAB'/finlit_r5_cross_section.tex", replace 
> ///
>     booktabs mtitles("(1)" "(2)" "(3)" "(4)") ///
>     se star(* 0.10 ** 0.05 *** 0.01) b(2) se(2) label ///
>     keep(`keep_cs') ///
>     varlabels(finlit_q1 "Interest" finlit_q2 "Inflation" finlit_q3 "Risk div"
>  finlit_score "Literacy score" ///
>         trust_others_2020 "General trust" c.trust_others_2020#c.trust_others_
> 2020 "(General trust)\$^2\$" ///
>         2.gender "Female" 2.race_eth "NH Black" 3.race_eth "Hispanic" 4.race_
> eth "NH Other" educ_yrs "Years education" inlbrf_2020 "In labor force" marrie
> d_2020 "Married" born_us "Born in U.S.") ///
>     stats(N r2_a p_joint_trust, labels("Observations" "Adj. R-squared" "Joint
>  test: Trust p-value")) ///
>     title("Cross section: r5 returns (${LATEX_PCT} wins) on financial literac
> y and trust") ///
>     addnotes("Robust SE. Age bins (5-yr) and wealth deciles" "omitted from ta
> ble but included in regressions.") ///
>     alignment(${LATEX_ALIGN}) width(0.85\hsize) nonumbers
(output written to /Volumes/SSD PRO/Github-forks/Chp2-TrustandReturns/Code/Regr
> essions/FinLit/Tables/finlit_r5_cross_section.tex)

. 
. * Insert \label
. tempfile tmpf

. file open fh using "`FINLIT_TAB'/finlit_r5_cross_section.tex", read text

. file open fout using "`tmpf'", write text replace
(file /var/folders/17/1rg0y2kj74l9p9g301vbhhkw0000gn/T//S_84306.00000d not
    found)

. local lab_ins 0

. file read fh line

. while r(eof) == 0 {
  2.     file write fout "`line'" _n
  3.     if `lab_ins' == 0 & regexm(`"`line'"', "\\caption") {
  4.         file write fout "\label{tab:finlit_r5_cross_section}" _n
  5.         local lab_ins 1
  6.     }
  7.     file read fh line
  8. }

. file close fh

. file close fout

. copy "`tmpf'" "`FINLIT_TAB'/finlit_r5_cross_section.tex", replace

. 
. drop _samp

. 
. * Average
. gen byte _samp = !missing(r5_annual_avg_w5) & !missing(finlit_q1) & !missing(
> finlit_q2) & !missing(finlit_q3) & !missing(finlit_score) & !missing(trust_ot
> hers_2020)

. 
. eststo clear

. eststo m1: quietly regress r5_annual_avg_w5 `ctrl_r5' finlit_q1 finlit_q2 fin
> lit_q3 if _samp, vce(robust)

. estadd scalar p_joint_trust = . : m1

. eststo m2: quietly regress r5_annual_avg_w5 `ctrl_r5' finlit_score if _samp, 
> vce(robust)

. estadd scalar p_joint_trust = . : m2

. eststo m3: quietly regress r5_annual_avg_w5 `ctrl_r5' finlit_q1 finlit_q2 fin
> lit_q3 `trust_spec' if _samp, vce(robust)

. quietly testparm c.trust_others_2020 c.trust_others_2020#c.trust_others_2020

. estadd scalar p_joint_trust = r(p) : m3

. eststo m4: quietly regress r5_annual_avg_w5 `ctrl_r5' finlit_score `trust_spe
> c' if _samp, vce(robust)

. quietly testparm c.trust_others_2020 c.trust_others_2020#c.trust_others_2020

. estadd scalar p_joint_trust = r(p) : m4

. 
. esttab m1 m2 m3 m4 using "`FINLIT_TAB'/finlit_r5_average.tex", replace ///
>     booktabs mtitles("(1)" "(2)" "(3)" "(4)") ///
>     se star(* 0.10 ** 0.05 *** 0.01) b(2) se(2) label ///
>     keep(`keep_cs') ///
>     varlabels(finlit_q1 "Interest" finlit_q2 "Inflation" finlit_q3 "Risk div"
>  finlit_score "Literacy score" ///
>         trust_others_2020 "General trust" c.trust_others_2020#c.trust_others_
> 2020 "(General trust)\$^2\$" ///
>         2.gender "Female" 2.race_eth "NH Black" 3.race_eth "Hispanic" 4.race_
> eth "NH Other" educ_yrs "Years education" inlbrf_2020 "In labor force" marrie
> d_2020 "Married" born_us "Born in U.S.") ///
>     stats(N r2_a p_joint_trust, labels("Observations" "Adj. R-squared" "Joint
>  test: Trust p-value")) ///
>     title("Average r5 returns (${LATEX_PCT} wins) on financial literacy and t
> rust") ///
>     addnotes("Robust SE. Age bins (5-yr) and wealth deciles" "omitted from ta
> ble but included in regressions.") ///
>     alignment(${LATEX_ALIGN}) width(0.85\hsize) nonumbers
(output written to /Volumes/SSD PRO/Github-forks/Chp2-TrustandReturns/Code/Regr
> essions/FinLit/Tables/finlit_r5_average.tex)

. 
. tempfile tmpf

. file open fh using "`FINLIT_TAB'/finlit_r5_average.tex", read text

. file open fout using "`tmpf'", write text replace
(file /var/folders/17/1rg0y2kj74l9p9g301vbhhkw0000gn/T//S_84306.00000e not
    found)

. local lab_ins 0

. file read fh line

. while r(eof) == 0 {
  2.     file write fout "`line'" _n
  3.     if `lab_ins' == 0 & regexm(`"`line'"', "\\caption") {
  4.         file write fout "\label{tab:finlit_r5_average}" _n
  5.         local lab_ins 1
  6.     }
  7.     file read fh line
  8. }

. file close fh

. file close fout

. copy "`tmpf'" "`FINLIT_TAB'/finlit_r5_average.tex", replace

. 
. drop _samp

. 
. * Panel: save finlit, load panel
. preserve

. keep hhidpn finlit_q1 finlit_q2 finlit_q3 finlit_score

. duplicates drop hhidpn, force

Duplicates in terms of hhidpn

(0 observations are duplicates)

. tempfile finlit_wide

. save `finlit_wide'
file /var/folders/17/1rg0y2kj74l9p9g301vbhhkw0000gn/T//S_84306.00000g saved
    as .dta format

. restore

. 
. use "${PROCESSED}/analysis_final_long_unbalanced.dta", clear

. merge m:1 hhidpn using `finlit_wide', nogen

    Result                      Number of obs
    -----------------------------------------
    Not matched                             0
    Matched                           542,808  
    -----------------------------------------

. xtset hhidpn year

Panel variable: hhidpn (strongly balanced)
 Time variable: year, 2000 to 2022, but with gaps
         Delta: 1 unit

. 
. local base_ctrl "i.age_bin educ_yrs i.gender i.race_eth inlbrf married born_u
> s i.censreg"

. forvalues d = 2/10 {
  2.     capture confirm variable wealth_d`d'
  3.     if !_rc local base_ctrl "`base_ctrl' wealth_d`d'"
  4. }

. local ctrl_s2 "`base_ctrl' c.share_core##i.year c.share_ira##i.year c.share_r
> es##i.year c.share_debt_long##i.year c.share_debt_other##i.year"

. 
. * Keep only main coefficients (age bins, wealth deciles, share×year omitted f
> rom table)
. local keep_p "finlit_q1 finlit_q2 finlit_q3 finlit_score trust_others_2020 c.
> trust_others_2020#c.trust_others_2020 educ_yrs 2.gender 2.race_eth 3.race_eth
>  4.race_eth inlbrf_ married_ born_us _cons"

. 
. local trust_spec_p "c.trust_others_2020 c.trust_others_2020#c.trust_others_20
> 20"

. 
. * Panel Spec 1
. gen byte _samp = !missing(r5_annual_w5) & !missing(finlit_q1) & !missing(finl
> it_q2) & !missing(finlit_q3) & !missing(finlit_score) & !missing(trust_others
> _2020)

. 
. eststo clear

. eststo m1: quietly regress r5_annual_w5 `base_ctrl' finlit_q1 finlit_q2 finli
> t_q3 if _samp, vce(cluster hhidpn)

. estadd scalar p_joint_trust = . : m1

. eststo m2: quietly regress r5_annual_w5 `base_ctrl' finlit_score if _samp, vc
> e(cluster hhidpn)

. estadd scalar p_joint_trust = . : m2

. eststo m3: quietly regress r5_annual_w5 `base_ctrl' finlit_q1 finlit_q2 finli
> t_q3 `trust_spec_p' if _samp, vce(cluster hhidpn)

. quietly testparm c.trust_others_2020 c.trust_others_2020#c.trust_others_2020

. estadd scalar p_joint_trust = r(p) : m3

. eststo m4: quietly regress r5_annual_w5 `base_ctrl' finlit_score `trust_spec_
> p' if _samp, vce(cluster hhidpn)

. quietly testparm c.trust_others_2020 c.trust_others_2020#c.trust_others_2020

. estadd scalar p_joint_trust = r(p) : m4

. 
. esttab m1 m2 m3 m4 using "`FINLIT_TAB'/finlit_r5_panel1.tex", replace ///
>     booktabs mtitles("(1)" "(2)" "(3)" "(4)") ///
>     se star(* 0.10 ** 0.05 *** 0.01) b(2) se(2) label ///
>     keep(`keep_p') ///
>     varlabels(finlit_q1 "Interest" finlit_q2 "Inflation" finlit_q3 "Risk div"
>  finlit_score "Literacy score" ///
>         trust_others_2020 "General trust" c.trust_others_2020#c.trust_others_
> 2020 "(General trust)\$^2\$" ///
>         2.gender "Female" 2.race_eth "NH Black" 3.race_eth "Hispanic" 4.race_
> eth "NH Other" educ_yrs "Years education" inlbrf_ "Employed" married_ "Marrie
> d" born_us "Born in U.S.") ///
>     stats(N r2_a p_joint_trust, labels("Observations" "Adj. R-squared" "Joint
>  test: Trust p-value")) ///
>     title("Panel Spec 1 (pooled): r5 returns on financial literacy and trust"
> ) ///
>     addnotes("Cluster-robust SE. Age bins (5-yr), wealth deciles, and region 
> dummies" "omitted from table but included in regressions.") ///
>     alignment(${LATEX_ALIGN}) width(0.85\hsize) nonumbers
(output written to /Volumes/SSD PRO/Github-forks/Chp2-TrustandReturns/Code/Regr
> essions/FinLit/Tables/finlit_r5_panel1.tex)

. 
. tempfile tmpf

. file open fh using "`FINLIT_TAB'/finlit_r5_panel1.tex", read text

. file open fout using "`tmpf'", write text replace
(file /var/folders/17/1rg0y2kj74l9p9g301vbhhkw0000gn/T//S_84306.00000h not
    found)

. local lab_ins 0

. file read fh line

. while r(eof) == 0 {
  2.     file write fout "`line'" _n
  3.     if `lab_ins' == 0 & regexm(`"`line'"', "\\caption") {
  4.         file write fout "\label{tab:finlit_r5_panel1}" _n
  5.         local lab_ins 1
  6.     }
  7.     file read fh line
  8. }

. file close fh

. file close fout

. copy "`tmpf'" "`FINLIT_TAB'/finlit_r5_panel1.tex", replace

. 
. * Panel Spec 2
. gen byte _samp2 = _samp & !missing(share_core) & !missing(share_ira) & !missi
> ng(share_res) & !missing(share_debt_long) & !missing(share_debt_other)

. 
. eststo clear

. eststo m1: quietly regress r5_annual_w5 `ctrl_s2' finlit_q1 finlit_q2 finlit_
> q3 if _samp2, vce(cluster hhidpn)

. estadd scalar p_joint_trust = . : m1

. eststo m2: quietly regress r5_annual_w5 `ctrl_s2' finlit_score if _samp2, vce
> (cluster hhidpn)

. estadd scalar p_joint_trust = . : m2

. eststo m3: quietly regress r5_annual_w5 `ctrl_s2' finlit_q1 finlit_q2 finlit_
> q3 `trust_spec_p' if _samp2, vce(cluster hhidpn)

. quietly testparm c.trust_others_2020 c.trust_others_2020#c.trust_others_2020

. estadd scalar p_joint_trust = r(p) : m3

. eststo m4: quietly regress r5_annual_w5 `ctrl_s2' finlit_score `trust_spec_p'
>  if _samp2, vce(cluster hhidpn)

. quietly testparm c.trust_others_2020 c.trust_others_2020#c.trust_others_2020

. estadd scalar p_joint_trust = r(p) : m4

. 
. esttab m1 m2 m3 m4 using "`FINLIT_TAB'/finlit_r5_panel2.tex", replace ///
>     booktabs mtitles("(1)" "(2)" "(3)" "(4)") ///
>     se star(* 0.10 ** 0.05 *** 0.01) b(2) se(2) label ///
>     keep(`keep_p') ///
>     varlabels(finlit_q1 "Interest" finlit_q2 "Inflation" finlit_q3 "Risk div"
>  finlit_score "Literacy score" ///
>         trust_others_2020 "General trust" c.trust_others_2020#c.trust_others_
> 2020 "(General trust)\$^2\$" ///
>         2.gender "Female" 2.race_eth "NH Black" 3.race_eth "Hispanic" 4.race_
> eth "NH Other" educ_yrs "Years education" inlbrf_ "Employed" married_ "Marrie
> d" born_us "Born in U.S.") ///
>     stats(N r2_a p_joint_trust, labels("Observations" "Adj. R-squared" "Joint
>  test: Trust p-value")) ///
>     title("Panel Spec 2 (${LATEX_SHARE_YEAR}): r5 returns on financial litera
> cy and trust") ///
>     addnotes("Cluster-robust SE. Age bins (5-yr), wealth deciles, region dumm
> ies," "and share x year interactions omitted from table but included in regre
> ssions.") ///
>     alignment(${LATEX_ALIGN}) width(0.85\hsize) nonumbers
(output written to /Volumes/SSD PRO/Github-forks/Chp2-TrustandReturns/Code/Regr
> essions/FinLit/Tables/finlit_r5_panel2.tex)

. 
. tempfile tmpf

. file open fh using "`FINLIT_TAB'/finlit_r5_panel2.tex", read text

. file open fout using "`tmpf'", write text replace
(file /var/folders/17/1rg0y2kj74l9p9g301vbhhkw0000gn/T//S_84306.00000i not
    found)

. local lab_ins 0

. file read fh line

. while r(eof) == 0 {
  2.     file write fout "`line'" _n
  3.     if `lab_ins' == 0 & regexm(`"`line'"', "\\caption") {
  4.         file write fout "\label{tab:finlit_r5_panel2}" _n
  5.         local lab_ins 1
  6.     }
  7.     file read fh line
  8. }

. file close fh

. file close fout

. copy "`tmpf'" "`FINLIT_TAB'/finlit_r5_panel2.tex", replace

. 
. * Panel Spec 3: FE + 2nd stage
. local ctrl_fe "i.age_bin inlbrf married i.year"

. forvalues d = 2/10 {
  2.     capture confirm variable wealth_d`d'
  3.     if !_rc local ctrl_fe "`ctrl_fe' wealth_d`d'"
  4. }

. local ctrl_fe "`ctrl_fe' c.share_core##i.year c.share_ira##i.year c.share_res
> ##i.year c.share_debt_long##i.year c.share_debt_other##i.year"

. 
. gen byte _fe_cond = !missing(share_core) & !missing(share_ira) & !missing(sha
> re_res) & !missing(share_debt_long) & !missing(share_debt_other) & !missing(f
> inlit_q1) & !missing(finlit_q2) & !missing(finlit_q3) & !missing(trust_others
> _2020)

. xtreg r5_annual_w5 `ctrl_fe' if _fe_cond, fe vce(cluster hhidpn)

Fixed-effects (within) regression               Number of obs     =      2,141
Group variable: hhidpn                          Number of groups  =        422

R-squared:                                      Obs per group:
     Within  = 0.2103                                         min =          1
     Between = 0.0017                                         avg =        5.1
     Overall = 0.0126                                         max =         11

                                                F(87, 421)        =          .
corr(u_i, Xb) = -0.7577                         Prob > F          =          .

                               (Std. err. adjusted for 422 clusters in hhidpn)
------------------------------------------------------------------------------
             |               Robust
r5_annual~5_ | Coefficient  std. err.      t    P>|t|     [95% conf. interval]
-------------+----------------------------------------------------------------
    age_bin_ |
         35  |   .5270769   .2189899     2.41   0.017     .0966271    .9575267
         40  |   .2801212   .3204948     0.87   0.383     -.349848    .9100905
         45  |   .4231728   .3323902     1.27   0.204    -.2301784    1.076524
         50  |   .5198248   .3837545     1.35   0.176    -.2344888    1.274138
         55  |   .4394807   .3808466     1.15   0.249    -.3091171    1.188078
         60  |   .4427473   .3842774     1.15   0.250     -.312594    1.198089
         65  |   .4086013   .3911502     1.04   0.297    -.3602494    1.177452
         70  |   .3582465   .3991084     0.90   0.370    -.4262468     1.14274
         75  |   .3973894   .4111603     0.97   0.334    -.4107934    1.205572
         80  |   .3514331   .4224805     0.83   0.406    -.4790008    1.181867
         85  |   .4569737   .4390505     1.04   0.299    -.4060304    1.319978
         90  |   .9589056   .6063358     1.58   0.115     -.232917    2.150728
             |
     inlbrf_ |   .0285854   .0254874     1.12   0.263     -.021513    .0786838
    married_ |  -.0518429   .0540056    -0.96   0.338    -.1579971    .0543112
             |
        year |
       2004  |  -.1745434   .2379426    -0.73   0.464    -.6422469    .2931602
       2006  |   .6809123     .27015     2.52   0.012     .1499015    1.211923
       2008  |  -.2393369   .3082673    -0.78   0.438    -.8452716    .3665978
       2010  |   .4921494   .2005196     2.45   0.015      .098005    .8862938
       2012  |   .3446531   .2483245     1.39   0.166    -.1434573    .8327635
       2014  |   .2153844   .2134277     1.01   0.313    -.2041322    .6349009
       2016  |    .440957   .2569858     1.72   0.087    -.0641782    .9460922
       2018  |   .3185479   .2506065     1.27   0.204    -.1740481    .8111438
       2020  |   .4510371   .2599356     1.74   0.083    -.0598963    .9619704
       2022  |   .2752553   .2211203     1.24   0.214     -.159382    .7098927
             |
   wealth_d2 |  -.1569946    .176491    -0.89   0.374    -.5039079    .1899187
   wealth_d3 |   .0114162   .1279016     0.09   0.929    -.2399891    .2628214
   wealth_d4 |   .1313886   .1128119     1.16   0.245    -.0903561    .3531334
   wealth_d5 |   .2773142   .1152335     2.41   0.017     .0508095     .503819
   wealth_d6 |   .3626012   .1169167     3.10   0.002      .132788    .5924144
   wealth_d7 |   .4434265    .122111     3.63   0.000     .2034033    .6834498
   wealth_d8 |   .5027005   .1242451     4.05   0.000     .2584824    .7469185
   wealth_d9 |   .6494931    .125497     5.18   0.000     .4028145    .8961718
  wealth_d10 |   .8562371   .1297168     6.60   0.000     .6012638     1.11121
  share_core |   .6737749   .2469702     2.73   0.007     .1883265    1.159223
             |
        year#|
c.share_core |
       2004  |   .2304773   .3266302     0.71   0.481    -.4115519    .8725065
       2006  |  -.7655228   .3050131    -2.51   0.012    -1.365061   -.1659845
       2008  |   .1215008   .3876536     0.31   0.754    -.6404768    .8834783
       2010  |  -.7463327   .2905853    -2.57   0.011    -1.317511   -.1751538
       2012  |  -.6596613    .314774    -2.10   0.037    -1.278386   -.0409368
       2014  |   -.384818   .2942636    -1.31   0.192     -.963227    .1935909
       2016  |  -.6888849   .3136888    -2.20   0.029    -1.305476   -.0722936
       2018  |  -.5995946   .3138532    -1.91   0.057    -1.216509    .0173198
       2020  |  -.6621152   .3099434    -2.14   0.033    -1.271345   -.0528858
       2022  |  -.4599828    .277378    -1.66   0.098    -1.005201    .0852355
             |
   share_ira |   .2533334   .2218022     1.14   0.254    -.1826443    .6893111
             |
        year#|
 c.share_ira |
       2004  |   .3524711    .291633     1.21   0.227    -.2207671    .9257093
       2006  |  -.5479169    .359702    -1.52   0.128    -1.254953    .1591187
       2008  |   .4864936   .3417298     1.42   0.155    -.1852156    1.158203
       2010  |  -.2868533   .2587504    -1.11   0.268    -.7954569    .2217504
       2012  |  -.2242442   .2880954    -0.78   0.437    -.7905289    .3420404
       2014  |  -.2101952   .2413652    -0.87   0.384    -.6846262    .2642358
       2016  |  -.3921749   .2908064    -1.35   0.178    -.9637884    .1794385
       2018  |   -.262663   .2961656    -0.89   0.376    -.8448104    .3194844
       2020  |  -.4838781   .2819558    -1.72   0.087    -1.038095    .0703385
       2022  |  -.1948997   .2556795    -0.76   0.446    -.6974671    .3076677
             |
   share_res |   .2782411   .1986861     1.40   0.162    -.1122992    .6687815
             |
        year#|
 c.share_res |
       2004  |   .1076991    .268404     0.40   0.688    -.4198797    .6352779
       2006  |  -.6112335   .3093922    -1.98   0.049    -1.219379   -.0030877
       2008  |   .1887473   .3538083     0.53   0.594    -.5067034     .884198
       2010  |  -.5843545   .2275493    -2.57   0.011    -1.031629   -.1370803
       2012  |  -.3484239    .278019    -1.25   0.211     -.894902    .1980543
       2014  |  -.0338269   .2401226    -0.14   0.888    -.5058154    .4381617
       2016  |  -.3377904   .2864062    -1.18   0.239    -.9007548    .2251739
       2018  |  -.2680269   .2833062    -0.95   0.345    -.8248979     .288844
       2020  |  -.4049946   .2763992    -1.47   0.144    -.9482889    .1382997
       2022  |  -.1305902   .2226278    -0.59   0.558    -.5681908    .3070104
             |
share_debt~g |   -.485287   .2962044    -1.64   0.102    -1.067511    .0969367
             |
        year#|
          c. |
share_debt~g |
       2004  |   .4312142   .2616692     1.65   0.100    -.0831267     .945555
       2006  |   .3032892   .3047971     1.00   0.320    -.2958245    .9024029
       2008  |   .4392791   .3321077     1.32   0.187    -.2135168    1.092075
       2010  |   .1338883   .3103391     0.43   0.666    -.4761188    .7438954
       2012  |   .3649468   .2945873     1.24   0.216    -.2140982    .9439919
       2014  |   .4598562   .3194172     1.44   0.151    -.1679949    1.087707
       2016  |   .0011796   .3844481     0.00   0.998    -.7544973    .7568565
       2018  |   .3510746   .2878884     1.22   0.223    -.2148031    .9169522
       2020  |   .3763155   .2960632     1.27   0.204    -.2056307    .9582618
       2022  |    .370362   .3122061     1.19   0.236    -.2433148    .9840388
             |
share_debt~r |  -.8938575   .3364665    -2.66   0.008    -1.555221   -.2324939
             |
        year#|
          c. |
share_debt~r |
       2004  |   .8855417    .335204     2.64   0.009     .2266597    1.544424
       2006  |   .5005712   .3259497     1.54   0.125    -.1401203    1.141263
       2008  |   .4974271   .4603633     1.08   0.281    -.4074698    1.402324
       2010  |    .804457   .3457978     2.33   0.020     .1247518    1.484162
       2012  |    .858031   .3905796     2.20   0.029     .0903019     1.62576
       2014  |    .743012    .345842     2.15   0.032     .0632199    1.422804
       2016  |   .9713287   .4181914     2.32   0.021     .1493254    1.793332
       2018  |    .749348   .3393151     2.21   0.028     .0823852    1.416311
       2020  |   .9372294    .336306     2.79   0.006     .2761814    1.598277
       2022  |   1.282498   .3992996     3.21   0.001     .4976293    2.067368
             |
       _cons |   -.989929   .3402569    -2.91   0.004    -1.658743    -.321115
-------------+----------------------------------------------------------------
     sigma_u |  .44372423
     sigma_e |   .3469014
         rho |  .62065408   (fraction of variance due to u_i)
------------------------------------------------------------------------------

. predict _fe_r5 if e(sample)
(option xb assumed; fitted values)
(540,667 missing values generated)

. bysort hhidpn: egen fe_r5 = mean(_fe_r5)
(537,744 missing values generated)

. drop _fe_r5

. collapse (first) fe_r5 educ_yrs gender race_eth born_us finlit_q1 finlit_q2 f
> inlit_q3 finlit_score trust_others_2020, by(hhidpn)

. 
. gen byte _fe_samp = !missing(fe_r5) & !missing(finlit_q1) & !missing(finlit_q
> 2) & !missing(finlit_q3) & !missing(finlit_score) & !missing(trust_others_202
> 0)

. 
. eststo clear

. eststo m1: quietly regress fe_r5 educ_yrs i.gender i.race_eth born_us finlit_
> q1 finlit_q2 finlit_q3 if _fe_samp, vce(robust)

. estadd scalar p_joint_trust = . : m1

. eststo m2: quietly regress fe_r5 educ_yrs i.gender i.race_eth born_us finlit_
> score if _fe_samp, vce(robust)

. estadd scalar p_joint_trust = . : m2

. eststo m3: quietly regress fe_r5 educ_yrs i.gender i.race_eth born_us finlit_
> q1 finlit_q2 finlit_q3 c.trust_others_2020 c.trust_others_2020#c.trust_others
> _2020 if _fe_samp, vce(robust)

. quietly testparm c.trust_others_2020 c.trust_others_2020#c.trust_others_2020

. estadd scalar p_joint_trust = r(p) : m3

. eststo m4: quietly regress fe_r5 educ_yrs i.gender i.race_eth born_us finlit_
> score c.trust_others_2020 c.trust_others_2020#c.trust_others_2020 if _fe_samp
> , vce(robust)

. quietly testparm c.trust_others_2020 c.trust_others_2020#c.trust_others_2020

. estadd scalar p_joint_trust = r(p) : m4

. 
. * Panel 3: FE 2nd stage — no inlbrf/married (time-varying)
. local keep_p3 "finlit_q1 finlit_q2 finlit_q3 finlit_score trust_others_2020 c
> .trust_others_2020#c.trust_others_2020 educ_yrs 2.gender 2.race_eth 3.race_et
> h 4.race_eth born_us _cons"

. esttab m1 m2 m3 m4 using "`FINLIT_TAB'/finlit_r5_panel3.tex", replace ///
>     booktabs mtitles("(1)" "(2)" "(3)" "(4)") ///
>     se star(* 0.10 ** 0.05 *** 0.01) b(2) se(2) label ///
>     keep(`keep_p3') ///
>     varlabels(finlit_q1 "Interest" finlit_q2 "Inflation" finlit_q3 "Risk div"
>  finlit_score "Literacy score" ///
>         trust_others_2020 "General trust" c.trust_others_2020#c.trust_others_
> 2020 "(General trust)\$^2\$" ///
>         educ_yrs "Years education" 2.gender "Female" 2.race_eth "NH Black" 3.
> race_eth "Hispanic" 4.race_eth "NH Other" born_us "Born in U.S.") ///
>     stats(N r2_a p_joint_trust, labels("Observations" "Adj. R-squared" "Joint
>  test: Trust p-value")) ///
>     title("Panel Spec 3 (FE, 2nd stage): r5 returns on financial literacy and
>  trust") ///
>     addnotes("Second-stage: FE from within regression on time-invariant + fin
> lit. Robust SE.") ///
>     alignment(${LATEX_ALIGN}) width(0.85\hsize) nonumbers
(output written to /Volumes/SSD PRO/Github-forks/Chp2-TrustandReturns/Code/Regr
> essions/FinLit/Tables/finlit_r5_panel3.tex)

. 
. tempfile tmpf

. file open fh using "`FINLIT_TAB'/finlit_r5_panel3.tex", read text

. file open fout using "`tmpf'", write text replace
(file /var/folders/17/1rg0y2kj74l9p9g301vbhhkw0000gn/T//S_84306.00000j not
    found)

. local lab_ins 0

. file read fh line

. while r(eof) == 0 {
  2.     file write fout "`line'" _n
  3.     if `lab_ins' == 0 & regexm(`"`line'"', "\\caption") {
  4.         file write fout "\label{tab:finlit_r5_panel3}" _n
  5.         local lab_ins 1
  6.     }
  7.     file read fh line
  8. }

. file close fh

. file close fout

. copy "`tmpf'" "`FINLIT_TAB'/finlit_r5_panel3.tex", replace

. 
. display "Regression tables saved to `FINLIT_TAB'"
Regression tables saved to /Volumes/SSD PRO/Github-forks/Chp2-TrustandReturns/C
> ode/Regressions/FinLit/Tables

. display "Done. Log: ${LOG_DIR}/20_finlit_extension.log"
Done. Log: /Volumes/SSD PRO/Github-forks/Chp2-TrustandReturns/Notes/Logs/20_fin
> lit_extension.log

. log close
      name:  <unnamed>
       log:  /Volumes/SSD PRO/Github-forks/Chp2-TrustandReturns/Notes/Logs/20_f
> inlit_extension.log
  log type:  text
 closed on:  23 Feb 2026, 10:54:23
-------------------------------------------------------------------------------
