-------------------------------------------------------------------------
      name:  <unnamed>
       log:  /Volumes/SSD PRO/Github-forks/Chp2-TrustandReturns/Notes/Log
> s/21_inspect_panel_r1_r4.log
  log type:  text
 opened on:  22 Feb 2026, 18:34:50

. 
. * ---------------------------------------------------------------------
> -
. * Load long panel
. * ---------------------------------------------------------------------
> -
. use "${PROCESSED}/analysis_final_long_unbalanced.dta", clear

. set showbaselevels off

. 
. local trust_var "trust_others_2020"

. 
. * Base controls (match 14_panel_reg_ret)
. local base_ctrl "i.age_bin educ_yrs i.gender i.race_eth inlbrf married 
> born_us i.censreg i.year"

. 
. * Scope-specific controls (wealth deciles)
. local ctrl_r1 "`base_ctrl'"

. local ctrl_r4 "`base_ctrl'"

. forvalues d = 2/10 {
  2.     capture confirm variable wealth_core_d`d'
  3.     if !_rc local ctrl_r1 "`ctrl_r1' wealth_core_d`d'"
  4.     capture confirm variable wealth_coreira_d`d'
  5.     if !_rc local ctrl_r4 "`ctrl_r4' wealth_coreira_d`d'"
  6. }

. 
. * ---------------------------------------------------------------------
> -
. * r1 (returns to core) — winsorized
. * ---------------------------------------------------------------------
> -
. capture confirm variable r1_annual_w5

. if _rc {
.     display as error "r1_annual_w5 not found. Run pipeline (02, 03, 04,
>  05, 10)."
.     log close
.     exit 198
. }

. 
. display _n "###########################################################
> #############"

########################################################################

. display "POOLED REGRESSIONS: Returns to core (r1, 5 percent winsorized)
> "
POOLED REGRESSIONS: Returns to core (r1, 5 percent winsorized)

. display "##############################################################
> ##########"
########################################################################

. 
. display _n "--- Spec 1: Controls only ---"

--- Spec 1: Controls only ---

. regress r1_annual_w5 `ctrl_r1' if !missing(r1_annual_w5), vce(cluster h
> hidpn)

Linear regression                               Number of obs     =    12
> 9,298
                                                F(46, 27183)      =      
>     .
                                                Prob > F          =      
>     .
                                                R-squared         =     0
> .1814
                                                Root MSE          =     .
> 77488

                            (Std. err. adjusted for 27,184 clusters in hh
> idpn)
-------------------------------------------------------------------------
> -----
             |               Robust
r1_annual~5_ | Coefficient  std. err.      t    P>|t|     [95% conf. inte
> rval]
-------------+-----------------------------------------------------------
> -----
    age_bin_ |
         25  |   .7512755   .2761434     2.72   0.007     .2100204    1.2
> 92531
         30  |   .7462168    .151732     4.92   0.000     .4488142    1.0
> 43619
         35  |   .5768898   .0758373     7.61   0.000     .4282448    .72
> 55348
         40  |    .481545   .0414838    11.61   0.000     .4002346    .56
> 28554
         45  |   .4978598   .0276821    17.98   0.000     .4436014    .55
> 21182
         50  |   .4909492   .0189776    25.87   0.000     .4537522    .52
> 81463
         55  |     .46003   .0166486    27.63   0.000     .4273979     .4
> 92662
         60  |   .4144973   .0165037    25.12   0.000     .3821492    .44
> 68453
         65  |   .3705815     .01657    22.36   0.000     .3381035    .40
> 30595
         70  |   .3285669   .0168867    19.46   0.000     .2954682    .36
> 16657
         75  |   .3174009   .0169883    18.68   0.000      .284103    .35
> 06987
         80  |   .2883945   .0172559    16.71   0.000      .254572    .32
> 22169
         85  |   .2830705    .018007    15.72   0.000     .2477758    .31
> 83652
         90  |   .2706886   .0205279    13.19   0.000     .2304528    .31
> 09244
         95  |   .2760673   .0315703     8.74   0.000     .2141879    .33
> 79467
        100  |   .2751932   .0899746     3.06   0.002     .0988385     .4
> 51548
        105  |   .3709212   .2516078     1.47   0.140     -.122243    .86
> 40855
             |
    educ_yrs |    -.01534   .0009694   -15.82   0.000      -.01724   -.01
> 34399
    2.gender |  -.0056113   .0049337    -1.14   0.255    -.0152816     .0
> 04059
             |
    race_eth |
          2  |   .1330819   .0080462    16.54   0.000     .1173109    .14
> 88529
          3  |   .0940933   .0115217     8.17   0.000     .0715102    .11
> 66764
          4  |   .0274022    .015504     1.77   0.077    -.0029865    .05
> 77909
             |
     inlbrf_ |   .1068904   .0059248    18.04   0.000     .0952774    .11
> 85033
    married_ |  -.0370317    .005157    -7.18   0.000    -.0471398   -.02
> 69236
     born_us |  -.0069388    .009906    -0.70   0.484     -.026355    .01
> 24775
             |
    censreg_ |
          2  |  -.0157809   .0073951    -2.13   0.033    -.0302757   -.00
> 12861
          3  |   .0073371   .0070397     1.04   0.297    -.0064612    .02
> 11354
          4  |   .0101286   .0080735     1.25   0.210    -.0056958    .02
> 59531
             |
        year |
       2004  |  -.0256572   .0097417    -2.63   0.008    -.0447515    -.0
> 06563
       2006  |  -.0280729   .0090613    -3.10   0.002    -.0458335   -.01
> 03123
       2008  |  -.0129748   .0094787    -1.37   0.171    -.0315535    .00
> 56039
       2010  |  -.1580676   .0094675   -16.70   0.000    -.1766244   -.13
> 95109
       2012  |  -.1289313   .0093099   -13.85   0.000    -.1471791   -.11
> 06835
       2014  |  -.0601259   .0098286    -6.12   0.000    -.0793904   -.04
> 08613
       2016  |  -.1007368   .0101485    -9.93   0.000    -.1206284   -.08
> 08451
       2018  |  -.0844381   .0104317    -8.09   0.000    -.1048847   -.06
> 39915
       2020  |  -.0325286    .011177    -2.91   0.004     -.054436   -.01
> 06212
       2022  |  -.0331551   .0116727    -2.84   0.005    -.0560343    -.0
> 10276
             |
wealth_~e_d2 |   .2061883   .0155144    13.29   0.000     .1757793    .23
> 65972
wealth_~e_d3 |    .506231      .0111    45.61   0.000     .4844745    .52
> 79874
wealth_~e_d4 |   .7543628   .0094698    79.66   0.000     .7358015    .77
> 29241
wealth_~e_d5 |   .9578047   .0096355    99.40   0.000     .9389186    .97
> 66908
wealth_~e_d6 |   1.126629   .0101818   110.65   0.000     1.106672    1.1
> 46586
wealth_~e_d7 |   1.236607   .0104486   118.35   0.000     1.216127    1.2
> 57087
wealth_~e_d8 |   1.289991   .0104708   123.20   0.000     1.269468    1.3
> 10515
wealth_~e_d9 |   1.305853    .010375   125.87   0.000     1.285517    1.3
> 26188
wealth~e_d10 |   1.291215     .01028   125.60   0.000     1.271066    1.3
> 11365
       _cons |  -.9952717   .0258511   -38.50   0.000    -1.045941   -.94
> 46022
-------------------------------------------------------------------------
> -----

. 
. display _n "--- Spec 2: + Trust ---"

--- Spec 2: + Trust ---

. regress r1_annual_w5 `ctrl_r1' c.`trust_var' if !missing(r1_annual_w5) 
> & !missing(`trust_var'), vce(cluster hhidpn)

Linear regression                               Number of obs     =      
> 3,906
                                                F(43, 722)        =      
>     .
                                                Prob > F          =      
>     .
                                                R-squared         =     0
> .1840
                                                Root MSE          =     .
> 80791

                               (Std. err. adjusted for 723 clusters in hh
> idpn)
-------------------------------------------------------------------------
> -----
             |               Robust
r1_annual~5_ | Coefficient  std. err.      t    P>|t|     [95% conf. inte
> rval]
-------------+-----------------------------------------------------------
> -----
    age_bin_ |
         30  |   .0100813   .3425721     0.03   0.977    -.6624751    .68
> 26378
         35  |   .0224272   .3865695     0.06   0.954    -.7365073    .78
> 13617
         40  |   .0735744    .358263     0.21   0.837    -.6297872     .7
> 76936
         45  |    .149359   .3600004     0.41   0.678    -.5574137    .85
> 61317
         50  |    .024666   .3410826     0.07   0.942    -.6449662    .69
> 42982
         55  |   .0284721   .3403912     0.08   0.933    -.6398026    .69
> 67469
         60  |   .0110821   .3407195     0.03   0.974    -.6578371    .68
> 00013
         65  |  -.0146666   .3412545    -0.04   0.966    -.6846363    .65
> 53031
         70  |  -.0974074   .3418033    -0.28   0.776    -.7684545    .57
> 36397
         75  |  -.0800175   .3449549    -0.23   0.817    -.7572519    .59
> 72168
         80  |  -.0329406   .3463793    -0.10   0.924    -.7129716    .64
> 70904
         85  |   .1064025   .3633523     0.29   0.770    -.6069509    .81
> 97558
         90  |  -.2002082    .361518    -0.55   0.580    -.9099603    .50
> 95438
             |
    educ_yrs |  -.0177748   .0062126    -2.86   0.004    -.0299718   -.00
> 55779
    2.gender |   .0089764   .0303175     0.30   0.767    -.0505446    .06
> 84975
             |
    race_eth |
          2  |   .1938774   .0436373     4.44   0.000     .1082063    .27
> 95486
          3  |   .2246435   .0660759     3.40   0.001     .0949197    .35
> 43673
          4  |   .0998062   .0803902     1.24   0.215    -.0580202    .25
> 76326
             |
     inlbrf_ |   .0853319   .0332381     2.57   0.010      .020077    .15
> 05868
    married_ |  -.0507087   .0327132    -1.55   0.122     -.114933    .01
> 35156
     born_us |   .0628254   .0511427     1.23   0.220    -.0375808    .16
> 32316
             |
    censreg_ |
          2  |   -.011229   .0462401    -0.24   0.808      -.10201    .07
> 95521
          3  |   .0411827   .0416052     0.99   0.323     -.040499    .12
> 28644
          4  |   .0634117   .0513735     1.23   0.217    -.0374477    .16
> 42711
             |
        year |
       2004  |    -.07324    .082237    -0.89   0.373    -.2346922    .08
> 82122
       2006  |   .1339957   .0734819     1.82   0.069     -.010268    .27
> 82594
       2008  |   .0145336   .0730525     0.20   0.842     -.128887    .15
> 79542
       2010  |  -.0490426   .0791768    -0.62   0.536     -.204487    .10
> 64017
       2012  |  -.0970121   .0690895    -1.40   0.161    -.2326524    .03
> 86282
       2014  |   .0460885   .0723094     0.64   0.524    -.0958733    .18
> 80502
       2016  |  -.0896253   .0706138    -1.27   0.205    -.2282582    .04
> 90075
       2018  |  -.0595867   .0730644    -0.82   0.415    -.2030308    .08
> 38575
       2020  |  -.0555451   .0727274    -0.76   0.445    -.1983276    .08
> 72374
       2022  |   .0570026   .0797529     0.71   0.475    -.0995728    .21
> 35779
             |
wealth_~e_d2 |    .244195   .1310397     1.86   0.063    -.0130694    .50
> 14594
wealth_~e_d3 |   .4834818   .0831446     5.81   0.000     .3202476     .6
> 46716
wealth_~e_d4 |    .760812   .0623736    12.20   0.000     .6383567    .88
> 32674
wealth_~e_d5 |   .9332902   .0615546    15.16   0.000     .8124428    1.0
> 54138
wealth_~e_d6 |   1.104292   .0671927    16.43   0.000     .9723755    1.2
> 36208
wealth_~e_d7 |    1.31934   .0679139    19.43   0.000     1.186008    1.4
> 52672
wealth_~e_d8 |   1.267099   .0677844    18.69   0.000     1.134021    1.4
> 00177
wealth_~e_d9 |   1.369617   .0684566    20.01   0.000     1.235219    1.5
> 04015
wealth~e_d10 |   1.372912   .0721277    19.03   0.000     1.231307    1.5
> 14518
trust_o~2020 |  -.0007054   .0063725    -0.11   0.912    -.0132164    .01
> 18055
       _cons |  -.7207181   .3571235    -2.02   0.044    -1.421843   -.01
> 95935
-------------------------------------------------------------------------
> -----

. 
. display _n "--- Spec 3: + Trust + Trust² ---"

--- Spec 3: + Trust + Trust² ---

. regress r1_annual_w5 `ctrl_r1' c.`trust_var' c.`trust_var'#c.`trust_var
> ' if !missing(r1_annual_w5) & !missing(`trust_var'), vce(cluster hhidpn
> )

Linear regression                               Number of obs     =      
> 3,906
                                                F(44, 722)        =      
>     .
                                                Prob > F          =      
>     .
                                                R-squared         =     0
> .1842
                                                Root MSE          =     .
> 80793

                               (Std. err. adjusted for 723 clusters in hh
> idpn)
-------------------------------------------------------------------------
> -----
             |               Robust
r1_annual~5_ | Coefficient  std. err.      t    P>|t|     [95% conf. inte
> rval]
-------------+-----------------------------------------------------------
> -----
    age_bin_ |
         30  |   .0361868   .3303614     0.11   0.913    -.6123969    .68
> 47704
         35  |   .0306692   .3769281     0.08   0.935    -.7093369    .77
> 06753
         40  |   .0882623   .3452237     0.26   0.798    -.5894999    .76
> 60245
         45  |   .1668254   .3468475     0.48   0.631    -.5141247    .84
> 77756
         50  |   .0418142   .3274978     0.13   0.898    -.6011476    .68
> 47759
         55  |   .0449453   .3268586     0.14   0.891    -.5967615    .68
> 66521
         60  |   .0273962   .3271698     0.08   0.933    -.6149216     .6
> 69714
         65  |   .0005576   .3276215     0.00   0.999     -.642647    .64
> 37623
         70  |  -.0823266   .3281338    -0.25   0.802     -.726537    .56
> 18838
         75  |  -.0660972   .3312869    -0.20   0.842    -.7164979    .58
> 43035
         80  |  -.0212782   .3323904    -0.06   0.949    -.6738453    .63
> 12888
         85  |   .1171803    .349985     0.33   0.738    -.5699295    .80
> 42901
         90  |  -.1949298   .3497453    -0.56   0.577    -.8815691    .49
> 17095
             |
    educ_yrs |  -.0169746   .0062584    -2.71   0.007    -.0292615   -.00
> 46877
    2.gender |   .0076708   .0301725     0.25   0.799    -.0515655     .0
> 66907
             |
    race_eth |
          2  |   .1918438    .043874     4.37   0.000      .105708    .27
> 79797
          3  |   .2255054   .0661046     3.41   0.001     .0957252    .35
> 52855
          4  |   .0974824     .08062     1.21   0.227    -.0607953    .25
> 57601
             |
     inlbrf_ |    .085727    .033292     2.58   0.010     .0203664    .15
> 10876
    married_ |  -.0500342   .0327336    -1.53   0.127    -.1142985    .01
> 42302
     born_us |   .0632248   .0512909     1.23   0.218    -.0374724    .16
> 39219
             |
    censreg_ |
          2  |  -.0113294   .0462336    -0.25   0.806    -.1020977    .07
> 94389
          3  |   .0407075   .0416632     0.98   0.329     -.041088    .12
> 25031
          4  |   .0650456   .0515485     1.26   0.207    -.0361573    .16
> 62485
             |
        year |
       2004  |  -.0737746   .0821754    -0.90   0.370     -.235106    .08
> 75567
       2006  |   .1349577   .0734606     1.84   0.067    -.0092642    .27
> 91795
       2008  |   .0158212    .072984     0.22   0.828    -.1274651    .15
> 91075
       2010  |  -.0484276   .0791349    -0.61   0.541    -.2037896    .10
> 69343
       2012  |  -.0960485   .0690256    -1.39   0.165    -.2315632    .03
> 94663
       2014  |   .0469323   .0722588     0.65   0.516    -.0949302    .18
> 87949
       2016  |  -.0885005   .0705798    -1.25   0.210    -.2270667    .05
> 00657
       2018  |  -.0579667   .0729892    -0.79   0.427    -.2012631    .08
> 53297
       2020  |  -.0537255   .0727491    -0.74   0.460    -.1965505    .08
> 90994
       2022  |   .0593474    .079827     0.74   0.457    -.0973734    .21
> 60683
             |
wealth_~e_d2 |   .2434429   .1316128     1.85   0.065    -.0149466    .50
> 18324
wealth_~e_d3 |   .4826208   .0834418     5.78   0.000     .3188032    .64
> 64384
wealth_~e_d4 |   .7621298   .0622438    12.24   0.000     .6399293    .88
> 43302
wealth_~e_d5 |   .9369577   .0611872    15.31   0.000     .8168317    1.0
> 57084
wealth_~e_d6 |   1.107696   .0670196    16.53   0.000      .976119    1.2
> 39272
wealth_~e_d7 |   1.322401   .0675628    19.57   0.000     1.189758    1.4
> 55044
wealth_~e_d8 |   1.269516   .0676599    18.76   0.000     1.136682    1.4
> 02349
wealth_~e_d9 |   1.373188   .0680523    20.18   0.000     1.239584    1.5
> 06792
wealth~e_d10 |   1.376131   .0718699    19.15   0.000     1.235032     1.
> 51723
trust_o~2020 |  -.0178449   .0221581    -0.81   0.421    -.0613468    .02
> 56571
             |
          c. |
trust_o~2020#|
          c. |
trust_o~2020 |   .0014816   .0018094     0.82   0.413    -.0020708     .0
> 05034
             |
       _cons |  -.7088107   .3438649    -2.06   0.040    -1.383905   -.03
> 37162
-------------------------------------------------------------------------
> -----

. quietly testparm c.`trust_var' c.`trust_var'#c.`trust_var'

. display "Joint test Trust+Trust² p-value: " r(p)
Joint test Trust+Trust² p-value: .71334981

. 
. * ---------------------------------------------------------------------
> -
. * r4 (returns to core+IRA) — winsorized
. * ---------------------------------------------------------------------
> -
. capture confirm variable r4_annual_w5

. if _rc {
.     display as error "r4_annual_w5 not found. Run pipeline (02, 03, 04,
>  05, 10)."
.     log close
.     exit 198
. }

. 
. display _n "###########################################################
> #############"

########################################################################

. display "POOLED REGRESSIONS: Returns to core+IRA (r4, 5 percent winsori
> zed)"
POOLED REGRESSIONS: Returns to core+IRA (r4, 5 percent winsorized)

. display "##############################################################
> ##########"
########################################################################

. 
. display _n "--- Spec 1: Controls only ---"

--- Spec 1: Controls only ---

. regress r4_annual_w5 `ctrl_r4' if !missing(r4_annual_w5), vce(cluster h
> hidpn)

Linear regression                               Number of obs     =    12
> 3,030
                                                F(47, 25610)      =     3
> 40.59
                                                Prob > F          =     0
> .0000
                                                R-squared         =     0
> .0257
                                                Root MSE          =     .
> 74197

                            (Std. err. adjusted for 25,611 clusters in hh
> idpn)
-------------------------------------------------------------------------
> -----
             |               Robust
r4_annual~5_ | Coefficient  std. err.      t    P>|t|     [95% conf. inte
> rval]
-------------+-----------------------------------------------------------
> -----
    age_bin_ |
         25  |   .5129901   .2568825     2.00   0.046     .0094859    1.0
> 16494
         30  |   .5743736   .1354705     4.24   0.000     .3088438    .83
> 99035
         35  |   .4251871   .0598137     7.11   0.000     .3079488    .54
> 24254
         40  |   .4185522   .0385503    10.86   0.000     .3429914     .4
> 94113
         45  |   .4151586   .0254445    16.32   0.000     .3652859    .46
> 50314
         50  |    .456798   .0186694    24.47   0.000     .4202048    .49
> 33911
         55  |   .4447918   .0166847    26.66   0.000     .4120889    .47
> 74948
         60  |   .4663091   .0166089    28.08   0.000     .4337547    .49
> 88635
         65  |    .562194   .0170441    32.98   0.000     .5287865    .59
> 56014
         70  |   .5439856   .0172776    31.49   0.000     .5101206    .57
> 78505
         75  |    .534684   .0174095    30.71   0.000     .5005603    .56
> 88077
         80  |   .5161592   .0176155    29.30   0.000     .4816319    .55
> 06865
         85  |   .5070563   .0185289    27.37   0.000     .4707386     .5
> 43374
         90  |   .5075459   .0220173    23.05   0.000     .4643909     .5
> 50701
         95  |   .5609414   .0391058    14.34   0.000     .4842918    .63
> 75911
        100  |    .639002   .1268173     5.04   0.000     .3904329    .88
> 75711
        105  |   .4849936   .1474873     3.29   0.001     .1959102    .77
> 40771
             |
    educ_yrs |  -.0125188   .0010396   -12.04   0.000    -.0145566   -.01
> 04811
    2.gender |  -.0444247   .0049379    -9.00   0.000    -.0541034   -.03
> 47461
             |
    race_eth |
          2  |   .1648453     .00972    16.96   0.000     .1457935    .18
> 38971
          3  |   .0777938   .0119977     6.48   0.000     .0542777    .10
> 13099
          4  |   .0336725   .0146378     2.30   0.021     .0049815    .06
> 23635
             |
     inlbrf_ |   .0250844   .0056657     4.43   0.000     .0139792    .03
> 61896
    married_ |  -.0897936   .0054442   -16.49   0.000    -.1004645   -.07
> 91226
     born_us |    .021993   .0097504     2.26   0.024     .0028817    .04
> 11043
             |
    censreg_ |
          2  |  -.0220655   .0076258    -2.89   0.004    -.0370125   -.00
> 71184
          3  |  -.0056393   .0072237    -0.78   0.435    -.0197982    .00
> 85195
          4  |  -.0021958   .0080476    -0.27   0.785    -.0179696     .0
> 13578
             |
        year |
       2004  |     .04289   .0090012     4.76   0.000     .0252472    .06
> 05329
       2006  |   .0482335   .0082934     5.82   0.000      .031978     .0
> 64489
       2008  |   .0421949     .00882     4.78   0.000     .0249072    .05
> 94825
       2010  |  -.0523553   .0086625    -6.04   0.000    -.0693344   -.03
> 53762
       2012  |  -.0086342   .0086467    -1.00   0.318    -.0255821    .00
> 83138
       2014  |    .083287    .009431     8.83   0.000     .0648018    .10
> 17722
       2016  |    .060606   .0097223     6.23   0.000     .0415499    .07
> 96622
       2018  |   .0719064   .0100796     7.13   0.000     .0521498    .09
> 16629
       2020  |   .0814083   .0105137     7.74   0.000     .0608009    .10
> 20157
       2022  |    .142435   .0117409    12.13   0.000     .1194222    .16
> 54478
             |
wealth_~a_d2 |   .1088523   .0267936     4.06   0.000     .0563354    .16
> 13692
wealth_~a_d3 |   .2416384   .0182909    13.21   0.000     .2057872    .27
> 74896
wealth_~a_d4 |   .3578415   .0157633    22.70   0.000     .3269445    .38
> 87384
wealth_~a_d5 |   .3629439   .0145712    24.91   0.000     .3343836    .39
> 15043
wealth_~a_d6 |    .361374   .0144587    24.99   0.000     .3330341     .3
> 89714
wealth_~a_d7 |   .3459441   .0144904    23.87   0.000     .3175422    .37
> 43461
wealth_~a_d8 |   .3156244   .0144022    21.92   0.000     .2873953    .34
> 38535
wealth_~a_d9 |   .3090421    .014399    21.46   0.000     .2808191     .3
> 37265
wealth~a_d10 |   .3370777   .0145092    23.23   0.000     .3086388    .36
> 55165
       _cons |  -.3437154   .0288606   -11.91   0.000    -.4002838   -.28
> 71471
-------------------------------------------------------------------------
> -----

. 
. display _n "--- Spec 2: + Trust ---"

--- Spec 2: + Trust ---

. regress r4_annual_w5 `ctrl_r4' c.`trust_var' if !missing(r4_annual_w5) 
> & !missing(`trust_var'), vce(cluster hhidpn)

Linear regression                               Number of obs     =      
> 3,664
                                                F(43, 670)        =      
>     .
                                                Prob > F          =      
>     .
                                                R-squared         =     0
> .0486
                                                Root MSE          =     .
> 78693

                               (Std. err. adjusted for 671 clusters in hh
> idpn)
-------------------------------------------------------------------------
> -----
             |               Robust
r4_annual~5_ | Coefficient  std. err.      t    P>|t|     [95% conf. inte
> rval]
-------------+-----------------------------------------------------------
> -----
    age_bin_ |
         30  |   .3700221   .1136467     3.26   0.001     .1468755    .59
> 31687
         35  |   .3250204   .2588618     1.26   0.210    -.1832577    .83
> 32984
         40  |    .378075   .1929122     1.96   0.050    -.0007103    .75
> 68603
         45  |   .3740387   .1529736     2.45   0.015     .0736734     .6
> 74404
         50  |    .455824   .1096603     4.16   0.000     .2405048    .67
> 11431
         55  |   .4433683    .095298     4.65   0.000     .2562496     .6
> 30487
         60  |     .50913   .0963268     5.29   0.000     .3199912    .69
> 82687
         65  |   .5769471   .0982714     5.87   0.000     .3839901    .76
> 99041
         70  |   .5314261   .1016616     5.23   0.000     .3318124    .73
> 10398
         75  |   .5332261   .1096831     4.86   0.000     .3178621    .74
> 85901
         80  |   .5425404   .1215018     4.47   0.000     .3039702    .78
> 11105
         85  |   .7680851   .1597118     4.81   0.000     .4544892    1.0
> 81681
         90  |   .1170511   .2814985     0.42   0.678    -.4356743    .66
> 97765
             |
    educ_yrs |  -.0066464    .006928    -0.96   0.338    -.0202495    .00
> 69568
    2.gender |   -.027711   .0302461    -0.92   0.360    -.0870996    .03
> 16776
             |
    race_eth |
          2  |   .1543542   .0488697     3.16   0.002     .0583979    .25
> 03105
          3  |   .2518926   .0674928     3.73   0.000     .1193697    .38
> 44155
          4  |   .1224978   .0797837     1.54   0.125    -.0341584     .2
> 79154
             |
     inlbrf_ |  -.0201529   .0318948    -0.63   0.528    -.0827786    .04
> 24729
    married_ |  -.1063621   .0376925    -2.82   0.005    -.1803717   -.03
> 23525
     born_us |   .0727543   .0492531     1.48   0.140    -.0239547    .16
> 94632
             |
    censreg_ |
          2  |   .0043917   .0414202     0.11   0.916    -.0769374    .08
> 57207
          3  |   .0666131   .0395875     1.68   0.093    -.0111175    .14
> 43436
          4  |   .0190843   .0447256     0.43   0.670    -.0687349    .10
> 69035
             |
        year |
       2004  |   .0302911   .0729774     0.42   0.678    -.1130008     .1
> 73583
       2006  |   .1889324   .0675886     2.80   0.005     .0562215    .32
> 16432
       2008  |   .0120363   .0658437     0.18   0.855    -.1172486    .14
> 13211
       2010  |  -.0079894   .0687606    -0.12   0.908    -.1430017    .12
> 70229
       2012  |   .0306376    .063158     0.49   0.628    -.0933737     .1
> 54649
       2014  |   .1374895   .0675037     2.04   0.042     .0049452    .27
> 00337
       2016  |   .1058461   .0654146     1.62   0.106    -.0225962    .23
> 42885
       2018  |    .077116   .0667016     1.16   0.248    -.0538532    .20
> 80852
       2020  |   .0707304   .0649055     1.09   0.276    -.0567122     .1
> 98173
       2022  |   .2197463   .0742918     2.96   0.003     .0738735    .36
> 56192
             |
wealth_~a_d2 |    .061318   .1641496     0.37   0.709    -.2609915    .38
> 36275
wealth_~a_d3 |    .051462    .116958     0.44   0.660    -.1781864    .28
> 11103
wealth_~a_d4 |   .3830166   .0980854     3.90   0.000     .1904248    .57
> 56084
wealth_~a_d5 |    .401786   .0865907     4.64   0.000     .2317642    .57
> 18078
wealth_~a_d6 |    .489959   .0868486     5.64   0.000     .3194307    .66
> 04872
wealth_~a_d7 |   .4211948   .0855294     4.92   0.000     .2532569    .58
> 91326
wealth_~a_d8 |   .4087701    .084267     4.85   0.000     .2433109    .57
> 42294
wealth_~a_d9 |    .404044    .084637     4.77   0.000     .2378583    .57
> 02297
wealth~a_d10 |   .4171526   .0856496     4.87   0.000     .2489788    .58
> 53265
trust_o~2020 |   .0028138   .0073498     0.38   0.702    -.0116176    .01
> 72451
       _cons |  -.6236689   .1395087    -4.47   0.000    -.8975959    -.3
> 49742
-------------------------------------------------------------------------
> -----

. 
. display _n "--- Spec 3: + Trust + Trust² ---"

--- Spec 3: + Trust + Trust² ---

. regress r4_annual_w5 `ctrl_r4' c.`trust_var' c.`trust_var'#c.`trust_var
> ' if !missing(r4_annual_w5) & !missing(`trust_var'), vce(cluster hhidpn
> )

Linear regression                               Number of obs     =      
> 3,664
                                                F(44, 670)        =      
>     .
                                                Prob > F          =      
>     .
                                                R-squared         =     0
> .0491
                                                Root MSE          =     .
> 78686

                               (Std. err. adjusted for 671 clusters in hh
> idpn)
-------------------------------------------------------------------------
> -----
             |               Robust
r4_annual~5_ | Coefficient  std. err.      t    P>|t|     [95% conf. inte
> rval]
-------------+-----------------------------------------------------------
> -----
    age_bin_ |
         30  |   .4002363   .1128447     3.55   0.000     .1786644    .62
> 18081
         35  |    .329469    .262155     1.26   0.209    -.1852753    .84
> 42133
         40  |   .3891785   .1867756     2.08   0.038     .0224424    .75
> 59145
         45  |   .3896097   .1494212     2.61   0.009     .0962195    .68
> 29999
         50  |    .472466   .1051794     4.49   0.000     .2659451     .6
> 78987
         55  |   .4577398   .0902502     5.07   0.000     .2805326    .63
> 49471
         60  |   .5242572   .0913389     5.74   0.000     .3449123    .70
> 36021
         65  |   .5904521   .0934623     6.32   0.000     .4069379    .77
> 39663
         70  |   .5445561   .0963655     5.65   0.000     .3553414    .73
> 37708
         75  |   .5446433   .1049966     5.19   0.000     .3384813    .75
> 08053
         80  |   .5514784   .1163478     4.74   0.000     .3230283    .77
> 99285
         85  |   .7744511    .156152     4.96   0.000     .4678448    1.0
> 81057
         90  |   .1176937   .2932584     0.40   0.688    -.4581224    .69
> 35098
             |
    educ_yrs |  -.0057942   .0069569    -0.83   0.405     -.019454    .00
> 78657
    2.gender |  -.0304004   .0301441    -1.01   0.314    -.0895887    .02
> 87879
             |
    race_eth |
          2  |   .1506187   .0488881     3.08   0.002     .0546265     .2
> 46611
          3  |   .2534209   .0675567     3.75   0.000     .1207727    .38
> 60692
          4  |   .1191196   .0796322     1.50   0.135    -.0372391    .27
> 54783
             |
     inlbrf_ |  -.0193545   .0319008    -0.61   0.544    -.0819921    .04
> 32831
    married_ |  -.1062479   .0376413    -2.82   0.005     -.180157   -.03
> 23389
     born_us |   .0727899   .0493241     1.48   0.140    -.0240584    .16
> 96383
             |
    censreg_ |
          2  |   .0048591   .0414669     0.12   0.907    -.0765616    .08
> 62798
          3  |   .0660734   .0396946     1.66   0.096    -.0118674    .14
> 40141
          4  |   .0225006   .0449145     0.50   0.617    -.0656895    .11
> 06907
             |
        year |
       2004  |    .029176   .0728265     0.40   0.689    -.1138196    .17
> 21715
       2006  |   .1897027   .0676383     2.80   0.005     .0568942    .32
> 25112
       2008  |   .0132953   .0659283     0.20   0.840    -.1161556    .14
> 27463
       2010  |  -.0066593   .0688845    -0.10   0.923    -.1419148    .12
> 85962
       2012  |   .0318223   .0632135     0.50   0.615     -.092298    .15
> 59427
       2014  |   .1383019   .0675803     2.05   0.041     .0056072    .27
> 09965
       2016  |   .1071868   .0654541     1.64   0.102    -.0213331    .23
> 57067
       2018  |   .0793385   .0668044     1.19   0.235    -.0518327    .21
> 05097
       2020  |   .0733718   .0650967     1.13   0.260    -.0544463    .20
> 11899
       2022  |   .2227877   .0743777     3.00   0.003     .0767462    .36
> 88291
             |
wealth_~a_d2 |    .063086   .1639329     0.38   0.700     -.258798      .
> 38497
wealth_~a_d3 |   .0514056   .1170508     0.44   0.661    -.1784249    .28
> 12361
wealth_~a_d4 |    .386436   .0982529     3.93   0.000     .1935154    .57
> 93567
wealth_~a_d5 |   .4075907   .0867597     4.70   0.000     .2372371    .57
> 79442
wealth_~a_d6 |   .4957214   .0869935     5.70   0.000     .3249086    .66
> 65341
wealth_~a_d7 |   .4269747   .0858328     4.97   0.000      .258441    .59
> 55083
wealth_~a_d8 |   .4163354   .0848155     4.91   0.000     .2497991    .58
> 28716
wealth_~a_d9 |    .411517   .0849024     4.85   0.000     .2448103    .57
> 82238
wealth~a_d10 |   .4241329   .0858399     4.94   0.000     .2555852    .59
> 26806
trust_o~2020 |  -.0227564   .0233933    -0.97   0.331    -.0686893    .02
> 31766
             |
          c. |
trust_o~2020#|
          c. |
trust_o~2020 |   .0021967   .0019973     1.10   0.272    -.0017251    .00
> 61185
             |
       _cons |  -.5915925   .1365415    -4.33   0.000    -.8596933   -.32
> 34917
-------------------------------------------------------------------------
> -----

. quietly testparm c.`trust_var' c.`trust_var'#c.`trust_var'

. display "Joint test Trust+Trust² p-value: " r(p)
Joint test Trust+Trust² p-value: .53115518

. 
. display _n "Done. Log: ${LOG_DIR}/21_inspect_panel_r1_r4.log"

Done. Log: /Volumes/SSD PRO/Github-forks/Chp2-TrustandReturns/Notes/Logs/
> 21_inspect_panel_r1_r4.log

. log close
      name:  <unnamed>
       log:  /Volumes/SSD PRO/Github-forks/Chp2-TrustandReturns/Notes/Log
> s/21_inspect_panel_r1_r4.log
  log type:  text
 closed on:  22 Feb 2026, 18:34:52
-------------------------------------------------------------------------
