---------------------------------------------------------------------------------
      name:  <unnamed>
       log:  /Volumes/SSD PRO/Github-forks/Chp2-TrustandReturns/Notes/Logs/22_reg
> ion_home_trust.log
  log type:  text
 opened on:   5 Mar 2026, 11:00:28

. 
. * ----------------------------------------------------------------------
. * Load data (wide, 2020 cross-section)
. * ----------------------------------------------------------------------
. use "${PROCESSED}/analysis_ready_processed.dta", clear

. set showbaselevels off

. 
. capture confirm variable age_bin

. if _rc {
.     capture confirm variable age_2020
.     if !_rc gen int age_bin = floor(age_2020/5)*5
(29,511 missing values generated)
. }

. 
. * LHS: General trust (2020)
. capture confirm variable trust_others_2020

. if _rc {
.     display as error "22: trust_others_2020 not found. Run pipeline 00-05."
.     log close
.     exit 198
. }

. 
. * Demographics (match 11): age bins, gender, educ, married, race (no inlbrf, bo
> rn_us)
. local demo_core "i.gender educ_yrs married_2020"

. local demo_race "i.race_eth"

. capture confirm variable age_bin

. if !_rc local demo_core "i.age_bin `demo_core'"

. capture confirm variable race_eth

. if _rc local demo_race ""

. 
. * Expanded: + depression, medicaid (from 11 full controls)
. local expanded ""

. capture confirm variable depression_2020

. if !_rc local expanded "`expanded' depression_2020"

. capture confirm variable medicaid_2020

. if !_rc local expanded "`expanded' medicaid_2020"

. 
. local ctrl "`demo_core' `demo_race' `expanded'"

. local ctrl_nomcaid : subinstr local ctrl "medicaid_2020" "", all

. 
. * Trust measures (contextual)
. capture confirm variable regional_trust_2020

. local has_regional = (_rc == 0)

. capture confirm variable pop3_trust_2020

. local has_pop3 = (_rc == 0)

. capture confirm variable population_3bin_2020

. local has_pop3_cat = (_rc == 0)

. 
. * ----------------------------------------------------------------------
. * Regressions: General trust on (1) expanded ctrl, (2) + regional trust,
. *              (3) + pop trust, (4) population bins only (categorical)
. * ----------------------------------------------------------------------
. display _n "###################################################################
> #####"

########################################################################

. display "CROSS-SECTION: General trust (LHS)"
CROSS-SECTION: General trust (LHS)

. display "######################################################################
> ##"
########################################################################

. 
. display _n "--- Spec 1: Baseline + depression + medicaid ---"

--- Spec 1: Baseline + depression + medicaid ---

. regress trust_others_2020 `ctrl' if !missing(trust_others_2020), vce(robust)

Linear regression                               Number of obs     =        884
                                                F(19, 863)        =          .
                                                Prob > F          =          .
                                                R-squared         =     0.1379
                                                Root MSE          =     2.4572

--------------------------------------------------------------------------------
               |               Robust
trust_oth~2020 | Coefficient  std. err.      t    P>|t|     [95% conf. interval]
---------------+----------------------------------------------------------------
       age_bin |
           30  |   6.593954   2.323542     2.84   0.005       2.0335    11.15441
           35  |  -2.176917   1.801287    -1.21   0.227    -5.712333    1.358499
           40  |    .220292   2.074445     0.11   0.915    -3.851256    4.291841
           45  |   2.749494   1.963438     1.40   0.162    -1.104178    6.603166
           50  |   1.664408   1.820311     0.91   0.361    -1.908348    5.237163
           55  |   1.956184   1.768494     1.11   0.269    -1.514868    5.427236
           60  |   2.448847   1.767302     1.39   0.166    -1.019866     5.91756
           65  |   2.389745   1.768555     1.35   0.177    -1.081427    5.860917
           70  |   2.934824   1.780078     1.65   0.100    -.5589639    6.428613
           75  |   2.669571   1.780617     1.50   0.134    -.8252762    6.164417
           80  |   2.995277   1.787955     1.68   0.094    -.5139718    6.504526
           85  |   4.086254   1.862273     2.19   0.028     .4311402    7.741368
               |
      2.gender |   .2543048   .1735195     1.47   0.143    -.0862649    .5948744
      educ_yrs |   .0353061   .0308523     1.14   0.253    -.0252483    .0958605
  married_2020 |   .2636835   .1780175     1.48   0.139    -.0857143    .6130814
               |
      race_eth |
            2  |  -1.011507   .2224621    -4.55   0.000    -1.448137   -.5748765
            3  |  -.3793076   .2678794    -1.42   0.157    -.9050789    .1464638
            4  |  -.2118624   .3125542    -0.68   0.498    -.8253177     .401593
               |
depressio~2020 |  -.1575641   .0440655    -3.58   0.000    -.2440522   -.0710759
 medicaid_2020 |  -.6634867   .2665971    -2.49   0.013    -1.186741   -.1402321
         _cons |   2.901755   1.841419     1.58   0.115    -.7124275    6.515938
--------------------------------------------------------------------------------

. 
. if `has_regional' {
.     display _n "--- Spec 2: + Regional trust (mean trust by census region) ---"

--- Spec 2: + Regional trust (mean trust by census region) ---
.     regress trust_others_2020 `ctrl' c.regional_trust_2020 if !missing(trust_ot
> hers_2020) & !missing(regional_trust_2020), vce(robust)

Linear regression                               Number of obs     =        884
                                                F(20, 862)        =          .
                                                Prob > F          =          .
                                                R-squared         =     0.1383
                                                Root MSE          =     2.4581

--------------------------------------------------------------------------------
               |               Robust
trust_oth~2020 | Coefficient  std. err.      t    P>|t|     [95% conf. interval]
---------------+----------------------------------------------------------------
       age_bin |
           30  |   6.554661   2.328861     2.81   0.005     1.983759    11.12556
           35  |  -2.244952   1.823475    -1.23   0.219    -5.823923    1.334019
           40  |   .1845295   2.085732     0.09   0.930    -3.909178    4.278237
           45  |   2.706181    1.98035     1.37   0.172    -1.180692    6.593054
           50  |   1.629356   1.840248     0.89   0.376    -1.982535    5.241248
           55  |   1.918487   1.787986     1.07   0.284    -1.590829    5.427803
           60  |   2.409976   1.786896     1.35   0.178    -1.097201    5.917153
           65  |   2.352209   1.787678     1.32   0.189    -1.156503     5.86092
           70  |   2.898669   1.799934     1.61   0.108    -.6340977    6.431436
           75  |   2.629306   1.800665     1.46   0.145    -.9048943    6.163506
           80  |   2.946329   1.808453     1.63   0.104    -.6031587    6.495816
           85  |   4.028001   1.882302     2.14   0.033     .3335702    7.722431
               |
      2.gender |   .2502569   .1734334     1.44   0.149    -.0901442    .5906581
      educ_yrs |   .0349139    .030856     1.13   0.258    -.0256478    .0954755
  married_2020 |   .2593438   .1779526     1.46   0.145    -.0899272    .6086149
               |
      race_eth |
            2  |  -1.002673   .2231444    -4.49   0.000    -1.440643   -.5647031
            3  |  -.3644053   .2681161    -1.36   0.174    -.8906422    .1618315
            4  |   -.207577   .3114924    -0.67   0.505    -.8189494    .4037954
               |
depressio~2020 |  -.1578411   .0440798    -3.58   0.000    -.2443573   -.0713249
 medicaid_2020 |  -.6624774   .2669702    -2.48   0.013    -1.186465   -.1384897
regional_~2020 |   .2773546    .440967     0.63   0.530    -.5881401    1.142849
         _cons |   1.448134   2.976274     0.49   0.627    -4.393458    7.289727
--------------------------------------------------------------------------------
. }

. else {
.     display _n "--- Spec 2: Skipped (regional_trust_2020 not found) ---"
. }

. 
. if `has_pop3' {
.     display _n "--- Spec 3: + Hometown/population trust (mean trust by pop 3 bi
> ns) ---"

--- Spec 3: + Hometown/population trust (mean trust by pop 3 bins) ---
.     regress trust_others_2020 `ctrl' c.pop3_trust_2020 if !missing(trust_others
> _2020) & !missing(pop3_trust_2020), vce(robust)

Linear regression                               Number of obs     =        884
                                                F(20, 862)        =          .
                                                Prob > F          =          .
                                                R-squared         =     0.1379
                                                Root MSE          =     2.4586

--------------------------------------------------------------------------------
               |               Robust
trust_oth~2020 | Coefficient  std. err.      t    P>|t|     [95% conf. interval]
---------------+----------------------------------------------------------------
       age_bin |
           30  |   6.592976   2.323782     2.84   0.005     2.032043    11.15391
           35  |   -2.17573   1.802414    -1.21   0.228    -5.713365    1.361904
           40  |   .2131021   2.079517     0.10   0.918    -3.868406    4.294611
           45  |   2.745724   1.963757     1.40   0.162     -1.10858    6.600028
           50  |   1.659458   1.822786     0.91   0.363    -1.918161    5.237077
           55  |   1.951925   1.771475     1.10   0.271    -1.524984    5.428835
           60  |    2.44471   1.770039     1.38   0.168    -1.029381      5.9188
           65  |   2.384887   1.772391     1.35   0.179    -1.093821    5.863594
           70  |   2.930939   1.782875     1.64   0.101    -.5683453    6.430223
           75  |   2.664476   1.783342     1.49   0.136    -.8357246    6.164676
           80  |   2.991063   1.790423     1.67   0.095    -.5230356    6.505162
           85  |   4.078514   1.871993     2.18   0.030     .4043153    7.752712
               |
      2.gender |   .2539862   .1738058     1.46   0.144    -.0871459    .5951183
      educ_yrs |   .0355154    .031079     1.14   0.253    -.0254841    .0965148
  married_2020 |   .2636954   .1781127     1.48   0.139    -.0858899    .6132807
               |
      race_eth |
            2  |  -1.009946   .2239492    -4.51   0.000    -1.449495    -.570396
            3  |  -.3775328   .2675724    -1.41   0.159    -.9027024    .1476369
            4  |  -.2104912   .3147685    -0.67   0.504    -.8282937    .4073113
               |
depressio~2020 |  -.1575992   .0441058    -3.57   0.000    -.2441665   -.0710318
 medicaid_2020 |  -.6637277   .2667005    -2.49   0.013    -1.187186   -.1402694
pop3_trus~2020 |   .0722464   1.176077     0.06   0.951    -2.236064    2.380557
         _cons |   2.512968   6.577764     0.38   0.703    -10.39734    15.42328
--------------------------------------------------------------------------------
. }

. else {
.     display _n "--- Spec 3: Skipped (pop3_trust_2020 not found) ---"
. }

. 
. if `has_pop3_cat' {
.     display _n "--- Spec 4: Baseline controls + population bins (categorical RH
> S) ---"

--- Spec 4: Baseline controls + population bins (categorical RHS) ---
.     regress trust_others_2020 `ctrl' i.population_3bin_2020 if !missing(trust_o
> thers_2020) & !missing(population_3bin_2020), vce(robust)

Linear regression                               Number of obs     =        709
                                                F(20, 686)        =          .
                                                Prob > F          =          .
                                                R-squared         =     0.1650
                                                Root MSE          =     2.3091

--------------------------------------------------------------------------------
               |               Robust
trust_oth~2020 | Coefficient  std. err.      t    P>|t|     [95% conf. interval]
---------------+----------------------------------------------------------------
       age_bin |
           30  |   4.186086   1.830702     2.29   0.023     .5916337    7.780538
           35  |  -2.331283   1.850307    -1.26   0.208    -5.964228    1.301663
           40  |  -.4555789    2.07651    -0.22   0.826    -4.532657    3.621499
           45  |   2.883475   2.192879     1.31   0.189    -1.422086    7.189036
           50  |   1.528763   1.862046     0.82   0.412     -2.12723    5.184756
           55  |   1.881295   1.810183     1.04   0.299     -1.67287     5.43546
           60  |    2.64376   1.808062     1.46   0.144    -.9062399     6.19376
           65  |   2.299217   1.808096     1.27   0.204    -1.250851    5.849284
           70  |   3.237597   1.819934     1.78   0.076    -.3357134    6.810907
           75  |   2.582872   1.821804     1.42   0.157    -.9941088    6.159853
           80  |   2.661266   1.832872     1.45   0.147    -.9374468    6.259979
           85  |   3.901886   1.915192     2.04   0.042     .1415445    7.662228
               |
      2.gender |   .4459434    .182145     2.45   0.015     .0883149    .8035719
      educ_yrs |   .0338276   .0337419     1.00   0.316    -.0324222    .1000773
  married_2020 |   .1789135   .1943207     0.92   0.358    -.2026213    .5604483
               |
      race_eth |
            2  |  -1.112459   .2438197    -4.56   0.000    -1.591181   -.6337363
            3  |  -.3202872   .2904852    -1.10   0.271    -.8906339    .2500595
            4  |  -.3004259   .3685551    -0.82   0.415    -1.024057    .4232055
               |
depressio~2020 |  -.1876531   .0462562    -4.06   0.000    -.2784739   -.0968322
 medicaid_2020 |  -.4406562   .3082764    -1.43   0.153    -1.045935    .1646222
               |
population_3~0 |
            2  |  -.0905845   .2460423    -0.37   0.713    -.5736709    .3925019
            3  |  -.0381876    .244533    -0.16   0.876    -.5183106    .4419354
               |
         _cons |   2.936188    1.90356     1.54   0.123    -.8013149    6.673691
--------------------------------------------------------------------------------
. }

. else {
.     display _n "--- Spec 4: Skipped (population_3bin_2020 not found) ---"
. }

. 
. if `has_pop3_cat' {
.     display _n "--- Spec 5: Spec 4 but without medicaid_2020 ---"

--- Spec 5: Spec 4 but without medicaid_2020 ---
.     regress trust_others_2020 `ctrl_nomcaid' i.population_3bin_2020 if !missing
> (trust_others_2020) & !missing(population_3bin_2020), vce(robust)

Linear regression                               Number of obs     =        717
                                                F(19, 695)        =          .
                                                Prob > F          =          .
                                                R-squared         =     0.1609
                                                Root MSE          =     2.3197

--------------------------------------------------------------------------------
               |               Robust
trust_oth~2020 | Coefficient  std. err.      t    P>|t|     [95% conf. interval]
---------------+----------------------------------------------------------------
       age_bin |
           30  |   3.770421   1.774971     2.12   0.034     .2854735    7.255369
           35  |  -2.799451   1.790651    -1.56   0.118    -6.315186    .7162843
           40  |  -.5000212   2.041919    -0.24   0.807    -4.509091    3.509048
           45  |   2.667246   2.170187     1.23   0.219    -1.593664    6.928156
           50  |   1.358341   1.834653     0.74   0.459    -2.243787    4.960468
           55  |   1.784013   1.781939     1.00   0.317    -1.714616    5.282642
           60  |   2.497172   1.779701     1.40   0.161    -.9970625    5.991407
           65  |   2.183003   1.780092     1.23   0.220    -1.312001    5.678006
           70  |   3.141585   1.790746     1.75   0.080    -.3743354    6.657505
           75  |   2.557177   1.795531     1.42   0.155    -.9681386    6.082493
           80  |   2.558115   1.803224     1.42   0.156    -.9823042    6.098534
           85  |   3.878353   1.890046     2.05   0.041     .1674681    7.589238
               |
      2.gender |   .4685586   .1819388     2.58   0.010     .1113431    .8257741
      educ_yrs |   .0409864    .033743     1.21   0.225    -.0252639    .1072368
  married_2020 |   .2565848   .1927813     1.33   0.184    -.1219186    .6350883
               |
      race_eth |
            2  |  -1.141759   .2394137    -4.77   0.000    -1.611819   -.6716978
            3  |  -.2914279   .2932194    -0.99   0.321      -.86713    .2842741
            4  |  -.2349887   .3668925    -0.64   0.522    -.9553394    .4853619
               |
depressio~2020 |  -.2005826   .0457225    -4.39   0.000    -.2903534   -.1108117
               |
population_3~0 |
            2  |  -.0459754   .2432367    -0.19   0.850    -.5235422    .4315914
            3  |  -.0357045   .2445447    -0.15   0.884    -.5158395    .4444304
               |
         _cons |   2.824662   1.878359     1.50   0.133    -.8632762    6.512601
--------------------------------------------------------------------------------
. }

. else {
.     display _n "--- Spec 5: Skipped (population_3bin_2020 not found) ---"
. }

. 
. * ----------------------------------------------------------------------
. * Additional contemporaneous specs requested
. * 1) baseline + depression + labor income
. * 2) baseline + depression + in labor force
. * 3) baseline + depression + total income
. * 4) baseline + depression + total income + in labor force
. * 5) baseline + depression + wealth decile
. * ----------------------------------------------------------------------
. local base_dep "`demo_core' `demo_race'"

. capture confirm variable depression_2020

. if !_rc local base_dep "`base_dep' depression_2020"

. 
. capture confirm variable labor_income_real_win_2020

. local has_labinc = (_rc == 0)

. capture confirm variable total_income_real_win_2020

. local has_totinc = (_rc == 0)

. capture confirm variable inlbrf_2020

. local has_inlbrf = (_rc == 0)

. 
. local wdec ""

. forvalues d = 2/10 {
  2.     capture confirm variable wealth_d`d'_2020
  3.     if !_rc local wdec "`wdec' wealth_d`d'_2020"
  4. }

. local has_wdec = (trim("`wdec'") != "")

. 
. if `has_labinc' {
.     display _n "--- Addl Spec 1: baseline + depression + labor income (2020) --
> -"

--- Addl Spec 1: baseline + depression + labor income (2020) ---
.     regress trust_others_2020 `base_dep' labor_income_real_win_2020 if !missing
> (trust_others_2020), vce(robust)

Linear regression                               Number of obs     =        894
                                                F(19, 873)        =          .
                                                Prob > F          =          .
                                                R-squared         =     0.1308
                                                Root MSE          =     2.4691

--------------------------------------------------------------------------------
               |               Robust
trust_oth~2020 | Coefficient  std. err.      t    P>|t|     [95% conf. interval]
---------------+----------------------------------------------------------------
       age_bin |
           30  |   6.311352   2.474128     2.55   0.011     1.455419    11.16729
           35  |  -2.902371   1.751251    -1.66   0.098    -6.339525    .5347838
           40  |   .0613262   2.041131     0.03   0.976    -3.944771    4.067424
           45  |   2.454884   1.932703     1.27   0.204    -1.338404    6.248172
           50  |   1.367762    1.79261     0.76   0.446    -2.150567     4.88609
           55  |   1.716373   1.741322     0.99   0.325    -1.701293     5.13404
           60  |   2.192583   1.739313     1.26   0.208    -1.221141    5.606307
           65  |   2.189781   1.739597     1.26   0.208      -1.2245    5.604063
           70  |   2.771118   1.750506     1.58   0.114    -.6645737     6.20681
           75  |    2.61591   1.753975     1.49   0.136    -.8265917    6.058411
           80  |   2.864472   1.758414     1.63   0.104    -.5867404    6.315684
           85  |   4.014891   1.832265     2.19   0.029     .4187315     7.61105
               |
      2.gender |   .2826329   .1749357     1.62   0.107    -.0607107    .6259766
      educ_yrs |   .0373448   .0317211     1.18   0.239    -.0249137    .0996033
  married_2020 |   .3654652    .177187     2.06   0.039     .0177029    .7132275
               |
      race_eth |
            2  |  -1.048714   .2183358    -4.80   0.000    -1.477238   -.6201892
            3  |  -.4207069   .2673391    -1.57   0.116    -.9454094    .1039955
            4  |  -.1648146   .3143593    -0.52   0.600    -.7818029    .4521736
               |
depressio~2020 |  -.1699544   .0437272    -3.89   0.000    -.2557771   -.0841317
la~al_win_2020 |   2.63e-06   2.00e-06     1.32   0.189    -1.30e-06    6.56e-06
         _cons |    2.85804   1.815761     1.57   0.116    -.7057258    6.421807
--------------------------------------------------------------------------------
. }

. else {
.     display _n "--- Addl Spec 1: Skipped (labor_income_real_win_2020 not found)
>  ---"
. }

. 
. if `has_inlbrf' {
.     display _n "--- Addl Spec 2: baseline + depression + in labor force (2020) 
> ---"

--- Addl Spec 2: baseline + depression + in labor force (2020) ---
.     regress trust_others_2020 `base_dep' inlbrf_2020 if !missing(trust_others_2
> 020), vce(robust)

Linear regression                               Number of obs     =        890
                                                F(19, 869)        =          .
                                                Prob > F          =          .
                                                R-squared         =     0.1311
                                                Root MSE          =     2.4523

--------------------------------------------------------------------------------
               |               Robust
trust_oth~2020 | Coefficient  std. err.      t    P>|t|     [95% conf. interval]
---------------+----------------------------------------------------------------
       age_bin |
           30  |   6.281965   2.500406     2.51   0.012     1.374424    11.18951
           35  |   -2.73274   1.692411    -1.61   0.107    -6.054431    .5889509
           40  |   .0939013   1.990951     0.05   0.962    -3.813733    4.001536
           45  |   2.473297   1.890356     1.31   0.191      -1.2369    6.183494
           50  |   1.392044   1.731125     0.80   0.422     -2.00563    4.789719
           55  |   1.780187   1.676215     1.06   0.289    -1.509716    5.070091
           60  |   2.248227   1.675376     1.34   0.180     -1.04003    5.536484
           65  |   2.259241   1.677113     1.35   0.178    -1.032426    5.550908
           70  |   2.813969   1.689007     1.67   0.096    -.5010413    6.128979
           75  |   2.651787   1.692937     1.57   0.118    -.6709375    5.974511
           80  |   2.864252   1.698651     1.69   0.092    -.4696873     6.19819
           85  |   4.056823    1.77501     2.29   0.023     .5730148    7.540631
               |
      2.gender |   .2421832   .1730769     1.40   0.162    -.0975145    .5818809
      educ_yrs |   .0462024   .0307782     1.50   0.134    -.0142059    .1066107
  married_2020 |   .3441286   .1775158     1.94   0.053    -.0042813    .6925384
               |
      race_eth |
            2  |  -1.078533   .2187799    -4.93   0.000    -1.507931   -.6491337
            3  |  -.4420914   .2656143    -1.66   0.096    -.9634119    .0792291
            4  |  -.2086372   .3108166    -0.67   0.502    -.8186763    .4014018
               |
depressio~2020 |  -.1636526   .0445631    -3.67   0.000    -.2511164   -.0761888
   inlbrf_2020 |   .2021524    .188423     1.07   0.284    -.1676651    .5719699
         _cons |   2.717141   1.759144     1.54   0.123    -.7355269    6.169809
--------------------------------------------------------------------------------
. }

. else {
.     display _n "--- Addl Spec 2: Skipped (inlbrf_2020 not found) ---"
. }

. 
. if `has_totinc' {
.     display _n "--- Addl Spec 3: baseline + depression + total income (2020) --
> -"

--- Addl Spec 3: baseline + depression + total income (2020) ---
.     regress trust_others_2020 `base_dep' total_income_real_win_2020 if !missing
> (trust_others_2020), vce(robust)

Linear regression                               Number of obs     =        894
                                                F(19, 873)        =          .
                                                Prob > F          =          .
                                                R-squared         =     0.1296
                                                Root MSE          =     2.4708

--------------------------------------------------------------------------------
               |               Robust
trust_oth~2020 | Coefficient  std. err.      t    P>|t|     [95% conf. interval]
---------------+----------------------------------------------------------------
       age_bin |
           30  |   6.322053   2.501974     2.53   0.012     1.411465    11.23264
           35  |   -2.87619   1.766704    -1.63   0.104    -6.343673    .5912924
           40  |    .133679   2.051286     0.07   0.948    -3.892349    4.159707
           45  |   2.455552   1.945171     1.26   0.207    -1.362206     6.27331
           50  |   1.394864   1.807786     0.77   0.441     -2.15325    4.942979
           55  |    1.76861   1.756543     1.01   0.314    -1.678931     5.21615
           60  |   2.222167   1.754788     1.27   0.206    -1.221929    5.666263
           65  |   2.186682   1.755296     1.25   0.213    -1.258412    5.631776
           70  |   2.743025   1.765756     1.55   0.121    -.7225986    6.208649
           75  |   2.568742   1.768795     1.45   0.147    -.9028463     6.04033
           80  |   2.827561    1.77367     1.59   0.111    -.6535949    6.308716
           85  |   3.972116   1.847043     2.15   0.032     .3469532    7.597279
               |
      2.gender |   .2704546   .1774889     1.52   0.128    -.0779002    .6188093
      educ_yrs |   .0416926    .032033     1.30   0.193    -.0211781    .1045633
  married_2020 |   .3729627   .1777846     2.10   0.036     .0240275    .7218979
               |
      race_eth |
            2  |  -1.049743   .2193057    -4.79   0.000    -1.480171    -.619315
            3  |   -.420118   .2686493    -1.56   0.118    -.9473919    .1071559
            4  |  -.1644257   .3144753    -0.52   0.601    -.7816416    .4527903
               |
depressio~2020 |  -.1734946   .0435933    -3.98   0.000    -.2590546   -.0879346
to~al_win_2020 |   3.69e-07   1.05e-06     0.35   0.727    -1.70e-06    2.44e-06
         _cons |   2.840315   1.830993     1.55   0.121    -.7533477    6.433977
--------------------------------------------------------------------------------
. }

. else {
.     display _n "--- Addl Spec 3: Skipped (total_income_real_win_2020 not found)
>  ---"
. }

. 
. if `has_totinc' & `has_inlbrf' {
.     display _n "--- Addl Spec 4: baseline + depression + total income + in labo
> r force (2020) ---"

--- Addl Spec 4: baseline + depression + total income + in labor force (2020) ---
.     regress trust_others_2020 `base_dep' total_income_real_win_2020 inlbrf_2020
>  if !missing(trust_others_2020), vce(robust)

Linear regression                               Number of obs     =        890
                                                F(20, 868)        =          .
                                                Prob > F          =          .
                                                R-squared         =     0.1311
                                                Root MSE          =     2.4537

--------------------------------------------------------------------------------
               |               Robust
trust_oth~2020 | Coefficient  std. err.      t    P>|t|     [95% conf. interval]
---------------+----------------------------------------------------------------
       age_bin |
           30  |   6.282981   2.505767     2.51   0.012      1.36491    11.20105
           35  |  -2.725101   1.691413    -1.61   0.108    -6.044839    .5946376
           40  |   .0985537   1.989915     0.05   0.961    -3.807054    4.004162
           45  |   2.474394   1.890094     1.31   0.191    -1.235294    6.184083
           50  |   1.396486   1.730142     0.81   0.420    -1.999266    4.792238
           55  |   1.789009   1.675425     1.07   0.286    -1.499349    5.077367
           60  |   2.253696   1.674004     1.35   0.179    -1.031872    5.539264
           65  |   2.267586   1.675623     1.35   0.176    -1.021161    5.556332
           70  |   2.817872   1.687356     1.67   0.095    -.4939036    6.129647
           75  |   2.657977    1.69133     1.57   0.116    -.6615976    5.977552
           80  |   2.871743   1.697494     1.69   0.091    -.4599309    6.203416
           85  |   4.064508   1.774256     2.29   0.022     .5821748    7.546841
               |
      2.gender |   .2362587   .1768083     1.34   0.182    -.1107631    .5832806
      educ_yrs |   .0474989   .0318918     1.49   0.137    -.0150952     .110093
  married_2020 |   .3472364   .1785241     1.95   0.052     -.003153    .6976257
               |
      race_eth |
            2  |  -1.083416   .2191169    -4.94   0.000    -1.513477   -.6533556
            3  |    -.44664    .266539    -1.68   0.094    -.9697762    .0764962
            4  |  -.2151132   .3127585    -0.69   0.492    -.8289645    .3987381
               |
depressio~2020 |  -.1638596   .0446013    -3.67   0.000    -.2513987   -.0763205
to~al_win_2020 |  -2.46e-07   1.06e-06    -0.23   0.817    -2.33e-06    1.84e-06
   inlbrf_2020 |   .2109831   .1925761     1.10   0.274    -.1669863    .5889524
         _cons |   2.707624    1.75911     1.54   0.124    -.7449831    6.160232
--------------------------------------------------------------------------------
. }

. else {
.     display _n "--- Addl Spec 4: Skipped (total_income_real_win_2020 or inlbrf_
> 2020 not found) ---"
. }

. 
. if `has_wdec' & `has_inlbrf' & `has_pop3_cat' {
.     display _n "--- Addl Spec 5: baseline + depression + wealth deciles + in la
> bor force + population bins (2020) ---"

--- Addl Spec 5: baseline + depression + wealth deciles + in labor force + popula
> tion bins (2020) ---
.     regress trust_others_2020 `base_dep' `wdec' inlbrf_2020 i.population_3bin_2
> 020 if !missing(trust_others_2020) & !missing(population_3bin_2020), vce(robust
> )

Linear regression                               Number of obs     =        523
                                                F(27, 493)        =          .
                                                Prob > F          =          .
                                                R-squared         =     0.1957
                                                Root MSE          =     2.2272

--------------------------------------------------------------------------------
               |               Robust
trust_oth~2020 | Coefficient  std. err.      t    P>|t|     [95% conf. interval]
---------------+----------------------------------------------------------------
       age_bin |
           40  |  -.6673742    .732165    -0.91   0.362    -2.105923    .7711744
           45  |   5.873837   1.639422     3.58   0.000      2.65272    9.094953
           50  |   1.992297   .9502938     2.10   0.037     .1251719    3.859422
           55  |   3.633758   .7025505     5.17   0.000     2.253395     5.01412
           60  |    4.70719   .5353134     8.79   0.000     3.655413    5.758967
           65  |   4.428578   .5197566     8.52   0.000     3.407367    5.449789
           70  |   5.352948   .5130779    10.43   0.000     4.344858    6.361037
           75  |   4.758537   .5488241     8.67   0.000     3.680215     5.83686
           80  |   4.717435   .5851818     8.06   0.000     3.567677    5.867193
           85  |   6.280291    .793976     7.91   0.000     4.720297    7.840286
               |
      2.gender |   .5528979   .2124818     2.60   0.010     .1354164    .9703794
      educ_yrs |   .0087314    .046454     0.19   0.851    -.0825409    .1000037
  married_2020 |  -.0760648   .2283273    -0.33   0.739    -.5246794    .3725499
               |
      race_eth |
            2  |  -1.218998   .2925646    -4.17   0.000    -1.793825   -.6441703
            3  |  -.4409726   .3542042    -1.24   0.214    -1.136909    .2549634
            4  |  -1.111373   .5694539    -1.95   0.052    -2.230229    .0074833
               |
depressio~2020 |  -.1423299   .0553926    -2.57   0.010    -.2511647   -.0334952
wealth_d2_2020 |  -.5193423   .5604038    -0.93   0.355    -1.620417    .5817322
wealth_d3_2020 |   .2871262   .4325242     0.66   0.507     -.562692    1.136944
wealth_d4_2020 |   -.655476   .4495102    -1.46   0.145    -1.538668     .227716
wealth_d5_2020 |  -.1276824   .4761404    -0.27   0.789    -1.063197    .8078324
wealth_d6_2020 |  -.5730107   .4322824    -1.33   0.186    -1.422354    .2763324
wealth_d7_2020 |  -.0744922   .4129796    -0.18   0.857    -.8859093     .736925
wealth_d8_2020 |   .1430374   .4129841     0.35   0.729    -.6683886    .9544635
wealth_d9_2020 |   .7389313   .3935869     1.88   0.061    -.0343834    1.512246
wealth_d10_~20 |  -.1652104    .391948    -0.42   0.674    -.9353049     .604884
   inlbrf_2020 |   .0277851   .2219547     0.13   0.900    -.4083088     .463879
               |
population_3~0 |
            2  |   -.035482   .2818338    -0.13   0.900    -.5892255    .5182614
            3  |   .0494425   .2774165     0.18   0.859    -.4956219    .5945069
               |
         _cons |   1.213012   .7793204     1.56   0.120    -.3181866    2.744211
--------------------------------------------------------------------------------
. }

. else {
.     display _n "--- Addl Spec 5: Skipped (wealth deciles, inlbrf_2020, or popul
> ation_3bin_2020 not found) ---"
. }

. 
. capture confirm variable medicaid_2020

. local has_medicaid = (_rc == 0)

. if `has_wdec' & `has_inlbrf' & `has_pop3_cat' & `has_medicaid' {
.     display _n "--- Addl Spec 6: Spec 5 + medicaid_2020 ---"

--- Addl Spec 6: Spec 5 + medicaid_2020 ---
.     regress trust_others_2020 `base_dep' `wdec' inlbrf_2020 i.population_3bin_2
> 020 medicaid_2020 if !missing(trust_others_2020) & !missing(population_3bin_202
> 0), vce(robust)

Linear regression                               Number of obs     =        515
                                                F(28, 484)        =          .
                                                Prob > F          =          .
                                                R-squared         =     0.2061
                                                Root MSE          =     2.2053

--------------------------------------------------------------------------------
               |               Robust
trust_oth~2020 | Coefficient  std. err.      t    P>|t|     [95% conf. interval]
---------------+----------------------------------------------------------------
       age_bin |
           40  |   -.962413    .844875    -1.14   0.255    -2.622489    .6976627
           45  |   5.665126   1.738915     3.26   0.001      2.24837    9.081881
           50  |   1.779643   1.014185     1.75   0.080    -.2131073    3.772393
           55  |   3.109484   .7240791     4.29   0.000     1.686758    4.532211
           60  |   4.490173   .6238548     7.20   0.000     3.264375    5.715972
           65  |    4.16221   .6191138     6.72   0.000     2.945727    5.378692
           70  |   5.038325   .5928259     8.50   0.000     3.873495    6.203155
           75  |   4.394562   .6285385     6.99   0.000     3.159561    5.629564
           80  |   4.434024   .6765857     6.55   0.000     3.104616    5.763432
           85  |   5.933267   .8689875     6.83   0.000     4.225813    7.640721
               |
      2.gender |   .5369123   .2137473     2.51   0.012     .1169251    .9568996
      educ_yrs |   .0007305   .0457439     0.02   0.987    -.0891507    .0906117
  married_2020 |  -.1261718   .2311982    -0.55   0.586     -.580448    .3281044
               |
      race_eth |
            2  |   -1.21641   .2968029    -4.10   0.000    -1.799591   -.6332288
            3  |  -.4980226   .3508987    -1.42   0.156    -1.187495    .1914503
            4  |  -1.398798   .5522557    -2.53   0.012    -2.483913   -.3136836
               |
depressio~2020 |  -.1389242   .0557286    -2.49   0.013     -.248424   -.0294244
wealth_d2_2020 |  -.5959595   .5610457    -1.06   0.289    -1.698346    .5064265
wealth_d3_2020 |   .2561735   .4395492     0.58   0.560    -.6074868    1.119834
wealth_d4_2020 |   -.721308   .4541429    -1.59   0.113    -1.613643    .1710272
wealth_d5_2020 |  -.1844275   .4797582    -0.38   0.701    -1.127093    .7582385
wealth_d6_2020 |  -.6317826   .4304156    -1.47   0.143    -1.477497    .2139313
wealth_d7_2020 |  -.1925321   .4197761    -0.46   0.647    -1.017341    .6322765
wealth_d8_2020 |  -.0144183   .4140299    -0.03   0.972    -.8279364    .7990997
wealth_d9_2020 |   .6293122   .4032065     1.56   0.119     -.162939    1.421563
wealth_d10_~20 |  -.2474901   .4024476    -0.61   0.539     -1.03825      .54327
   inlbrf_2020 |  -.0497573   .2140107    -0.23   0.816    -.4702621    .3707475
               |
population_3~0 |
            2  |  -.0902433   .2858254    -0.32   0.752    -.6518552    .4713687
            3  |   .0461516   .2780923     0.17   0.868    -.5002658    .5925689
               |
 medicaid_2020 |  -.3960611   .3645592    -1.09   0.278    -1.112375     .320253
         _cons |   1.829953   .9028782     2.03   0.043     .0559082    3.603998
--------------------------------------------------------------------------------
. }

. else {
.     display _n "--- Addl Spec 6: Skipped (wealth deciles, inlbrf_2020, populati
> on_3bin_2020, or medicaid_2020 not found) ---"
. }

. 
. local region_var ""

. capture confirm variable censreg

. if !_rc local region_var "censreg"

. if "`region_var'" == "" {
.     capture confirm variable censreg_2020
.     if !_rc local region_var "censreg_2020"
. }

. local has_region = ("`region_var'" != "")

. if `has_wdec' & `has_inlbrf' & `has_pop3_cat' & `has_region' {
.     display _n "--- Addl Spec 7: Spec 6 with region (i.`region_var') instead of
>  medicaid_2020 ---"

--- Addl Spec 7: Spec 6 with region (i.censreg_2020) instead of medicaid_2020 ---
.     regress trust_others_2020 `base_dep' `wdec' inlbrf_2020 i.population_3bin_2
> 020 i.`region_var' if !missing(trust_others_2020) & !missing(population_3bin_20
> 20) & !missing(`region_var'), vce(robust)

Linear regression                               Number of obs     =        522
                                                F(30, 489)        =          .
                                                Prob > F          =          .
                                                R-squared         =     0.1962
                                                Root MSE          =     2.2354

--------------------------------------------------------------------------------
               |               Robust
trust_oth~2020 | Coefficient  std. err.      t    P>|t|     [95% conf. interval]
---------------+----------------------------------------------------------------
       age_bin |
           40  |   -.547607   .7759093    -0.71   0.481    -2.072135    .9769207
           45  |   5.919143   1.648857     3.59   0.000     2.679425    9.158862
           50  |   2.055194   .9594364     2.14   0.033     .1700673     3.94032
           55  |   3.683738   .7177578     5.13   0.000     2.273468    5.094008
           60  |   4.754942   .5577066     8.53   0.000     3.659145    5.850739
           65  |   4.478399    .539778     8.30   0.000     3.417828    5.538969
           70  |   5.395377   .5328389    10.13   0.000     4.348441    6.442313
           75  |    4.80517   .5754985     8.35   0.000     3.674415    5.935925
           80  |   4.767812   .6072902     7.85   0.000     3.574592    5.961033
           85  |   6.299119   .8138939     7.74   0.000     4.699958    7.898279
               |
      2.gender |   .5423232   .2129381     2.55   0.011     .1239366    .9607097
      educ_yrs |    .008429   .0463547     0.18   0.856    -.0826499    .0995079
  married_2020 |  -.0887121    .231364    -0.38   0.702    -.5433023    .3658781
               |
      race_eth |
            2  |  -1.206558   .2950957    -4.09   0.000     -1.78637   -.6267458
            3  |  -.4245308    .361354    -1.17   0.241    -1.134529    .2854674
            4  |   -1.09783   .5892509    -1.86   0.063    -2.255606    .0599462
               |
depressio~2020 |   -.143665   .0553596    -2.60   0.010    -.2524371   -.0348929
wealth_d2_2020 |  -.5445157   .5636972    -0.97   0.335    -1.652083    .5630518
wealth_d3_2020 |    .281768   .4339878     0.65   0.516     -.570943    1.134479
wealth_d4_2020 |  -.6521326   .4538971    -1.44   0.151    -1.543962    .2396968
wealth_d5_2020 |  -.1232557   .4772741    -0.26   0.796    -1.061017    .8145055
wealth_d6_2020 |  -.5649449   .4367856    -1.29   0.196    -1.423153    .2932632
wealth_d7_2020 |  -.0824883   .4135058    -0.20   0.842    -.8949556    .7299791
wealth_d8_2020 |   .1400162    .411141     0.34   0.734    -.6678049    .9478372
wealth_d9_2020 |   .7309876    .397339     1.84   0.066    -.0497148     1.51169
wealth_d10_~20 |  -.1508332   .3956345    -0.38   0.703    -.9281865    .6265201
   inlbrf_2020 |   .0177293   .2244573     0.08   0.937    -.4232905     .458749
               |
population_3~0 |
            2  |  -.0317747   .2834426    -0.11   0.911    -.5886904    .5251411
            3  |   .0625965   .2864719     0.22   0.827    -.5002712    .6254643
               |
  censreg_2020 |
            2  |   .1467117   .3380957     0.43   0.665    -.5175879    .8110113
            3  |   .0092913   .3205208     0.03   0.977    -.6204766    .6390593
            4  |   .0667571   .3405941     0.20   0.845    -.6024515    .7359656
               |
         _cons |   1.129113   .8142226     1.39   0.166    -.4706938    2.728919
--------------------------------------------------------------------------------
. }

. else {
.     display _n "--- Addl Spec 7: Skipped (wealth deciles, inlbrf_2020, populati
> on_3bin_2020, or region variable not found) ---"
. }

. 
. if `has_wdec' & `has_inlbrf' & `has_region' {
.     display _n "--- Addl Spec 8: Spec 5 with region (i.`region_var') instead of
>  population bins ---"

--- Addl Spec 8: Spec 5 with region (i.censreg_2020) instead of population bins -
> --
.     regress trust_others_2020 `base_dep' `wdec' inlbrf_2020 i.`region_var' if !
> missing(trust_others_2020) & !missing(`region_var'), vce(robust)

Linear regression                               Number of obs     =        663
                                                F(29, 632)        =          .
                                                Prob > F          =          .
                                                R-squared         =     0.1593
                                                Root MSE          =     2.4391

--------------------------------------------------------------------------------
               |               Robust
trust_oth~2020 | Coefficient  std. err.      t    P>|t|     [95% conf. interval]
---------------+----------------------------------------------------------------
       age_bin |
           40  |    3.08281   2.460201     1.25   0.211    -1.748347    7.913968
           45  |   5.531059   1.450691     3.81   0.000       2.6823    8.379817
           50  |   2.097374   .8749819     2.40   0.017       .37915    3.815597
           55  |    3.78529   .6785747     5.58   0.000     2.452756    5.117824
           60  |   4.441882   .5476819     8.11   0.000     3.366386    5.517379
           65  |    4.55689   .5245592     8.69   0.000       3.5268    5.586979
           70  |   5.073263   .5336522     9.51   0.000     4.025317    6.121209
           75  |   4.881998   .5672394     8.61   0.000     3.768096      5.9959
           80  |   5.066887   .5823387     8.70   0.000     3.923334    6.210439
           85  |   6.438022    .754148     8.54   0.000     4.957083    7.918961
               |
      2.gender |   .2962126   .2056471     1.44   0.150    -.1076218     .700047
      educ_yrs |   .0479775   .0417275     1.15   0.251    -.0339639    .1299189
  married_2020 |   .0851953   .2165787     0.39   0.694    -.3401057    .5104963
               |
      race_eth |
            2  |  -1.160832   .2738105    -4.24   0.000     -1.69852   -.6231437
            3  |  -.5171014   .3238531    -1.60   0.111     -1.15306    .1188569
            4  |   -.961816   .5025541    -1.91   0.056    -1.948694    .0250618
               |
depressio~2020 |   -.101113   .0522328    -1.94   0.053    -.2036839    .0014579
wealth_d2_2020 |  -.3943317   .5073877    -0.78   0.437    -1.390701     .602038
wealth_d3_2020 |   .6150616   .3970062     1.55   0.122    -.1645493    1.394673
wealth_d4_2020 |  -.3468973   .4350585    -0.80   0.426    -1.201232    .5074378
wealth_d5_2020 |   .2954706    .459051     0.64   0.520    -.6059792     1.19692
wealth_d6_2020 |  -.5136968   .4348454    -1.18   0.238    -1.367613    .3402198
wealth_d7_2020 |  -.2369079   .4239173    -0.56   0.576    -1.069365     .595549
wealth_d8_2020 |   .3139888   .3971782     0.79   0.430    -.4659598    1.093937
wealth_d9_2020 |   .5967208   .3854112     1.55   0.122    -.1601206    1.353562
wealth_d10_~20 |  -.0835903   .3871878    -0.22   0.829    -.8439206      .67674
   inlbrf_2020 |   .0317745   .2141916     0.15   0.882    -.3888388    .4523878
               |
  censreg_2020 |
            2  |   .4893343   .3167387     1.54   0.123    -.1326532    1.111322
            3  |   .3470403   .2935621     1.18   0.238    -.2294349    .9235155
            4  |   .4052556   .3163731     1.28   0.201     -.216014    1.026525
               |
         _cons |   .1867956   .7386468     0.25   0.800    -1.263703    1.637295
--------------------------------------------------------------------------------
. }

. else {
.     display _n "--- Addl Spec 8: Skipped (wealth deciles, inlbrf_2020, or regio
> n variable not found) ---"
. }

. 
. * ----------------------------------------------------------------------
. * Test of exclusion restriction
. * Cross-correlation diagnostics in log only
. *  - 2022 returns (r1..r5) + trust/pop/depression (2020)
. *  - average returns (r1..r5 avg) + trust/pop/depression (2020)
. * ----------------------------------------------------------------------
. local corr_vars_2022 "r1_annual_2022 r2_annual_2022 r3_annual_2022 r4_annual_20
> 22 r5_annual_2022 trust_others_2020 population_3bin_2020 depression_2020"

. local corr_vars_avg  "r1_annual_avg r2_annual_avg r3_annual_avg r4_annual_avg r
> 5_annual_avg trust_others_2020 population_3bin_2020 depression_2020"

. 
. foreach set in 2022 avg {
  2.     local use_vars ""
  3.     if "`set'" == "2022" local cand "`corr_vars_2022'"
  4.     if "`set'" == "avg"  local cand "`corr_vars_avg'"
  5.     foreach v of local cand {
  6.         capture confirm variable `v'
  7.         if !_rc local use_vars "`use_vars' `v'"
  8.     }
  9.     local nvars : word count `use_vars'
 10.     if `nvars' < 2 {
 11.         di as txt "Correlation table (`set') skipped: fewer than 2 variables
>  found."
 12.         continue
 13.     }
 14. 
.     display _n "------------------------------------------------------------"
 15.     display "Correlation matrix (`set')"
 16.     display "Variables: `use_vars'"
 17.     display "------------------------------------------------------------"
 18.     correlate `use_vars'
 19. }

------------------------------------------------------------
Correlation matrix (2022)
Variables:  r1_annual_2022 r2_annual_2022 r3_annual_2022 r4_annual_2022 r5_annual
> _2022 trust_others_2020 population_3bin_2020 depression_2020
------------------------------------------------------------
(obs=163)

             | r1_ann.. r2_ann.. r3_ann.. r4_ann.. r5_ann.. t~othe~0 p~3bin~0
-------------+---------------------------------------------------------------
r1_an~l_2022 |   1.0000
r2_an~l_2022 |   0.0073   1.0000
r3_an~l_2022 |  -0.0822   0.1023   1.0000
r4_an~l_2022 |   0.6518   0.4269  -0.0360   1.0000
r5_an~l_2022 |   0.2553   0.2114   0.5648   0.4595   1.0000
trust_o~2020 |   0.0946  -0.0094   0.0139   0.0979   0.0295   1.0000
popu~in_2020 |  -0.0790   0.0296  -0.0161   0.0519   0.0426  -0.0302   1.0000
depress~2020 |  -0.0606  -0.0632  -0.1716  -0.0772  -0.1302  -0.1455   0.0530

             | dep~2020
-------------+---------
depress~2020 |   1.0000


------------------------------------------------------------
Correlation matrix (avg)
Variables:  r1_annual_avg r2_annual_avg r3_annual_avg r4_annual_avg r5_annual_avg
>  trust_others_2020 population_3bin_2020 depression_2020
------------------------------------------------------------
(obs=333)

             | r1_ann~g r2_ann~g r3_ann~g r4_ann~g r5_ann~g t~othe~0 p~3bin~0
-------------+---------------------------------------------------------------
r1_annual_~g |   1.0000
r2_annual_~g |   0.1805   1.0000
r3_annual_~g |   0.3212   0.2028   1.0000
r4_annual_~g |   0.3884   0.2186   0.2696   1.0000
r5_annual_~g |   0.3240   0.1004   0.3627   0.2969   1.0000
trust_o~2020 |  -0.0468   0.0742  -0.0854  -0.0359   0.0057   1.0000
popu~in_2020 |  -0.0004   0.0792   0.1251   0.0761   0.0851   0.0089   1.0000
depress~2020 |  -0.0292  -0.0512  -0.0634  -0.0486   0.0698  -0.1754   0.0104

             | dep~2020
-------------+---------
depress~2020 |   1.0000


. 
. * ----------------------------------------------------------------------
. * Test of exclusion restriction
. * Additional r5 diagnostics in log only
. *   1) r5 (2022, w5): controls + depression
. *   2) r5 (2022, w5): controls + depression + Trust + Trust^2
. *   3) r5 (avg, w5):  controls + depression
. *   4) r5 (avg, w5):  controls + depression + Trust + Trust^2
. * ----------------------------------------------------------------------
. local y_r5_cs "r5_annual_w5_2022"

. capture confirm variable `y_r5_cs'

. if _rc local y_r5_cs "r5_annual_2022_w5"

. 
. local y_r5_avg "r5_annual_avg_w5"

. capture confirm variable `y_r5_avg'

. if _rc local y_r5_avg "r5_annual_avg"

. 
. local ctrl_r5_diag "`demo_core' `demo_race' inlbrf_2020"

. forvalues d = 2/10 {
  2.     capture confirm variable wealth_d`d'_2020
  3.     if !_rc local ctrl_r5_diag "`ctrl_r5_diag' wealth_d`d'_2020"
  4. }

. capture confirm variable depression_2020

. if !_rc local ctrl_r5_diag "`ctrl_r5_diag' depression_2020"

. 
. capture confirm variable `y_r5_cs'

. local has_cs = (_rc == 0)

. capture confirm variable `y_r5_avg'

. local has_avg = (_rc == 0)

. capture confirm variable trust_others_2020

. local has_trust = (_rc == 0)

. 
. if `has_cs' & `has_trust' {
.     display _n "--- Excl. Spec 1: r5 (2022, w5) on controls + depression ---"

--- Excl. Spec 1: r5 (2022, w5) on controls + depression ---
.     regress `y_r5_cs' `ctrl_r5_diag' if !missing(`y_r5_cs'), vce(robust)

Linear regression                               Number of obs     =      6,997
                                                F(30, 6966)       =      41.95
                                                Prob > F          =     0.0000
                                                R-squared         =     0.1948
                                                Root MSE          =     .40322

--------------------------------------------------------------------------------
               |               Robust
r5_annu~5_2022 | Coefficient  std. err.      t    P>|t|     [95% conf. interval]
---------------+----------------------------------------------------------------
       age_bin |
           40  |   .5491709   .1881028     2.92   0.004     .1804321    .9179097
           45  |   .5093598   .0914046     5.57   0.000      .330179    .6885406
           50  |   .5437567   .0713557     7.62   0.000     .4038778    .6836356
           55  |   .5866269   .0492353    11.91   0.000     .4901106    .6831431
           60  |   .6341314   .0430193    14.74   0.000     .5498005    .7184623
           65  |    .627857   .0423946    14.81   0.000     .5447507    .7109633
           70  |   .6111578   .0428387    14.27   0.000     .5271808    .6951347
           75  |   .6074048   .0433389    14.02   0.000     .5224474    .6923622
           80  |   .6150058    .043751    14.06   0.000     .5292405    .7007712
           85  |   .6084047    .047194    12.89   0.000     .5158902    .7009193
           90  |   .6084045   .0567163    10.73   0.000     .4972232    .7195858
           95  |   .5137199   .1109844     4.63   0.000     .2961566    .7312831
          100  |   .2262082   .1197266     1.89   0.059    -.0084923    .4609087
               |
      2.gender |  -.0096775   .0101097    -0.96   0.338    -.0294956    .0101406
      educ_yrs |   .0153027    .002034     7.52   0.000     .0113154      .01929
  married_2020 |   .0295478    .011292     2.62   0.009      .007412    .0516836
               |
      race_eth |
            2  |  -.0944852    .016808    -5.62   0.000    -.1274341   -.0615363
            3  |   -.054066   .0170808    -3.17   0.002    -.0875495   -.0205824
            4  |  -.0034951   .0284279    -0.12   0.902    -.0592225    .0522322
               |
   inlbrf_2020 |   .0378831    .011837     3.20   0.001     .0146789    .0610873
wealth_d2_2020 |   .0662546   .0870087     0.76   0.446    -.1043089    .2368181
wealth_d3_2020 |  -.0214277   .0461888    -0.46   0.643    -.1119718    .0691164
wealth_d4_2020 |  -.3383891   .0419671    -8.06   0.000    -.4206574   -.2561209
wealth_d5_2020 |  -.4091832   .0410853    -9.96   0.000    -.4897228   -.3286435
wealth_d6_2020 |  -.4950746   .0402158   -12.31   0.000    -.5739099   -.4162393
wealth_d7_2020 |  -.5311447    .040114   -13.24   0.000    -.6097803   -.4525092
wealth_d8_2020 |   -.607455     .03958   -15.35   0.000    -.6850439   -.5298661
wealth_d9_2020 |  -.6274423    .039357   -15.94   0.000    -.7045939   -.5502906
wealth_d10_~20 |  -.7116041   .0394914   -18.02   0.000    -.7890193   -.6341889
depressio~2020 |  -.0099323   .0028543    -3.48   0.001    -.0155276   -.0043369
         _cons |   -.114121   .0659096    -1.73   0.083    -.2433238    .0150819
--------------------------------------------------------------------------------
. 
.     display _n "--- Excl. Spec 2: r5 (2022, w5) on controls + depression + Trus
> t + Trust^2 ---"

--- Excl. Spec 2: r5 (2022, w5) on controls + depression + Trust + Trust^2 ---
.     regress `y_r5_cs' `ctrl_r5_diag' c.trust_others_2020 c.trust_others_2020#c.
> trust_others_2020 if !missing(`y_r5_cs') & !missing(trust_others_2020), vce(rob
> ust)

Linear regression                               Number of obs     =        406
                                                F(26, 377)        =          .
                                                Prob > F          =          .
                                                R-squared         =     0.2869
                                                Root MSE          =     .41542

--------------------------------------------------------------------------------
               |               Robust
r5_annu~5_2022 | Coefficient  std. err.      t    P>|t|     [95% conf. interval]
---------------+----------------------------------------------------------------
       age_bin |
           45  |   .3790714    .130659     2.90   0.004     .1221597    .6359831
           50  |    .145336   .4192346     0.35   0.729    -.6789951    .9696671
           55  |   .5616699   .1318769     4.26   0.000     .3023634    .8209763
           60  |   .6438147   .1201823     5.36   0.000     .4075031    .8801264
           65  |   .6861218   .1059499     6.48   0.000     .4777951    .8944485
           70  |   .6401585    .109123     5.87   0.000     .4255926    .8547244
           75  |   .7256736   .1163033     6.24   0.000     .4969892     .954358
           80  |   .7389467   .1201864     6.15   0.000     .5026271    .9752663
           85  |    .736387    .159766     4.61   0.000     .4222429    1.050531
               |
      2.gender |  -.0928236   .0445425    -2.08   0.038    -.1804065   -.0052407
      educ_yrs |   .0240384     .00839     2.87   0.004     .0075413    .0405355
  married_2020 |   .0768316   .0506977     1.52   0.130    -.0228541    .1765172
               |
      race_eth |
            2  |  -.1545776   .0655077    -2.36   0.019    -.2833838   -.0257714
            3  |  -.1485337   .0706419    -2.10   0.036    -.2874353   -.0096322
            4  |  -.0560233   .1211959    -0.46   0.644    -.2943279    .1822814
               |
   inlbrf_2020 |   .1293967   .0518191     2.50   0.013     .0275061    .2312873
wealth_d2_2020 |   .4356766   .3666403     1.19   0.235    -.2852395    1.156593
wealth_d3_2020 |   .1323141   .1640847     0.81   0.421    -.1903218    .4549499
wealth_d4_2020 |  -.0605045   .1545071    -0.39   0.696    -.3643082    .2432991
wealth_d5_2020 |  -.3108693   .1489817    -2.09   0.038    -.6038085   -.0179301
wealth_d6_2020 |  -.3748146   .1446042    -2.59   0.010    -.6591465   -.0904828
wealth_d7_2020 |  -.4295215   .1501633    -2.86   0.004     -.724784    -.134259
wealth_d8_2020 |  -.5405024   .1441641    -3.75   0.000    -.8239689   -.2570359
wealth_d9_2020 |  -.5876449   .1429426    -4.11   0.000    -.8687096   -.3065802
wealth_d10_~20 |  -.6985667   .1423386    -4.91   0.000    -.9784437   -.4186898
depressio~2020 |   .0002337   .0128335     0.02   0.985    -.0250006     .025468
trust_oth~2020 |   .0309303   .0295712     1.05   0.296    -.0272149    .0890755
               |
            c. |
trust_oth~2020#|
            c. |
trust_oth~2020 |  -.0022466   .0026101    -0.86   0.390    -.0073789    .0028856
               |
         _cons |  -.4605799   .2030762    -2.27   0.024    -.8598839   -.0612759
--------------------------------------------------------------------------------
.     quietly testparm c.trust_others_2020 c.trust_others_2020#c.trust_others_202
> 0
.     display as txt "Joint test (Trust, Trust^2) p-value = " %6.4f r(p)
Joint test (Trust, Trust^2) p-value = 0.5394
. }

. else {
.     display _n "--- Excl. Spec 1-2: Skipped (r5 2022 w5 or trust var not found)
>  ---"
. }

. 
. if `has_avg' & `has_trust' {
.     display _n "--- Excl. Spec 3: r5 (average, w5) on controls + depression ---
> "

--- Excl. Spec 3: r5 (average, w5) on controls + depression ---
.     regress `y_r5_avg' `ctrl_r5_diag' if !missing(`y_r5_avg'), vce(robust)

Linear regression                               Number of obs     =     10,155
                                                F(31, 10123)      =     647.89
                                                Prob > F          =     0.0000
                                                R-squared         =     0.0455
                                                Root MSE          =      .2854

--------------------------------------------------------------------------------
               |               Robust
r5_annual_av~5 | Coefficient  std. err.      t    P>|t|     [95% conf. interval]
---------------+----------------------------------------------------------------
       age_bin |
           35  |  -.0284619   .0533678    -0.53   0.594    -.1330734    .0761497
           40  |   .1800886   .0848684     2.12   0.034     .0137297    .3464476
           45  |   .1889805   .0530222     3.56   0.000     .0850465    .2929145
           50  |   .1860238   .0376397     4.94   0.000     .1122426     .259805
           55  |   .2098329    .025072     8.37   0.000     .1606869     .258979
           60  |   .2199565   .0204681    10.75   0.000     .1798349    .2600781
           65  |   .2348129    .019953    11.77   0.000     .1957011    .2739247
           70  |   .2513071   .0203074    12.38   0.000     .2115005    .2911137
           75  |   .2277997   .0196849    11.57   0.000     .1892134    .2663861
           80  |   .2035445   .0199401    10.21   0.000      .164458     .242631
           85  |   .1841994    .020756     8.87   0.000     .1435136    .2248853
           90  |   .1504686   .0221154     6.80   0.000     .1071181    .1938192
           95  |   .1964947    .042262     4.65   0.000     .1136527    .2793366
          100  |   .1765017   .0666012     2.65   0.008     .0459502    .3070532
               |
      2.gender |  -.0201918   .0059987    -3.37   0.001    -.0319504   -.0084332
      educ_yrs |   .0080983   .0011531     7.02   0.000      .005838    .0103586
  married_2020 |  -.0156149   .0064588    -2.42   0.016    -.0282755   -.0029544
               |
      race_eth |
            2  |   .0093497   .0094474     0.99   0.322     -.009169    .0278684
            3  |   .0164842   .0105847     1.56   0.119    -.0042639    .0372323
            4  |   -.000356   .0175224    -0.02   0.984    -.0347035    .0339914
               |
   inlbrf_2020 |   .0471129   .0076437     6.16   0.000     .0321298     .062096
wealth_d2_2020 |  -.1085566   .0235241    -4.61   0.000    -.1546686   -.0624446
wealth_d3_2020 |   .0452867   .0194566     2.33   0.020     .0071478    .0834255
wealth_d4_2020 |  -.0189579   .0180454    -1.05   0.293    -.0543305    .0164147
wealth_d5_2020 |    .001717   .0177689     0.10   0.923    -.0331137    .0365476
wealth_d6_2020 |  -.0421328   .0173449    -2.43   0.015    -.0761323   -.0081333
wealth_d7_2020 |  -.0603052    .017067    -3.53   0.000      -.09376   -.0268505
wealth_d8_2020 |  -.0718329   .0172198    -4.17   0.000     -.105587   -.0380788
wealth_d9_2020 |  -.0861526   .0169539    -5.08   0.000    -.1193856   -.0529196
wealth_d10_~20 |   -.091089   .0170051    -5.36   0.000    -.1244224   -.0577556
depressio~2020 |  -.0054327    .001582    -3.43   0.001    -.0085337   -.0023316
         _cons |  -.0764939   .0301841    -2.53   0.011    -.1356608    -.017327
--------------------------------------------------------------------------------
. 
.     display _n "--- Excl. Spec 4: r5 (average, w5) on controls + depression + T
> rust + Trust^2 ---"

--- Excl. Spec 4: r5 (average, w5) on controls + depression + Trust + Trust^2 ---
.     regress `y_r5_avg' `ctrl_r5_diag' c.trust_others_2020 c.trust_others_2020#c
> .trust_others_2020 if !missing(`y_r5_avg') & !missing(trust_others_2020), vce(r
> obust)

Linear regression                               Number of obs     =        593
                                                F(27, 563)        =          .
                                                Prob > F          =          .
                                                R-squared         =     0.1152
                                                Root MSE          =     .29653

--------------------------------------------------------------------------------
               |               Robust
r5_annual_av~5 | Coefficient  std. err.      t    P>|t|     [95% conf. interval]
---------------+----------------------------------------------------------------
       age_bin |
           40  |   .0289961   .1107366     0.26   0.794    -.1885113    .2465034
           45  |    .189401     .22513     0.84   0.401    -.2527963    .6315983
           50  |   -.294848   .1183796    -2.49   0.013    -.5273677   -.0623283
           55  |   .0730739   .1103133     0.66   0.508    -.1436019    .2897497
           60  |  -.0084136   .0711262    -0.12   0.906    -.1481188    .1312915
           65  |  -.0145824    .065788    -0.22   0.825    -.1438023    .1146375
           70  |   .0637852   .0692421     0.92   0.357    -.0722192    .1997895
           75  |   .0216489   .0669443     0.32   0.747    -.1098422      .15314
           80  |  -.0318541   .0661984    -0.48   0.631    -.1618802    .0981719
           85  |  -.0386336   .0727647    -0.53   0.596     -.181557    .1042897
               |
      2.gender |  -.0374912   .0247084    -1.52   0.130    -.0860231    .0110406
      educ_yrs |   .0048942    .004836     1.01   0.312    -.0046046     .014393
  married_2020 |  -.0112973   .0286443    -0.39   0.693      -.06756    .0449655
               |
      race_eth |
            2  |   .0248732   .0395198     0.63   0.529    -.0527511    .1024975
            3  |  -.0419636   .0446262    -0.94   0.347    -.1296178    .0456906
            4  |   .0332697   .0724714     0.46   0.646    -.1090776    .1756171
               |
   inlbrf_2020 |    .094513   .0340772     2.77   0.006      .027579    .1614469
wealth_d2_2020 |  -.0957566   .0965024    -0.99   0.321    -.2853052    .0937921
wealth_d3_2020 |  -.0009428   .0721018    -0.01   0.990    -.1425643    .1406787
wealth_d4_2020 |  -.0454634   .0692902    -0.66   0.512    -.1815623    .0906356
wealth_d5_2020 |  -.0249348    .070923    -0.35   0.725    -.1642407    .1143712
wealth_d6_2020 |  -.0772598   .0664785    -1.16   0.246    -.2078359    .0533163
wealth_d7_2020 |   -.080027   .0675177    -1.19   0.236    -.2126443    .0525903
wealth_d8_2020 |  -.0798122    .069784    -1.14   0.253     -.216881    .0572565
wealth_d9_2020 |  -.1315701   .0655921    -2.01   0.045    -.2604053   -.0027349
wealth_d10_~20 |  -.1266916   .0643048    -1.97   0.049    -.2529982   -.0003851
depressio~2020 |    -.00274   .0071189    -0.38   0.700    -.0167228    .0112428
trust_oth~2020 |   .0463617   .0168388     2.75   0.006     .0132871    .0794362
               |
            c. |
trust_oth~2020#|
            c. |
trust_oth~2020 |  -.0033742   .0014466    -2.33   0.020    -.0062157   -.0005327
               |
         _cons |   .0803651   .0966057     0.83   0.406    -.1093864    .2701167
--------------------------------------------------------------------------------
.     quietly testparm c.trust_others_2020 c.trust_others_2020#c.trust_others_202
> 0
.     display as txt "Joint test (Trust, Trust^2) p-value = " %6.4f r(p)
Joint test (Trust, Trust^2) p-value = 0.0156
. }

. else {
.     display _n "--- Excl. Spec 3-4: Skipped (r5 average or trust var not found)
>  ---"
. }

. 
. display _n "Done. Log: ${LOG_DIR}/22_region_home_trust.log"

Done. Log: /Volumes/SSD PRO/Github-forks/Chp2-TrustandReturns/Notes/Logs/22_regio
> n_home_trust.log

. log close
      name:  <unnamed>
       log:  /Volumes/SSD PRO/Github-forks/Chp2-TrustandReturns/Notes/Logs/22_reg
> ion_home_trust.log
  log type:  text
 closed on:   5 Mar 2026, 11:00:29
---------------------------------------------------------------------------------
