---------------------------------------------------------------------------------
      name:  <unnamed>
       log:  /Volumes/SSD PRO/Github-forks/Chp2-TrustandReturns/Notes/Logs/29_2sl
> s_untrust.log
  log type:  text
 opened on:   5 Mar 2026, 14:11:36

. 
. use "${PROCESSED}/analysis_ready_processed.dta", clear

. set showbaselevels off

. 
. capture confirm variable trust_others_2020

. if _rc {
.     display as error "29: trust_others_2020 not found. Run pipeline 00-05."
.     log close
.     exit 198
. }

. 
. local untrust_vars "untrust_social_security_2020 untrust_medicare_medicaid_2020
>  untrust_banks_2020 untrust_advisors_2020 untrust_mutual_funds_2020 untrust_ins
> urance_2020"

. local have_untrust ""

. foreach v of local untrust_vars {
  2.     capture confirm variable `v'
  3.     if !_rc local have_untrust "`have_untrust' `v'"
  4. }

. local n_untrust : word count `have_untrust'

. if `n_untrust' < 2 {
.     display as error "29: fewer than 2 untrust variables found. Check 01_2 and 
> 03."
.     log close
.     exit 198
. }

. 
. * Age bins
. capture confirm variable age_bin

. if _rc {
.     capture confirm variable age_2020
.     if !_rc gen int age_bin = floor(age_2020/5)*5
(29,511 missing values generated)
. }

. 
. * Demographics (match 22 Addl Spec 7b)
. local demo_core "i.gender educ_yrs married_2020"

. local demo_race "i.race_eth"

. capture confirm variable age_bin

. if !_rc local demo_core "i.age_bin `demo_core'"

. capture confirm variable race_eth

. if _rc local demo_race ""

. 
. * Region fallback in wide data
. local region_var ""

. capture confirm variable censreg

. if !_rc local region_var "censreg"

. if "`region_var'" == "" {
.     capture confirm variable censreg_2020
.     if !_rc local region_var "censreg_2020"
. }

. local has_region = ("`region_var'" != "")

. 
. capture confirm variable inlbrf_2020

. local has_inlbrf = (_rc == 0)

. capture confirm variable depression_2020

. local has_dep = (_rc == 0)

. capture confirm variable population_3bin_2020

. local has_pop = (_rc == 0)

. capture confirm variable born_us

. local has_born_us = (_rc == 0)

. 
. local wdec ""

. forvalues d = 2/10 {
  2.     capture confirm variable wealth_d`d'_2020
  3.     if !_rc local wdec "`wdec' wealth_d`d'_2020"
  4. }

. local has_wdec = (trim("`wdec'") != "")

. 
. * ----------------------------------------------------------------------
. * 1) Cross-correlation
. * ----------------------------------------------------------------------
. display _n "###################################################################
> #####"

########################################################################

. display "1) CROSS-CORRELATION: General trust and untrust variables"
1) CROSS-CORRELATION: General trust and untrust variables

. display "######################################################################
> ##"
########################################################################

. 
. local corr_vars "trust_others_2020 `have_untrust'"

. display _n "--- pwcorr (sig, obs) ---"

--- pwcorr (sig, obs) ---

. pwcorr `corr_vars', sig obs

             | t~othe~0 u~y_2020 u~d_2020 u~bank~0 u~advi~0 u~utua~0 u~e_2020
-------------+---------------------------------------------------------------
trust_o~2020 |   1.0000 
             |
             |      900
             |
untrust_so~0 |  -0.0601   1.0000 
             |   0.0735
             |      888     1328
             |
untrust_me~0 |  -0.0431   0.6631   1.0000 
             |   0.1978   0.0000
             |      893     1327     1333
             |
untrust_ba~0 |  -0.0659   0.4480   0.5406   1.0000 
             |   0.0492   0.0000   0.0000
             |      891     1322     1325     1331
             |
untrust_ad~0 |   0.0030   0.3703   0.4218   0.5661   1.0000 
             |   0.9295   0.0000   0.0000   0.0000
             |      890     1317     1321     1320     1326
             |
untrust_mu~0 |  -0.0231   0.3663   0.3782   0.4344   0.4983   1.0000 
             |   0.4922   0.0000   0.0000   0.0000   0.0000
             |      885     1315     1319     1319     1315     1324
             |
untrust_in~0 |  -0.0094   0.4543   0.4363   0.5647   0.5009   0.4938   1.0000 
             |   0.7805   0.0000   0.0000   0.0000   0.0000   0.0000
             |      890     1316     1320     1322     1316     1315     1327
             |

. 
. display _n "--- correlate ---"

--- correlate ---

. correlate `corr_vars'
(obs=870)

             | t~othe~0 u~y_2020 u~d_2020 u~bank~0 u~advi~0 u~utua~0 u~e_2020
-------------+---------------------------------------------------------------
trust_o~2020 |   1.0000
untrust_so~0 |  -0.0594   1.0000
untrust_me~0 |  -0.0437   0.6117   1.0000
untrust_ba~0 |  -0.0664   0.3844   0.5292   1.0000
untrust_ad~0 |   0.0032   0.3458   0.4282   0.4667   1.0000
untrust_mu~0 |  -0.0267   0.3832   0.4082   0.4086   0.4989   1.0000
untrust_in~0 |  -0.0113   0.4372   0.4726   0.5253   0.4688   0.4923   1.0000


. 
. * ----------------------------------------------------------------------
. * 2) PCA on untrust vars
. * ----------------------------------------------------------------------
. display _n "###################################################################
> #####"

########################################################################

. display "2) PCA ON UNTRUST VARIABLES"
2) PCA ON UNTRUST VARIABLES

. display "######################################################################
> ##"
########################################################################

. 
. local pca_cond ""

. foreach v of local have_untrust {
  2.     local pca_cond "`pca_cond' & !missing(`v')"
  3. }

. local pca_cond = substr("`pca_cond'", 4, .)

. 
. pca `have_untrust' if `pca_cond'

Principal components/correlation                 Number of obs    =      1,296
                                                 Number of comp.  =          6
                                                 Trace            =          6
    Rotation: (unrotated = principal)            Rho              =     1.0000

    --------------------------------------------------------------------------
       Component |   Eigenvalue   Difference         Proportion   Cumulative
    -------------+------------------------------------------------------------
           Comp1 |      3.36611      2.53547             0.5610       0.5610
           Comp2 |       .83064      .249355             0.1384       0.6995
           Comp3 |      .581284     .0880752             0.0969       0.7963
           Comp4 |      .493209     .0804191             0.0822       0.8785
           Comp5 |       .41279     .0968187             0.0688       0.9473
           Comp6 |      .315971            .             0.0527       1.0000
    --------------------------------------------------------------------------

Principal components (eigenvectors) 

    --------------------------------------------------------------------------
        Variable |    Comp1     Comp2     Comp3     Comp4     Comp5     Comp6 
    -------------+------------------------------------------------------------
    untrust_so~0 |   0.3987   -0.5768    0.2294   -0.0149    0.3784    0.5588 
    untrust_me~0 |   0.4158   -0.5264    0.0147    0.2038   -0.2627   -0.6628 
    untrust_ba~0 |   0.4303    0.0744   -0.5493   -0.1429   -0.5819    0.3854 
    untrust_ad~0 |   0.4002    0.4006   -0.2476    0.6767    0.3995   -0.0229 
    untrust_mu~0 |   0.3781    0.4068    0.7559    0.0148   -0.3393    0.0699 
    untrust_in~0 |   0.4241    0.2423   -0.1130   -0.6926    0.4177   -0.3074 
    --------------------------------------------------------------------------

    ---------------------------
        Variable | Unexplained 
    -------------+-------------
    untrust_so~0 |           0 
    untrust_me~0 |           0 
    untrust_ba~0 |           0 
    untrust_ad~0 |           0 
    untrust_mu~0 |           0 
    untrust_in~0 |           0 
    ---------------------------

. screeplot, title("Untrust PCA (6 variables)")

. 
. capture drop untrust_pc1_2020 untrust_pc2_2020

. predict untrust_pc1_2020 untrust_pc2_2020 if e(sample), score
(4 components skipped)

Scoring coefficients 
    sum of squares(column-loading) = 1

    --------------------------------------------------------------------------
        Variable |    Comp1     Comp2     Comp3     Comp4     Comp5     Comp6 
    -------------+------------------------------------------------------------
    untrust_so~0 |   0.3987   -0.5768    0.2294   -0.0149    0.3784    0.5588 
    untrust_me~0 |   0.4158   -0.5264    0.0147    0.2038   -0.2627   -0.6628 
    untrust_ba~0 |   0.4303    0.0744   -0.5493   -0.1429   -0.5819    0.3854 
    untrust_ad~0 |   0.4002    0.4006   -0.2476    0.6767    0.3995   -0.0229 
    untrust_mu~0 |   0.3781    0.4068    0.7559    0.0148   -0.3393    0.0699 
    untrust_in~0 |   0.4241    0.2423   -0.1130   -0.6926    0.4177   -0.3074 
    --------------------------------------------------------------------------

. 
. matrix L = e(L)

. display _n "Loadings (PC1, PC2):"

Loadings (PC1, PC2):

. forvalues i = 1/`n_untrust' {
  2.     local v : word `i' of `have_untrust'
  3.     display "  `v': PC1=" L[`i',1] ", PC2=" L[`i',2]
  4. }
  untrust_social_security_2020: PC1=.39872478, PC2=-.57683589
  untrust_medicare_medicaid_2020: PC1=.4157919, PC2=-.52640317
  untrust_banks_2020: PC1=.43028818, PC2=.07435717
  untrust_advisors_2020: PC1=.40022523, PC2=.40055971
  untrust_mutual_funds_2020: PC1=.37812206, PC2=.40678871
  untrust_insurance_2020: PC1=.4240651, PC2=.24229308

. 
. * ----------------------------------------------------------------------
. * 3) Regressions (LHS = trust_others_2020)
. * ----------------------------------------------------------------------
. display _n "###################################################################
> #####"

########################################################################

. display "3) TRUST LHS REGRESSIONS"
3) TRUST LHS REGRESSIONS

. display "######################################################################
> ##"
########################################################################

. 
. if !`has_inlbrf' | !`has_region' | !`has_wdec' | !`has_dep' | !`has_pop' {
.     display as error "29: required baseline controls missing."
.     display as error "Required: inlbrf_2020, region, wealth_d2..wealth_d10, dep
> ression_2020, population_3bin_2020"
.     log close
.     exit 198
. }

. 
. * Baseline = 22 Addl Spec 7b: base_dep + wdec + inlbrf + pop bins + region + bo
> rn_us
. local base_dep "`demo_core' `demo_race'"

. capture confirm variable depression_2020

. if !_rc local base_dep "`base_dep' depression_2020"

. local baseline "`base_dep' `wdec' inlbrf_2020 i.population_3bin_2020 i.`region_
> var'"

. if `has_born_us' local baseline "`baseline' born_us"

. 
. local samp_if "!missing(trust_others_2020) & !missing(population_3bin_2020) & !
> missing(`region_var')"

. if `has_born_us' local samp_if "`samp_if' & !missing(born_us)"

. 
. display _n "--- Spec 1: baseline (match 22 Addl Spec 7b) ---"

--- Spec 1: baseline (match 22 Addl Spec 7b) ---

. regress trust_others_2020 `baseline' if `samp_if', vce(robust)

Linear regression                               Number of obs     =        522
                                                F(31, 488)        =          .
                                                Prob > F          =          .
                                                R-squared         =     0.1980
                                                Root MSE          =     2.2353

--------------------------------------------------------------------------------
               |               Robust
trust_oth~2020 | Coefficient  std. err.      t    P>|t|     [95% conf. interval]
---------------+----------------------------------------------------------------
       age_bin |
           40  |  -.4757264   .7792766    -0.61   0.542    -2.006878    1.055425
           45  |   5.895658   1.682281     3.50   0.000      2.59025    9.201066
           50  |   1.894155   .9589027     1.98   0.049     .0100676    3.778243
           55  |   3.614587   .7206177     5.02   0.000     2.198691    5.030483
           60  |   4.639799   .5622053     8.25   0.000     3.535157    5.744441
           65  |   4.365055   .5444468     8.02   0.000     3.295305    5.434804
           70  |   5.267059   .5370829     9.81   0.000     4.211779    6.322339
           75  |   4.696355   .5724648     8.20   0.000     3.571555    5.821155
           80  |   4.626985   .6078657     7.61   0.000     3.432628    5.821342
           85  |   6.150526   .8175763     7.52   0.000     4.544122     7.75693
               |
      2.gender |   .5287548   .2141005     2.47   0.014     .1080822    .9494275
      educ_yrs |   .0041762   .0465132     0.09   0.928    -.0872145     .095567
  married_2020 |  -.0781281   .2319011    -0.34   0.736     -.533776    .3775198
               |
      race_eth |
            2  |  -1.190379   .2950355    -4.03   0.000    -1.770076   -.6106828
            3  |  -.2568572   .3960827    -0.65   0.517    -1.035095    .5213808
            4  |  -.9980772   .6066249    -1.65   0.101    -2.189996    .1938419
               |
depressio~2020 |  -.1461197   .0552054    -2.65   0.008    -.2545893   -.0376501
wealth_d2_2020 |  -.5895489   .5643939    -1.04   0.297    -1.698491    .5193932
wealth_d3_2020 |   .2748325   .4305171     0.64   0.524    -.5710635    1.120729
wealth_d4_2020 |  -.6571655   .4503311    -1.46   0.145    -1.541993    .2276617
wealth_d5_2020 |  -.1411918   .4776214    -0.30   0.768     -1.07964    .7972564
wealth_d6_2020 |  -.5879386   .4337051    -1.36   0.176    -1.440098    .2642211
wealth_d7_2020 |  -.0948689   .4113058    -0.23   0.818    -.9030179      .71328
wealth_d8_2020 |   .1556471   .4095006     0.38   0.704    -.6489548    .9602491
wealth_d9_2020 |   .7403223   .3975982     1.86   0.063    -.0408934    1.521538
wealth_d10_~20 |  -.1421323   .3946234    -0.36   0.719    -.9175029    .6332383
   inlbrf_2020 |   .0142631   .2241311     0.06   0.949    -.4261181    .4546442
               |
population_3~0 |
            2  |  -.0341279   .2828282    -0.12   0.904    -.5898394    .5215835
            3  |     .07847   .2862455     0.27   0.784    -.4839557    .6408958
               |
  censreg_2020 |
            2  |   .1189826   .3366774     0.35   0.724    -.5425336    .7804988
            3  |  -.0312755   .3178886    -0.10   0.922    -.6558748    .5933238
            4  |   .0251625   .3361697     0.07   0.940    -.6353562    .6856812
               |
       born_us |   .3509957   .3729211     0.94   0.347    -.3817335    1.083725
         _cons |    1.00958   .8230627     1.23   0.221    -.6076036    2.626764
--------------------------------------------------------------------------------

. 
. display _n "--- Spec 2: Spec 1 + all untrust vars ---"

--- Spec 2: Spec 1 + all untrust vars ---

. regress trust_others_2020 `baseline' `have_untrust' if `samp_if', vce(robust)

Linear regression                               Number of obs     =        502
                                                F(37, 463)        =          .
                                                Prob > F          =          .
                                                R-squared         =     0.2029
                                                Root MSE          =     2.2375

--------------------------------------------------------------------------------
               |               Robust
trust_oth~2020 | Coefficient  std. err.      t    P>|t|     [95% conf. interval]
---------------+----------------------------------------------------------------
       age_bin |
           45  |   5.583691   2.256269     2.47   0.014     1.149896    10.01749
           50  |   1.720341   .9961109     1.73   0.085    -.2371175    3.677799
           55  |   3.564272   .7205088     4.95   0.000     2.148399    4.980144
           60  |   4.535202   .5769979     7.86   0.000     3.401343    5.669062
           65  |   4.361263   .5609491     7.77   0.000     3.258942    5.463585
           70  |   5.292654   .5523262     9.58   0.000     4.207277     6.37803
           75  |   4.683417   .5855133     8.00   0.000     3.532824    5.834009
           80  |   4.595141   .6130519     7.50   0.000     3.390432     5.79985
           85  |   6.242499   .8570997     7.28   0.000     4.558212    7.926787
               |
      2.gender |   .5981454   .2157508     2.77   0.006     .1741732    1.022118
      educ_yrs |   .0034405   .0470724     0.07   0.942    -.0890615    .0959425
  married_2020 |  -.0145155   .2371848    -0.06   0.951    -.4806076    .4515766
               |
      race_eth |
            2  |  -1.191398   .3065039    -3.89   0.000    -1.793709    -.589087
            3  |  -.3822687   .4047335    -0.94   0.345    -1.177611    .4130735
            4  |  -1.003673   .6261169    -1.60   0.110    -2.234056    .2267103
               |
depressio~2020 |  -.1365923   .0573242    -2.38   0.018      -.24924   -.0239445
wealth_d2_2020 |  -.4775824   .5732459    -0.83   0.405    -1.604069    .6489036
wealth_d3_2020 |   .1949887   .4423016     0.44   0.660    -.6741785    1.064156
wealth_d4_2020 |  -.6760999   .4440071    -1.52   0.129    -1.548619    .1964189
wealth_d5_2020 |  -.1286257   .4815336    -0.27   0.789    -1.074888    .8176365
wealth_d6_2020 |  -.5331128   .4271033    -1.25   0.213    -1.372414    .3061882
wealth_d7_2020 |   .0437714   .4405027     0.10   0.921    -.8218608    .9094036
wealth_d8_2020 |   .1303781   .4222875     0.31   0.758    -.6994595    .9602157
wealth_d9_2020 |   .7132804   .4068301     1.75   0.080    -.0861817    1.512742
wealth_d10_~20 |  -.1784304   .4097334    -0.44   0.663    -.9835978    .6267371
   inlbrf_2020 |   .1406689   .2258566     0.62   0.534     -.303162    .5844998
               |
population_3~0 |
            2  |   .0005849   .2850417     0.00   0.998    -.5595509    .5607207
            3  |   .0971144   .2931077     0.33   0.741    -.4788718    .6731006
               |
  censreg_2020 |
            2  |   .1112478   .3384253     0.33   0.743    -.5537921    .7762877
            3  |   .0050657   .3256857     0.02   0.988    -.6349396     .645071
            4  |    .007768   .3484867     0.02   0.982    -.6770436    .6925796
               |
       born_us |   .2745384   .3926449     0.70   0.485    -.4970486    1.046125
untrust_s~2020 |  -.0002805   .0013368    -0.21   0.834    -.0029073    .0023464
untrust_medi~0 |   .0020536   .0017442     1.18   0.240    -.0013739     .005481
untrust_b~2020 |  -.0021315   .0015515    -1.37   0.170    -.0051803    .0009174
untrust_a~2020 |  -.0003456   .0010634    -0.33   0.745    -.0024353     .001744
untrust_mutu~0 |   .0012198   .0010121     1.21   0.229    -.0007691    .0032087
untrust_i~2020 |  -.0012093   .0009058    -1.34   0.183    -.0029893    .0005707
         _cons |   1.022961   .8322533     1.23   0.220    -.6125003    2.658423
--------------------------------------------------------------------------------

. quietly testparm `have_untrust'

. display "Joint test (untrust vars = 0): p-value = " %6.4f r(p)
Joint test (untrust vars = 0): p-value = 0.6175

. 
. display _n "--- Spec 3: Spec 1 + untrust PC1 ---"

--- Spec 3: Spec 1 + untrust PC1 ---

. regress trust_others_2020 `baseline' untrust_pc1_2020 if `samp_if' & !missing(u
> ntrust_pc1_2020), vce(robust)

Linear regression                               Number of obs     =        502
                                                F(32, 468)        =          .
                                                Prob > F          =          .
                                                R-squared         =     0.1937
                                                Root MSE          =     2.2383

--------------------------------------------------------------------------------
               |               Robust
trust_oth~2020 | Coefficient  std. err.      t    P>|t|     [95% conf. interval]
---------------+----------------------------------------------------------------
       age_bin |
           45  |   5.528705   2.179629     2.54   0.012     1.245633    9.811776
           50  |   1.715181   .9714441     1.77   0.078    -.1937508    3.624114
           55  |   3.488969    .727883     4.79   0.000     2.058645    4.919292
           60  |   4.525106   .5727851     7.90   0.000     3.399557    5.650654
           65  |   4.308425    .556483     7.74   0.000      3.21491    5.401939
           70  |   5.235344   .5497175     9.52   0.000     4.155124    6.315564
           75  |   4.628714   .5817864     7.96   0.000     3.485477    5.771951
           80  |   4.550276   .6200742     7.34   0.000     3.331802    5.768751
           85  |   6.170998   .8451937     7.30   0.000     4.510154    7.831843
               |
      2.gender |     .57388   .2183867     2.63   0.009     .1447401     1.00302
      educ_yrs |   .0063527   .0469568     0.14   0.892    -.0859196    .0986251
  married_2020 |  -.0400661   .2364361    -0.17   0.866    -.5046738    .4245417
               |
      race_eth |
            2  |  -1.191823   .3039488    -3.92   0.000    -1.789097   -.5945498
            3  |  -.2959609   .3972525    -0.75   0.457     -1.07658    .4846585
            4  |  -1.034928   .6358015    -1.63   0.104    -2.284308    .2144508
               |
depressio~2020 |  -.1400249   .0563775    -2.48   0.013    -.2508091   -.0292406
wealth_d2_2020 |  -.4800005   .5709645    -0.84   0.401    -1.601972    .6419709
wealth_d3_2020 |   .2584971    .435338     0.59   0.553    -.5969619    1.113956
wealth_d4_2020 |  -.6827778   .4536497    -1.51   0.133     -1.57422    .2086647
wealth_d5_2020 |  -.1225447   .4832753    -0.25   0.800    -1.072203    .8271135
wealth_d6_2020 |  -.5757554   .4263851    -1.35   0.178    -1.413622    .2621109
wealth_d7_2020 |   .0477444   .4365663     0.11   0.913    -.8101283    .9056172
wealth_d8_2020 |   .1154407   .4182849     0.28   0.783    -.7065082    .9373897
wealth_d9_2020 |   .6957194    .403611     1.72   0.085    -.0973947    1.488834
wealth_d10_~20 |  -.1901134    .404158    -0.47   0.638    -.9843024    .6040756
   inlbrf_2020 |   .0669756   .2262882     0.30   0.767    -.3776911    .5116424
               |
population_3~0 |
            2  |    .013517   .2860644     0.05   0.962    -.5486126    .5756467
            3  |   .1047672   .2915909     0.36   0.720    -.4682222    .6777567
               |
  censreg_2020 |
            2  |   .0975556   .3356851     0.29   0.771    -.5620809    .7571922
            3  |  -.0450791   .3187259    -0.14   0.888      -.67139    .5812319
            4  |  -.0194451   .3408486    -0.06   0.955    -.6892283    .6503381
               |
       born_us |    .322659   .3864725     0.83   0.404    -.4367773    1.082095
untrust_pc1_~0 |  -.0082956   .0642807    -0.13   0.897    -.1346102    .1180191
         _cons |   1.027849   .8343085     1.23   0.219    -.6116051    2.667304
--------------------------------------------------------------------------------

. 
. display _n "--- Spec 4: Spec 1 + untrust PC2 ---"

--- Spec 4: Spec 1 + untrust PC2 ---

. regress trust_others_2020 `baseline' untrust_pc2_2020 if `samp_if' & !missing(u
> ntrust_pc2_2020), vce(robust)

Linear regression                               Number of obs     =        502
                                                F(32, 468)        =          .
                                                Prob > F          =          .
                                                R-squared         =     0.1937
                                                Root MSE          =     2.2383

--------------------------------------------------------------------------------
               |               Robust
trust_oth~2020 | Coefficient  std. err.      t    P>|t|     [95% conf. interval]
---------------+----------------------------------------------------------------
       age_bin |
           45  |    5.51959   2.179644     2.53   0.012     1.236489     9.80269
           50  |    1.71303   .9717422     1.76   0.079    -.1964884    3.622547
           55  |   3.482788   .7273565     4.79   0.000     2.053499    4.912077
           60  |   4.519048   .5689051     7.94   0.000     3.401123    5.636973
           65  |    4.30077   .5527614     7.78   0.000     3.214568    5.386971
           70  |   5.231022   .5440249     9.62   0.000     4.161989    6.300056
           75  |   4.623089   .5782159     8.00   0.000     3.486869     5.75931
           80  |    4.54704   .6192316     7.34   0.000     3.330221    5.763858
           85  |   6.167403   .8401125     7.34   0.000     4.516544    7.818263
               |
      2.gender |   .5751223   .2194382     2.62   0.009     .1439161    1.006329
      educ_yrs |   .0062058   .0471459     0.13   0.895    -.0864381    .0988498
  married_2020 |   -.041504   .2365855    -0.18   0.861    -.5064053    .4233972
               |
      race_eth |
            2  |  -1.192785   .3042876    -3.92   0.000    -1.790724   -.5948465
            3  |  -.2990131   .4011536    -0.75   0.456    -1.087298     .489272
            4  |  -1.033647   .6349373    -1.63   0.104    -2.281328    .2140337
               |
depressio~2020 |  -.1405442   .0558347    -2.52   0.012    -.2502619   -.0308264
wealth_d2_2020 |  -.4788622   .5718252    -0.84   0.403    -1.602525    .6448006
wealth_d3_2020 |   .2573864   .4327097     0.59   0.552    -.5929079    1.107681
wealth_d4_2020 |  -.6801285   .4541679    -1.50   0.135    -1.572589    .2123322
wealth_d5_2020 |   -.125675   .4858372    -0.26   0.796    -1.080367    .8290174
wealth_d6_2020 |   -.573524   .4285823    -1.34   0.181    -1.415708    .2686599
wealth_d7_2020 |   .0483043   .4370682     0.11   0.912    -.8105548    .9071634
wealth_d8_2020 |   .1158561   .4185636     0.28   0.782    -.7066406    .9383528
wealth_d9_2020 |   .6947513   .4028409     1.72   0.085    -.0968495    1.486352
wealth_d10_~20 |  -.1870694    .404178    -0.46   0.644    -.9812977    .6071589
   inlbrf_2020 |   .0655526   .2255485     0.29   0.771    -.3776605    .5087657
               |
population_3~0 |
            2  |   .0132147    .286065     0.05   0.963    -.5489162    .5753456
            3  |   .1048082   .2916324     0.36   0.719    -.4682628    .6778792
               |
  censreg_2020 |
            2  |   .0959456   .3368743     0.28   0.776    -.5660278     .757919
            3  |  -.0487593   .3193842    -0.15   0.879    -.6763638    .5788452
            4  |  -.0226151   .3393817    -0.07   0.947    -.6895156    .6442855
               |
       born_us |   .3215137    .389599     0.83   0.410    -.4440662    1.087094
untrust_pc2_~0 |  -.0197514   .1650318    -0.12   0.905    -.3440465    .3045437
         _cons |   1.043282   .8352235     1.25   0.212    -.5979706    2.684534
--------------------------------------------------------------------------------

. 
. * Spec 5: literal full set — Spec 2 + health conditions, Medicare, Medicaid, li
> fe insurance, divorce, widow
. local full_extra ""

. foreach v in health_cond_2020 medicare_2020 medicaid_2020 life_ins_2020 num_div
> orce_2020 num_widow_2020 {
  2.     capture confirm variable `v'
  3.     if !_rc local full_extra "`full_extra' `v'"
  4. }

. local full_ctrl "`baseline' `have_untrust' `full_extra'"

. local full_samp "`samp_if'"

. foreach v in health_cond_2020 medicare_2020 medicaid_2020 life_ins_2020 num_div
> orce_2020 num_widow_2020 {
  2.     capture confirm variable `v'
  3.     if !_rc local full_samp "`full_samp' & !missing(`v')"
  4. }

. display _n "--- Spec 5: literal full set (Spec 2 + health, Medicare, Medicaid, 
> life ins, divorce, widow) ---"

--- Spec 5: literal full set (Spec 2 + health, Medicare, Medicaid, life ins, divo
> rce, widow) ---

. regress trust_others_2020 `full_ctrl' if `full_samp', vce(robust)

Linear regression                               Number of obs     =        493
                                                F(43, 448)        =          .
                                                Prob > F          =          .
                                                R-squared         =     0.2235
                                                Root MSE          =     2.2147

--------------------------------------------------------------------------------
               |               Robust
trust_oth~2020 | Coefficient  std. err.      t    P>|t|     [95% conf. interval]
---------------+----------------------------------------------------------------
       age_bin |
           45  |   5.400715   2.394644     2.26   0.025     .6945856    10.10685
           50  |   1.556343   1.068859     1.46   0.146    -.5442568    3.656943
           55  |   3.038361   .7641058     3.98   0.000     1.536684    4.540038
           60  |   4.375598   .6944724     6.30   0.000      3.01077    5.740426
           65  |   4.244796    .750979     5.65   0.000     2.768917    5.720674
           70  |   5.104136   .7443563     6.86   0.000     3.641272       6.567
           75  |   4.447856   .8042982     5.53   0.000      2.86719    6.028522
           80  |   4.407354   .8468485     5.20   0.000     2.743065    6.071643
           85  |   6.082962   1.036336     5.87   0.000     4.046279    8.119645
               |
      2.gender |   .6117488   .2263041     2.70   0.007     .1669995    1.056498
      educ_yrs |  -.0019163   .0465349    -0.04   0.967      -.09337    .0895374
  married_2020 |  -.1332053    .255754    -0.52   0.603    -.6358319    .3694213
               |
      race_eth |
            2  |  -1.252714   .3146588    -3.98   0.000    -1.871105   -.6343235
            3  |  -.3882591   .4007707    -0.97   0.333    -1.175883     .399365
            4  |  -1.255933   .6396389    -1.96   0.050    -2.512999     .001132
               |
depressio~2020 |  -.1154708   .0615652    -1.88   0.061    -.2364632    .0055216
wealth_d2_2020 |  -.4447351   .5896135    -0.75   0.451    -1.603487    .7140165
wealth_d3_2020 |   .1925866   .4621093     0.42   0.677    -.7155845    1.100758
wealth_d4_2020 |  -.7264563   .4487724    -1.62   0.106    -1.608417    .1555041
wealth_d5_2020 |   -.077813   .4841035    -0.16   0.872    -1.029209    .8735828
wealth_d6_2020 |    -.51022   .4389868    -1.16   0.246    -1.372949    .3525091
wealth_d7_2020 |  -.0529208   .4641423    -0.11   0.909    -.9650873    .8592458
wealth_d8_2020 |   .0335314   .4478348     0.07   0.940    -.8465865    .9136492
wealth_d9_2020 |   .6338161   .4383522     1.45   0.149    -.2276658    1.495298
wealth_d10_~20 |   -.231007   .4483216    -0.52   0.607    -1.112081    .6500674
   inlbrf_2020 |  -.0278299   .2302037    -0.12   0.904     -.480243    .4245832
               |
population_3~0 |
            2  |  -.0993632   .2928717    -0.34   0.735    -.6749361    .4762098
            3  |   .0791224   .2901346     0.27   0.785    -.4910713    .6493162
               |
  censreg_2020 |
            2  |   .1099767    .334406     0.33   0.742    -.5472226     .767176
            3  |   .0631403   .3256547     0.19   0.846    -.5768602    .7031407
            4  |   .0280352   .3463263     0.08   0.936    -.6525906     .708661
               |
       born_us |   .2128132   .3872493     0.55   0.583    -.5482375    .9738639
untrust_s~2020 |   .0007794   .0009498     0.82   0.412    -.0010871     .002646
untrust_medi~0 |   .0027811   .0020119     1.38   0.168    -.0011729     .006735
untrust_b~2020 |  -.0026982   .0016176    -1.67   0.096    -.0058772    .0004808
untrust_a~2020 |  -.0005032   .0010985    -0.46   0.647    -.0026621    .0016558
untrust_mutu~0 |   .0011651   .0010432     1.12   0.265    -.0008851    .0032154
untrust_i~2020 |  -.0018555   .0010441    -1.78   0.076    -.0039073    .0001964
health_co~2020 |  -.0566967   .0931375    -0.61   0.543    -.2397373    .1263439
 medicare_2020 |  -.0137249   .3468951    -0.04   0.968    -.6954685    .6680188
 medicaid_2020 |  -.2517709   .3698416    -0.68   0.496    -.9786107     .475069
 life_ins_2020 |   .3854909   .2299161     1.68   0.094     -.066357    .8373388
num_divor~2020 |  -.0743576   .1328894    -0.56   0.576    -.3355215    .1868063
num_widow_2020 |  -.1076927   .3193298    -0.34   0.736     -.735263    .5198777
         _cons |   1.535603   .9433361     1.63   0.104    -.3183103    3.389516
--------------------------------------------------------------------------------

. quietly testparm `have_untrust'

. display "Joint test (untrust vars = 0): p-value = " %6.4f r(p)
Joint test (untrust vars = 0): p-value = 0.3981

. 
. * ----------------------------------------------------------------------
. * 4) Table: Determinants of general trust — (1) Demographics (2) Reduced (3) Fu
> ll
. * ----------------------------------------------------------------------
. display _n "###################################################################
> #####"

########################################################################

. display "4) TABLE: Determinants of general trust"
4) TABLE: Determinants of general trust

. display "######################################################################
> ##"
########################################################################

. 
. eststo clear

. * (1) Demographics + depression
. eststo demog: regress trust_others_2020 `demo_core' `demo_race' depression_2020
>  if !missing(trust_others_2020) & !missing(depression_2020), vce(robust)

Linear regression                               Number of obs     =        894
                                                F(18, 874)        =          .
                                                Prob > F          =          .
                                                R-squared         =     0.1295
                                                Root MSE          =     2.4695

--------------------------------------------------------------------------------
               |               Robust
trust_oth~2020 | Coefficient  std. err.      t    P>|t|     [95% conf. interval]
---------------+----------------------------------------------------------------
       age_bin |
           30  |   6.323935   2.506757     2.52   0.012     1.403968     11.2439
           35  |  -2.872635   1.766886    -1.63   0.104     -6.34047    .5952005
           40  |   .1447246   2.050456     0.07   0.944    -3.879668    4.169118
           45  |   2.457201   1.945859     1.26   0.207    -1.361902    6.276304
           50  |   1.402451   1.807582     0.78   0.438    -2.145257     4.95016
           55  |   1.782833   1.755795     1.02   0.310    -1.663234      5.2289
           60  |    2.23009    1.75484     1.27   0.204    -1.214102    5.674283
           65  |   2.195903   1.755591     1.25   0.211    -1.249764     5.64157
           70  |   2.743404   1.766021     1.55   0.121    -.7227323    6.209541
           75  |    2.57158   1.769036     1.45   0.146    -.9004752    6.043636
           80  |   2.831966   1.773856     1.60   0.111    -.6495488    6.313481
           85  |   3.976818   1.847069     2.15   0.032     .3516091    7.602026
               |
      2.gender |     .26069   .1727238     1.51   0.132    -.0783118    .5996919
      educ_yrs |   .0438328   .0308016     1.42   0.155    -.0166208    .1042865
  married_2020 |   .3773059   .1775988     2.12   0.034     .0287359     .725876
               |
      race_eth |
            2  |   -1.05791   .2185232    -4.84   0.000    -1.486802   -.6290189
            3  |    -.42638    .268179    -1.59   0.112    -.9527301      .09997
            4  |   -.174168   .3119999    -0.56   0.577    -.7865246    .4381885
               |
depressio~2020 |  -.1742945   .0434856    -4.01   0.000    -.2596429   -.0889461
         _cons |   2.833006   1.830821     1.55   0.122    -.7603128    6.426325
--------------------------------------------------------------------------------

. capture confirm variable age_bin

. if !_rc {
.     quietly testparm i.age_bin
.     estadd scalar p_joint_age_bin = r(p) : demog
. }

. else estadd scalar p_joint_age_bin = . : demog

. capture confirm variable race_eth

. if !_rc {
.     quietly testparm i.race_eth
.     estadd scalar p_joint_race = r(p) : demog
. }

. else estadd scalar p_joint_race = . : demog

. estadd scalar p_joint_untrust = . : demog

. estadd scalar p_joint_wealth = . : demog

. estadd scalar p_joint_population = . : demog

. estadd scalar p_joint_region = . : demog

. 
. * (2) Reduced — Spec 2: baseline + untrust
. eststo reduced: regress trust_others_2020 `baseline' `have_untrust' if `samp_if
> ', vce(robust)

Linear regression                               Number of obs     =        502
                                                F(37, 463)        =          .
                                                Prob > F          =          .
                                                R-squared         =     0.2029
                                                Root MSE          =     2.2375

--------------------------------------------------------------------------------
               |               Robust
trust_oth~2020 | Coefficient  std. err.      t    P>|t|     [95% conf. interval]
---------------+----------------------------------------------------------------
       age_bin |
           45  |   5.583691   2.256269     2.47   0.014     1.149896    10.01749
           50  |   1.720341   .9961109     1.73   0.085    -.2371175    3.677799
           55  |   3.564272   .7205088     4.95   0.000     2.148399    4.980144
           60  |   4.535202   .5769979     7.86   0.000     3.401343    5.669062
           65  |   4.361263   .5609491     7.77   0.000     3.258942    5.463585
           70  |   5.292654   .5523262     9.58   0.000     4.207277     6.37803
           75  |   4.683417   .5855133     8.00   0.000     3.532824    5.834009
           80  |   4.595141   .6130519     7.50   0.000     3.390432     5.79985
           85  |   6.242499   .8570997     7.28   0.000     4.558212    7.926787
               |
      2.gender |   .5981454   .2157508     2.77   0.006     .1741732    1.022118
      educ_yrs |   .0034405   .0470724     0.07   0.942    -.0890615    .0959425
  married_2020 |  -.0145155   .2371848    -0.06   0.951    -.4806076    .4515766
               |
      race_eth |
            2  |  -1.191398   .3065039    -3.89   0.000    -1.793709    -.589087
            3  |  -.3822687   .4047335    -0.94   0.345    -1.177611    .4130735
            4  |  -1.003673   .6261169    -1.60   0.110    -2.234056    .2267103
               |
depressio~2020 |  -.1365923   .0573242    -2.38   0.018      -.24924   -.0239445
wealth_d2_2020 |  -.4775824   .5732459    -0.83   0.405    -1.604069    .6489036
wealth_d3_2020 |   .1949887   .4423016     0.44   0.660    -.6741785    1.064156
wealth_d4_2020 |  -.6760999   .4440071    -1.52   0.129    -1.548619    .1964189
wealth_d5_2020 |  -.1286257   .4815336    -0.27   0.789    -1.074888    .8176365
wealth_d6_2020 |  -.5331128   .4271033    -1.25   0.213    -1.372414    .3061882
wealth_d7_2020 |   .0437714   .4405027     0.10   0.921    -.8218608    .9094036
wealth_d8_2020 |   .1303781   .4222875     0.31   0.758    -.6994595    .9602157
wealth_d9_2020 |   .7132804   .4068301     1.75   0.080    -.0861817    1.512742
wealth_d10_~20 |  -.1784304   .4097334    -0.44   0.663    -.9835978    .6267371
   inlbrf_2020 |   .1406689   .2258566     0.62   0.534     -.303162    .5844998
               |
population_3~0 |
            2  |   .0005849   .2850417     0.00   0.998    -.5595509    .5607207
            3  |   .0971144   .2931077     0.33   0.741    -.4788718    .6731006
               |
  censreg_2020 |
            2  |   .1112478   .3384253     0.33   0.743    -.5537921    .7762877
            3  |   .0050657   .3256857     0.02   0.988    -.6349396     .645071
            4  |    .007768   .3484867     0.02   0.982    -.6770436    .6925796
               |
       born_us |   .2745384   .3926449     0.70   0.485    -.4970486    1.046125
untrust_s~2020 |  -.0002805   .0013368    -0.21   0.834    -.0029073    .0023464
untrust_medi~0 |   .0020536   .0017442     1.18   0.240    -.0013739     .005481
untrust_b~2020 |  -.0021315   .0015515    -1.37   0.170    -.0051803    .0009174
untrust_a~2020 |  -.0003456   .0010634    -0.33   0.745    -.0024353     .001744
untrust_mutu~0 |   .0012198   .0010121     1.21   0.229    -.0007691    .0032087
untrust_i~2020 |  -.0012093   .0009058    -1.34   0.183    -.0029893    .0005707
         _cons |   1.022961   .8322533     1.23   0.220    -.6125003    2.658423
--------------------------------------------------------------------------------

. capture confirm variable age_bin

. if !_rc {
.     quietly testparm i.age_bin
.     estadd scalar p_joint_age_bin = r(p) : reduced
. }

. else estadd scalar p_joint_age_bin = . : reduced

. capture confirm variable race_eth

. if !_rc {
.     quietly testparm i.race_eth
.     estadd scalar p_joint_race = r(p) : reduced
. }

. else estadd scalar p_joint_race = . : reduced

. quietly testparm `have_untrust'

. estadd scalar p_joint_untrust = r(p) : reduced

. if trim("`wdec'") != "" {
.     quietly testparm `wdec'
.     estadd scalar p_joint_wealth = r(p) : reduced
. }

. else estadd scalar p_joint_wealth = . : reduced

. quietly testparm i.population_3bin_2020

. estadd scalar p_joint_population = r(p) : reduced

. quietly testparm i.`region_var'

. estadd scalar p_joint_region = r(p) : reduced

. 
. * (3) Full — Spec 5: literal full set
. eststo full: regress trust_others_2020 `full_ctrl' if `full_samp', vce(robust)

Linear regression                               Number of obs     =        493
                                                F(43, 448)        =          .
                                                Prob > F          =          .
                                                R-squared         =     0.2235
                                                Root MSE          =     2.2147

--------------------------------------------------------------------------------
               |               Robust
trust_oth~2020 | Coefficient  std. err.      t    P>|t|     [95% conf. interval]
---------------+----------------------------------------------------------------
       age_bin |
           45  |   5.400715   2.394644     2.26   0.025     .6945856    10.10685
           50  |   1.556343   1.068859     1.46   0.146    -.5442568    3.656943
           55  |   3.038361   .7641058     3.98   0.000     1.536684    4.540038
           60  |   4.375598   .6944724     6.30   0.000      3.01077    5.740426
           65  |   4.244796    .750979     5.65   0.000     2.768917    5.720674
           70  |   5.104136   .7443563     6.86   0.000     3.641272       6.567
           75  |   4.447856   .8042982     5.53   0.000      2.86719    6.028522
           80  |   4.407354   .8468485     5.20   0.000     2.743065    6.071643
           85  |   6.082962   1.036336     5.87   0.000     4.046279    8.119645
               |
      2.gender |   .6117488   .2263041     2.70   0.007     .1669995    1.056498
      educ_yrs |  -.0019163   .0465349    -0.04   0.967      -.09337    .0895374
  married_2020 |  -.1332053    .255754    -0.52   0.603    -.6358319    .3694213
               |
      race_eth |
            2  |  -1.252714   .3146588    -3.98   0.000    -1.871105   -.6343235
            3  |  -.3882591   .4007707    -0.97   0.333    -1.175883     .399365
            4  |  -1.255933   .6396389    -1.96   0.050    -2.512999     .001132
               |
depressio~2020 |  -.1154708   .0615652    -1.88   0.061    -.2364632    .0055216
wealth_d2_2020 |  -.4447351   .5896135    -0.75   0.451    -1.603487    .7140165
wealth_d3_2020 |   .1925866   .4621093     0.42   0.677    -.7155845    1.100758
wealth_d4_2020 |  -.7264563   .4487724    -1.62   0.106    -1.608417    .1555041
wealth_d5_2020 |   -.077813   .4841035    -0.16   0.872    -1.029209    .8735828
wealth_d6_2020 |    -.51022   .4389868    -1.16   0.246    -1.372949    .3525091
wealth_d7_2020 |  -.0529208   .4641423    -0.11   0.909    -.9650873    .8592458
wealth_d8_2020 |   .0335314   .4478348     0.07   0.940    -.8465865    .9136492
wealth_d9_2020 |   .6338161   .4383522     1.45   0.149    -.2276658    1.495298
wealth_d10_~20 |   -.231007   .4483216    -0.52   0.607    -1.112081    .6500674
   inlbrf_2020 |  -.0278299   .2302037    -0.12   0.904     -.480243    .4245832
               |
population_3~0 |
            2  |  -.0993632   .2928717    -0.34   0.735    -.6749361    .4762098
            3  |   .0791224   .2901346     0.27   0.785    -.4910713    .6493162
               |
  censreg_2020 |
            2  |   .1099767    .334406     0.33   0.742    -.5472226     .767176
            3  |   .0631403   .3256547     0.19   0.846    -.5768602    .7031407
            4  |   .0280352   .3463263     0.08   0.936    -.6525906     .708661
               |
       born_us |   .2128132   .3872493     0.55   0.583    -.5482375    .9738639
untrust_s~2020 |   .0007794   .0009498     0.82   0.412    -.0010871     .002646
untrust_medi~0 |   .0027811   .0020119     1.38   0.168    -.0011729     .006735
untrust_b~2020 |  -.0026982   .0016176    -1.67   0.096    -.0058772    .0004808
untrust_a~2020 |  -.0005032   .0010985    -0.46   0.647    -.0026621    .0016558
untrust_mutu~0 |   .0011651   .0010432     1.12   0.265    -.0008851    .0032154
untrust_i~2020 |  -.0018555   .0010441    -1.78   0.076    -.0039073    .0001964
health_co~2020 |  -.0566967   .0931375    -0.61   0.543    -.2397373    .1263439
 medicare_2020 |  -.0137249   .3468951    -0.04   0.968    -.6954685    .6680188
 medicaid_2020 |  -.2517709   .3698416    -0.68   0.496    -.9786107     .475069
 life_ins_2020 |   .3854909   .2299161     1.68   0.094     -.066357    .8373388
num_divor~2020 |  -.0743576   .1328894    -0.56   0.576    -.3355215    .1868063
num_widow_2020 |  -.1076927   .3193298    -0.34   0.736     -.735263    .5198777
         _cons |   1.535603   .9433361     1.63   0.104    -.3183103    3.389516
--------------------------------------------------------------------------------

. capture confirm variable age_bin

. if !_rc {
.     quietly testparm i.age_bin
.     estadd scalar p_joint_age_bin = r(p) : full
. }

. else estadd scalar p_joint_age_bin = . : full

. capture confirm variable race_eth

. if !_rc {
.     quietly testparm i.race_eth
.     estadd scalar p_joint_race = r(p) : full
. }

. else estadd scalar p_joint_race = . : full

. quietly testparm `have_untrust'

. estadd scalar p_joint_untrust = r(p) : full

. if trim("`wdec'") != "" {
.     quietly testparm `wdec'
.     estadd scalar p_joint_wealth = r(p) : full
. }

. else estadd scalar p_joint_wealth = . : full

. quietly testparm i.population_3bin_2020

. estadd scalar p_joint_population = r(p) : full

. quietly testparm i.`region_var'

. estadd scalar p_joint_region = r(p) : full

. 
. * Keep main coefficients + population bins + deception (untrust) vars for table
. local keep_29 "2.gender educ_yrs married_2020 2.race_eth 3.race_eth 4.race_eth 
> depression_2020 2.population_3bin_2020 3.population_3bin_2020"

. foreach v of local have_untrust {
  2.     local keep_29 "`keep_29' `v'"
  3. }

. local keep_29 "`keep_29' health_cond_2020 medicare_2020 medicaid_2020 life_ins_
> 2020 num_divorce_2020 num_widow_2020 _cons"

. 
. label variable educ_yrs "Years of education"

. label variable married_2020 "Married"

. label variable depression_2020 "Depression"

. label variable health_cond_2020 "Health conditions"

. label variable medicare_2020 "Covered by Medicare"

. label variable medicaid_2020 "Covered by Medicaid"

. label variable life_ins_2020 "Has life insurance"

. label variable num_divorce_2020 "Number of reported divorces"

. label variable num_widow_2020 "Number of reported times being widowed"

. 
. capture mkdir "${REGRESSIONS}/2SLS/PredictTrust"

. local outfile "${REGRESSIONS}/2SLS/PredictTrust/trust_reg_general_untrust.tex"

. di as txt "Writing: `outfile'"
Writing: /Volumes/SSD PRO/Github-forks/Chp2-TrustandReturns/Code/Regressions/2SLS
> /PredictTrust/trust_reg_general_untrust.tex

. 
. esttab demog reduced full using "`outfile'", replace ///
>     booktabs no gap ///
>     mtitles("(1)" "(2)" "(3)") ///
>     se star(* 0.10 ** 0.05 *** 0.01) ///
>     b(2) se(2) label ///
>     keep(`keep_29') ///
>     varlabels(2.gender "Female" educ_yrs "Years of education" married_2020 "Mar
> ried" 2.race_eth "NH Black" 3.race_eth "Hispanic" 4.race_eth "NH Other" depress
> ion_2020 "Depression" 2.population_3bin_2020 "Small/med city (10k-100k)" 3.popu
> lation_3bin_2020 "Large metro (100k+)" untrust_social_security_2020 "Deception:
>  Social Security" untrust_medicare_medicaid_2020 "Deception: Medicare/Medicaid"
>  untrust_banks_2020 "Deception: Banks" untrust_advisors_2020 "Deception: Financ
> ial advisors" untrust_mutual_funds_2020 "Deception: Mutual funds" untrust_insur
> ance_2020 "Deception: Insurance companies" health_cond_2020 "Health conditions"
>  medicare_2020 "Covered by Medicare" medicaid_2020 "Covered by Medicaid" life_i
> ns_2020 "Has life insurance" num_divorce_2020 "Number of reported divorces" num
> _widow_2020 "Number of reported times being widowed" _cons "Constant") ///
>     title("Determinants of general trust") ///
>     addnotes(".") ///
>     alignment(${LATEX_ALIGN}) width(0.85\hsize) ///
>     stats(N r2_a p_joint_untrust, labels("Observations" "Adj. R-squared" "Joint
>  test: Deception vars p-value")) ///
>     nonumbers nonotes
estout demog reduced full using `"/Volumes/SSD PRO/Github-forks/Chp2-TrustandRetu
> rns/Code/Regressions/2SLS/PredictTrust/trust_reg_general_untrust.tex"' ,
 cells(b(fmt(2) star) se(fmt(2) par))
 stats(N r2_a p_joint_untrust, labels("Observations" "Adj. R-squared" "Joint test
> : Deception vars p-value"))
 starlevels(`"\sym{*}"' 0.10 `"\sym{**}"' 0.05 `"\sym{***}"' 0.01, label(" \(p<@\
> )"))
 varwidth(20)
 modelwidth(12)
 delimiter(&)
 end(\\)
 title("Determinants of general trust")
 prehead(`"\begin{table}[htbp]\centering"' `"\def\sym#1{\ifmmode^{#1}\else\(^{#1}
> \)\fi}"' `"\caption{@title}"' `"\begin{tabular*}{0.85\hsize}{@{\hskip\tabcolsep
> \extracolsep\fill}l*{@E}{D{.}{.}{-1}}}"' `"\toprule"')
 posthead("\midrule")
 prefoot("\midrule")
 postfoot(`"\bottomrule"' `"\multicolumn{@span}{l}{\footnotesize .}\\"' `"\end{ta
> bular*}"' `"\end{table}"')
 label
 varlabels(2.gender "Female" educ_yrs "Years of education" married_2020 "Married"
>  2.race_eth "NH Black" 3.race_eth "Hispanic" 4.race_eth "NH Other" depression_2
> 020 "Depression" 2.population_3bin_2020 "Small/med city (10k-100k)" 3.populatio
> n_3bin_2020 "Large metro (100k+)" untrust_social_security_2020 "Deception: Soci
> al Security" untrust_medicare_medicaid_2020 "Deception: Medicare/Medicaid" untr
> ust_banks_2020 "Deception: Banks" untrust_advisors_2020 "Deception: Financial a
> dvisors" untrust_mutual_funds_2020 "Deception: Mutual funds" untrust_insurance_
> 2020 "Deception: Insurance companies" health_cond_2020 "Health conditions" medi
> care_2020 "Covered by Medicare" medicaid_2020 "Covered by Medicaid" life_ins_20
> 20 "Has life insurance" num_divorce_2020 "Number of reported divorces" num_wido
> w_2020 "Number of reported times being widowed" _cons "Constant")
 mlabels("(1)" "(2)" "(3)", titles span prefix(\multicolumn{@span}{c}{) suffix(})
> )
 nonumbers
 collabels(none)
 eqlabels(, begin("\midrule" "") nofirst)
 substitute(_ \_ "\_cons " \_cons)
 interaction(" $\times$ ")
 notype
 level(95)
 style(esttab)
 replace
 keep(2.gender educ_yrs married_2020 2.race_eth 3.race_eth 4.race_eth depression_
> 2020 2.population_3bin_2020 3.population_3bin_2020 untrust_social_security_2020
>  untrust_medicare_medicaid_2020 untrust_banks_2020 untrust_advisors_2020 untrus
> t_mutual_funds_2020 untrust_insurance_2020 health_cond_2020 medicare_2020 medic
> aid_2020 life_ins_2020 num_divorce_2020 num_widow_2020 _cons)
(output written to /Volumes/SSD PRO/Github-forks/Chp2-TrustandReturns/Code/Regres
> sions/2SLS/PredictTrust/trust_reg_general_untrust.tex)

. 
. display _n "Done. Log: ${LOG_DIR}/29_2sls_untrust.log"

Done. Log: /Volumes/SSD PRO/Github-forks/Chp2-TrustandReturns/Notes/Logs/29_2sls_
> untrust.log

. log close
      name:  <unnamed>
       log:  /Volumes/SSD PRO/Github-forks/Chp2-TrustandReturns/Notes/Logs/29_2sl
> s_untrust.log
  log type:  text
 closed on:   5 Mar 2026, 14:11:38
---------------------------------------------------------------------------------
