This is pdfTeX, Version 3.141592653-2.6-1.40.28 (TeX Live 2025) (preloaded format=pdflatex 2025.7.16)  20 FEB 2026 09:12
entering extended mode
 restricted \write18 enabled.
 file:line:error style messages enabled.
 %&-line parsing enabled.
**Chp2-draft.tex
(./Chp2-draft.tex
LaTeX2e <2025-06-01> patch level 1
L3 programming layer <2025-07-11>
(/usr/local/texlive/2024/texmf-dist/tex/latex/base/article.cls
Document Class: article 2025/01/22 v1.4n Standard LaTeX document class
(/usr/local/texlive/2024/texmf-dist/tex/latex/base/size10.clo
File: size10.clo 2025/01/22 v1.4n Standard LaTeX file (size option)
)
\c@part=\count275
\c@section=\count276
\c@subsection=\count277
\c@subsubsection=\count278
\c@paragraph=\count279
\c@subparagraph=\count280
\c@figure=\count281
\c@table=\count282
\abovecaptionskip=\skip49
\belowcaptionskip=\skip50
\bibindent=\dimen148
)
(/usr/local/texlive/2024/texmf-dist/tex/latex/subfiles/subfiles.sty
Package: subfiles 2020/11/14 v2.2 Multi-file projects (package)

(/usr/local/texlive/2024/texmf-dist/tex/latex/import/import.sty
Package: import 2020/04/01  v 6.2
))
(/usr/local/texlive/2024/texmf-dist/tex/latex/mdwtools/footnote.sty
Package: footnote 1997/01/28 1.13 Save footnotes around boxes
\fn@notes=\box53
\fn@width=\dimen149
)
(/usr/local/texlive/2024/texmf-dist/tex/latex/lipsum/lipsum.sty
(/usr/local/texlive/2024/texmf-dist/tex/latex/l3packages/l3keys2e/l3keys2e.sty
(/usr/local/texlive/2024/texmf-dist/tex/latex/l3kernel/expl3.sty
Package: expl3 2025-07-11 L3 programming layer (loader) 

(/usr/local/texlive/2024/texmf-dist/tex/latex/l3backend/l3backend-pdftex.def
File: l3backend-pdftex.def 2025-06-09 L3 backend support: PDF output (pdfTeX)
\l__color_backend_stack_int=\count283
))
Package: l3keys2e 2024-08-16 LaTeX2e option processing using LaTeX3 keys
)
Package: lipsum 2021-09-20 v2.7 150 paragraphs of Lorem Ipsum dummy text
\g__lipsum_par_int=\count284
\l__lipsum_a_int=\count285
\l__lipsum_b_int=\count286
(/usr/local/texlive/2024/texmf-dist/tex/latex/lipsum/lipsum.ltd.tex))
(/usr/local/texlive/2024/texmf-dist/tex/latex/graphics/graphicx.sty
Package: graphicx 2024/12/31 v1.2e Enhanced LaTeX Graphics (DPC,SPQR)

(/usr/local/texlive/2024/texmf-dist/tex/latex/graphics/keyval.sty
Package: keyval 2022/05/29 v1.15 key=value parser (DPC)
\KV@toks@=\toks17
)
(/usr/local/texlive/2024/texmf-dist/tex/latex/graphics/graphics.sty
Package: graphics 2024/08/06 v1.4g Standard LaTeX Graphics (DPC,SPQR)

(/usr/local/texlive/2024/texmf-dist/tex/latex/graphics/trig.sty
Package: trig 2023/12/02 v1.11 sin cos tan (DPC)
)
(/usr/local/texlive/2024/texmf-dist/tex/latex/graphics-cfg/graphics.cfg
File: graphics.cfg 2016/06/04 v1.11 sample graphics configuration
)
Package graphics Info: Driver file: pdftex.def on input line 106.

(/usr/local/texlive/2024/texmf-dist/tex/latex/graphics-def/pdftex.def
File: pdftex.def 2024/04/13 v1.2c Graphics/color driver for pdftex
))
\Gin@req@height=\dimen150
\Gin@req@width=\dimen151
)
(/usr/local/texlive/2024/texmf-dist/tex/latex/float/float.sty
Package: float 2001/11/08 v1.3d Float enhancements (AL)
\c@float@type=\count287
\float@exts=\toks18
\float@box=\box54
\@float@everytoks=\toks19
\@floatcapt=\box55
)
(/usr/local/texlive/2024/texmf-dist/tex/latex/placeins/placeins.sty
Package: placeins 2005/04/18  v 2.2
)
(/usr/local/texlive/2024/texmf-dist/tex/latex/tools/afterpage.sty
Package: afterpage 2023/07/04 v1.08 After-Page Package (DPC)
\AP@output=\toks20
\AP@partial=\box56
\AP@footins=\box57
)
(/usr/local/texlive/2024/texmf-dist/tex/latex/caption/caption.sty
Package: caption 2023/08/05 v3.6o Customizing captions (AR)

(/usr/local/texlive/2024/texmf-dist/tex/latex/caption/caption3.sty
Package: caption3 2023/07/31 v2.4d caption3 kernel (AR)
\caption@tempdima=\dimen152
\captionmargin=\dimen153
\caption@leftmargin=\dimen154
\caption@rightmargin=\dimen155
\caption@width=\dimen156
\caption@indent=\dimen157
\caption@parindent=\dimen158
\caption@hangindent=\dimen159
Package caption Info: Standard document class detected.
)
\c@caption@flags=\count288
\c@continuedfloat=\count289
Package caption Info: float package is loaded.
)
(/usr/local/texlive/2024/texmf-dist/tex/latex/caption/subcaption.sty
Package: subcaption 2023/07/28 v1.6b Sub-captions (AR)
Package caption Info: New subtype `subfigure' on input line 238.
\c@subfigure=\count290
Package caption Info: New subtype `subtable' on input line 238.
\c@subtable=\count291
)
(/usr/local/texlive/2024/texmf-dist/tex/latex/booktabs/booktabs.sty
Package: booktabs 2020/01/12 v1.61803398 Publication quality tables
\heavyrulewidth=\dimen160
\lightrulewidth=\dimen161
\cmidrulewidth=\dimen162
\belowrulesep=\dimen163
\belowbottomsep=\dimen164
\aboverulesep=\dimen165
\abovetopsep=\dimen166
\cmidrulesep=\dimen167
\cmidrulekern=\dimen168
\defaultaddspace=\dimen169
\@cmidla=\count292
\@cmidlb=\count293
\@aboverulesep=\dimen170
\@belowrulesep=\dimen171
\@thisruleclass=\count294
\@lastruleclass=\count295
\@thisrulewidth=\dimen172
)
(/usr/local/texlive/2024/texmf-dist/tex/latex/threeparttable/threeparttable.sty
Package: threeparttable 2003/06/13  v 3.0
\@tempboxb=\box58
) (/usr/local/texlive/2024/texmf-dist/tex/latex/multirow/multirow.sty
Package: multirow 2024/11/12 v2.9 Span multiple rows of a table
\multirow@colwidth=\skip51
\multirow@cntb=\count296
\multirow@dima=\skip52
\bigstrutjot=\dimen173
)
(/usr/local/texlive/2024/texmf-dist/tex/latex/geometry/geometry.sty
Package: geometry 2020/01/02 v5.9 Page Geometry

(/usr/local/texlive/2024/texmf-dist/tex/generic/iftex/ifvtex.sty
Package: ifvtex 2019/10/25 v1.7 ifvtex legacy package. Use iftex instead.

(/usr/local/texlive/2024/texmf-dist/tex/generic/iftex/iftex.sty
Package: iftex 2024/12/12 v1.0g TeX engine tests
))
\Gm@cnth=\count297
\Gm@cntv=\count298
\c@Gm@tempcnt=\count299
\Gm@bindingoffset=\dimen174
\Gm@wd@mp=\dimen175
\Gm@odd@mp=\dimen176
\Gm@even@mp=\dimen177
\Gm@layoutwidth=\dimen178
\Gm@layoutheight=\dimen179
\Gm@layouthoffset=\dimen180
\Gm@layoutvoffset=\dimen181
\Gm@dimlist=\toks21
)
(/usr/local/texlive/2024/texmf-dist/tex/latex/pdflscape/pdflscape.sty
Package: pdflscape 2025-06-23 v0.14 Display of landscape pages in PDF

(/usr/local/texlive/2024/texmf-dist/tex/latex/pdflscape/pdflscape-nometadata.st
y
Package: pdflscape-nometadata 2025-06-23 v0.14 Display of landscape pages in PD
F (HO)
 (/usr/local/texlive/2024/texmf-dist/tex/latex/graphics/lscape.sty
Package: lscape 2020/05/28 v3.02 Landscape Pages (DPC)
)
Package pdflscape Info: Auto-detected driver: pdftex on input line 81.
))
(./Subfiles/packages.tex
(/usr/local/texlive/2024/texmf-dist/tex/latex/footmisc/footmisc.sty
Package: footmisc 2025/05/09 v7.0b a miscellany of footnote facilities
\FN@temptoken=\toks22
\footnotemargin=\dimen182
Package footmisc Info: Declaring symbol style bringhurst on input line 549.
Package footmisc Info: Declaring symbol style chicago on input line 557.
Package footmisc Info: Declaring symbol style wiley on input line 566.
Package footmisc Info: Declaring symbol style lamport-robust on input line 577.

Package footmisc Info: Declaring symbol style lamport* on input line 597.
Package footmisc Info: Declaring symbol style lamport*-robust on input line 618
.
)
(/usr/local/texlive/2024/texmf-dist/tex/latex/datetime2/datetime2.sty
Package: datetime2 2021/03/21 v1.5.7 (NLCT) date and time formats

(/usr/local/texlive/2024/texmf-dist/tex/latex/tracklang/tracklang.sty
Package: tracklang 2025/03/11 v1.6.6 (NLCT) Track Languages

(/usr/local/texlive/2024/texmf-dist/tex/generic/tracklang/tracklang.tex))
(/usr/local/texlive/2024/texmf-dist/tex/latex/etoolbox/etoolbox.sty
Package: etoolbox 2025/02/11 v2.5l e-TeX tools for LaTeX (JAW)
\etb@tempcnta=\count300
)
(/usr/local/texlive/2024/texmf-dist/tex/latex/xkeyval/xkeyval.sty
Package: xkeyval 2022/06/16 v2.9 package option processing (HA)

(/usr/local/texlive/2024/texmf-dist/tex/generic/xkeyval/xkeyval.tex
(/usr/local/texlive/2024/texmf-dist/tex/generic/xkeyval/xkvutils.tex
\XKV@toks=\toks23
\XKV@tempa@toks=\toks24
)
\XKV@depth=\count301
File: xkeyval.tex 2014/12/03 v2.7a key=value parser (HA)
)))
(/usr/local/texlive/2024/texmf-dist/tex/latex/refcount/refcount.sty
Package: refcount 2019/12/15 v3.6 Data extraction from label references (HO)

(/usr/local/texlive/2024/texmf-dist/tex/generic/ltxcmds/ltxcmds.sty
Package: ltxcmds 2023-12-04 v1.26 LaTeX kernel commands for general use (HO)
)
(/usr/local/texlive/2024/texmf-dist/tex/generic/infwarerr/infwarerr.sty
Package: infwarerr 2019/12/03 v1.5 Providing info/warning/error messages (HO)
))
(/usr/local/texlive/2024/texmf-dist/tex/latex/tools/hhline.sty
Package: hhline 2020/01/04 v2.04 Table rule package (DPC)
)
(/usr/local/texlive/2024/texmf-dist/tex/latex/graphics/rotating.sty
Package: rotating 2025/01/14 v2.16e rotated objects in LaTeX

(/usr/local/texlive/2024/texmf-dist/tex/latex/base/ifthen.sty
Package: ifthen 2024/03/16 v1.1e Standard LaTeX ifthen package (DPC)
)
\c@r@tfl@t=\count302
\rotFPtop=\skip53
\rotFPbot=\skip54
\rot@float@box=\box59
\rot@mess@toks=\toks25
)
(/usr/local/texlive/2024/texmf-dist/tex/latex/makecell/makecell.sty
Package: makecell 2009/08/03 V0.1e Managing of Tab Column Heads and Cells

(/usr/local/texlive/2024/texmf-dist/tex/latex/tools/array.sty
Package: array 2025/06/08 v2.6j Tabular extension package (FMi)
\col@sep=\dimen183
\ar@mcellbox=\box60
\extrarowheight=\dimen184
\NC@list=\toks26
\extratabsurround=\skip55
\backup@length=\skip56
\ar@cellbox=\box61
)
\rotheadsize=\dimen185
\c@nlinenum=\count303
\TeXr@lab=\toks27
)
(/usr/local/texlive/2024/texmf-dist/tex/latex/base/inputenc.sty
Package: inputenc 2024/02/08 v1.3d Input encoding file
\inpenc@prehook=\toks28
\inpenc@posthook=\toks29
)
(/usr/local/texlive/2024/texmf-dist/tex/latex/biblatex/biblatex.sty
Package: biblatex 2025/07/10 v3.21 programmable bibliographies (PK/MW)

(/usr/local/texlive/2024/texmf-dist/tex/generic/pdftexcmds/pdftexcmds.sty
Package: pdftexcmds 2020-06-27 v0.33 Utility functions of pdfTeX for LuaTeX (HO
)
Package pdftexcmds Info: \pdf@primitive is available.
Package pdftexcmds Info: \pdf@ifprimitive is available.
Package pdftexcmds Info: \pdfdraftmode found.
)
(/usr/local/texlive/2024/texmf-dist/tex/latex/kvoptions/kvoptions.sty
Package: kvoptions 2022-06-15 v3.15 Key value format for package options (HO)

(/usr/local/texlive/2024/texmf-dist/tex/latex/kvsetkeys/kvsetkeys.sty
Package: kvsetkeys 2022-10-05 v1.19 Key value parser (HO)
))
(/usr/local/texlive/2024/texmf-dist/tex/latex/logreq/logreq.sty
Package: logreq 2010/08/04 v1.0 xml request logger
\lrq@indent=\count304

(/usr/local/texlive/2024/texmf-dist/tex/latex/logreq/logreq.def
File: logreq.def 2010/08/04 v1.0 logreq spec v1.0
))
(/usr/local/texlive/2024/texmf-dist/tex/latex/url/url.sty
\Urlmuskip=\muskip17
Package: url 2013/09/16  ver 3.4  Verb mode for urls, etc.
)
\c@tabx@nest=\count305
\c@listtotal=\count306
\c@listcount=\count307
\c@liststart=\count308
\c@liststop=\count309
\c@citecount=\count310
\c@citetotal=\count311
\c@multicitecount=\count312
\c@multicitetotal=\count313
\c@instcount=\count314
\c@maxnames=\count315
\c@minnames=\count316
\c@maxitems=\count317
\c@minitems=\count318
\c@citecounter=\count319
\c@maxcitecounter=\count320
\c@savedcitecounter=\count321
\c@uniquelist=\count322
\c@uniquename=\count323
\c@refsection=\count324
\c@refsegment=\count325
\c@maxextratitle=\count326
\c@maxextratitleyear=\count327
\c@maxextraname=\count328
\c@maxextradate=\count329
\c@maxextraalpha=\count330
\c@abbrvpenalty=\count331
\c@highnamepenalty=\count332
\c@lownamepenalty=\count333
\c@maxparens=\count334
\c@parenlevel=\count335
\blx@tempcnta=\count336
\blx@tempcntb=\count337
\blx@tempcntc=\count338
\c@blx@maxsection=\count339
\blx@maxsegment@0=\count340
\blx@notetype=\count341
\blx@parenlevel@text=\count342
\blx@parenlevel@foot=\count343
\blx@sectionciteorder@0=\count344
\blx@sectionciteorderinternal@0=\count345
\blx@entrysetcounter=\count346
\blx@biblioinstance=\count347
\labelnumberwidth=\skip57
\labelalphawidth=\skip58
\biblabelsep=\skip59
\bibitemsep=\skip60
\bibnamesep=\skip61
\bibinitsep=\skip62
\bibparsep=\skip63
\bibhang=\skip64
\blx@bcfin=\read2
\blx@bcfout=\write3
\blx@langwohyphens=\language90
\c@mincomprange=\count348
\c@maxcomprange=\count349
\c@mincompwidth=\count350
Package biblatex Info: Trying to load biblatex default data model...
Package biblatex Info: ... file 'blx-dm.def' found.

(/usr/local/texlive/2024/texmf-dist/tex/latex/biblatex/blx-dm.def
File: blx-dm.def 2025/07/10 v3.21 biblatex datamodel (PK/MW)
)
Package biblatex Info: Trying to load biblatex style data model...
Package biblatex Info: ... file 'authoryear.dbx' not found.
Package biblatex Info: Trying to load biblatex custom data model...
Package biblatex Info: ... file 'biblatex-dm.cfg' not found.
\c@afterword=\count351
\c@savedafterword=\count352
\c@annotator=\count353
\c@savedannotator=\count354
\c@author=\count355
\c@savedauthor=\count356
\c@bookauthor=\count357
\c@savedbookauthor=\count358
\c@commentator=\count359
\c@savedcommentator=\count360
\c@editor=\count361
\c@savededitor=\count362
\c@editora=\count363
\c@savededitora=\count364
\c@editorb=\count365
\c@savededitorb=\count366
\c@editorc=\count367
\c@savededitorc=\count368
\c@foreword=\count369
\c@savedforeword=\count370
\c@holder=\count371
\c@savedholder=\count372
\c@introduction=\count373
\c@savedintroduction=\count374
\c@namea=\count375
\c@savednamea=\count376
\c@nameb=\count377
\c@savednameb=\count378
\c@namec=\count379
\c@savednamec=\count380
\c@translator=\count381
\c@savedtranslator=\count382
\c@shortauthor=\count383
\c@savedshortauthor=\count384
\c@shorteditor=\count385
\c@savedshorteditor=\count386
\c@labelname=\count387
\c@savedlabelname=\count388
\c@institution=\count389
\c@savedinstitution=\count390
\c@lista=\count391
\c@savedlista=\count392
\c@listb=\count393
\c@savedlistb=\count394
\c@listc=\count395
\c@savedlistc=\count396
\c@listd=\count397
\c@savedlistd=\count398
\c@liste=\count399
\c@savedliste=\count400
\c@listf=\count401
\c@savedlistf=\count402
\c@location=\count403
\c@savedlocation=\count404
\c@organization=\count405
\c@savedorganization=\count406
\c@origlocation=\count407
\c@savedoriglocation=\count408
\c@origpublisher=\count409
\c@savedorigpublisher=\count410
\c@publisher=\count411
\c@savedpublisher=\count412
\c@language=\count413
\c@savedlanguage=\count414
\c@origlanguage=\count415
\c@savedoriglanguage=\count416
\c@pageref=\count417
\c@savedpageref=\count418
\shorthandwidth=\skip65
\shortjournalwidth=\skip66
\shortserieswidth=\skip67
\shorttitlewidth=\skip68
\shortauthorwidth=\skip69
\shorteditorwidth=\skip70
\locallabelnumberwidth=\skip71
\locallabelalphawidth=\skip72
\localshorthandwidth=\skip73
\localshortjournalwidth=\skip74
\localshortserieswidth=\skip75
\localshorttitlewidth=\skip76
\localshortauthorwidth=\skip77
\localshorteditorwidth=\skip78
Package biblatex Info: Trying to load compatibility code...
Package biblatex Info: ... file 'blx-compat.def' found.

(/usr/local/texlive/2024/texmf-dist/tex/latex/biblatex/blx-compat.def
File: blx-compat.def 2025/07/10 v3.21 biblatex compatibility (PK/MW)
)
Package biblatex Info: Trying to load BibTeX backend compatibility...
Package biblatex Info: ... file 'blx-bibtex.def' found.

(/usr/local/texlive/2024/texmf-dist/tex/latex/biblatex/blx-bibtex.def
File: blx-bibtex.def 2025/07/10 v3.21 biblatex compatibility (PK/MW)


Package biblatex Warning: Using fall-back bibtex backend:
(biblatex)                functionality may be reduced/unavailable.

)
Package biblatex Info: Trying to load generic definitions...
Package biblatex Info: ... file 'biblatex.def' found.
 (/usr/local/texlive/2024/texmf-dist/tex/latex/biblatex/biblatex.def
File: biblatex.def 2025/07/10 v3.21 biblatex compatibility (PK/MW)
\c@textcitecount=\count419
\c@textcitetotal=\count420
\c@textcitemaxnames=\count421
\c@biburlbigbreakpenalty=\count422
\c@biburlbreakpenalty=\count423
\c@biburlnumpenalty=\count424
\c@biburlucpenalty=\count425
\c@biburllcpenalty=\count426
\biburlbigskip=\muskip18
\biburlnumskip=\muskip19
\biburlucskip=\muskip20
\biburllcskip=\muskip21
\c@smartand=\count427
)
Package biblatex Info: Trying to load bibliography style 'authoryear'...
Package biblatex Info: ... file 'authoryear.bbx' found.

(/usr/local/texlive/2024/texmf-dist/tex/latex/biblatex/bbx/authoryear.bbx
File: authoryear.bbx 2025/07/10 v3.21 biblatex bibliography style (PK/MW)
Package biblatex Info: Trying to load bibliography style 'standard'...
Package biblatex Info: ... file 'standard.bbx' found.

(/usr/local/texlive/2024/texmf-dist/tex/latex/biblatex/bbx/standard.bbx
File: standard.bbx 2025/07/10 v3.21 biblatex bibliography style (PK/MW)
\c@bbx:relatedcount=\count428
\c@bbx:relatedtotal=\count429
))
Package biblatex Info: Trying to load citation style 'authoryear'...
Package biblatex Info: ... file 'authoryear.cbx' found.

(/usr/local/texlive/2024/texmf-dist/tex/latex/biblatex/cbx/authoryear.cbx
File: authoryear.cbx 2025/07/10 v3.21 biblatex citation style (PK/MW)
Package biblatex Info: Redefining '\cite'.
Package biblatex Info: Redefining '\parencite'.
Package biblatex Info: Redefining '\footcite'.
Package biblatex Info: Redefining '\footcitetext'.
Package biblatex Info: Redefining '\smartcite'.
Package biblatex Info: Redefining '\textcite'.
Package biblatex Info: Redefining '\textcites'.
)
Package biblatex Info: Trying to load configuration file...
Package biblatex Info: ... file 'biblatex.cfg' found.

(/usr/local/texlive/2024/texmf-dist/tex/latex/biblatex/biblatex.cfg
File: biblatex.cfg 
)
Package biblatex Info: Input encoding 'utf8' detected.
Package biblatex Info: Document encoding is UTF8 ....
Package biblatex Info: ... and expl3
(biblatex)             2025-07-11 L3 programming layer (loader) 
(biblatex)             is new enough (at least 2020/04/06),
(biblatex)             setting 'casechanger=expl3'.

(/usr/local/texlive/2024/texmf-dist/tex/latex/biblatex/blx-case-expl3.sty
(/usr/local/texlive/2024/texmf-dist/tex/latex/l3packages/xparse/xparse.sty
Package: xparse 2024-08-16 L3 Experimental document command parser
)
Package: blx-case-expl3 2025/07/10 v3.21 expl3 case changing code for biblatex
))
(/usr/local/texlive/2024/texmf-dist/tex/latex/dirtytalk/dirtytalk.sty
Package: dirtytalk 2010/11/21 A package making "quoting" easier
\c@dirtytalk@qdepth=\count430
)
(/usr/local/texlive/2024/texmf-dist/tex/latex/cancel/cancel.sty
Package: cancel 2013/04/12 v2.2 Cancel math terms
)
(/usr/local/texlive/2024/texmf-dist/tex/latex/wrapfig/wrapfig.sty
\wrapoverhang=\dimen186
\WF@size=\dimen187
\c@WF@wrappedlines=\count431
\WF@box=\box62
\WF@everypar=\toks30
Package: wrapfig 2003/01/31  v 3.6
)
(/usr/local/texlive/2024/texmf-dist/tex/latex/adjustbox/adjustbox.sty
Package: adjustbox 2025/02/26 v1.3c Adjusting TeX boxes (trim, clip, ...)

(/usr/local/texlive/2024/texmf-dist/tex/latex/adjustbox/adjcalc.sty
Package: adjcalc 2012/05/16 v1.1 Provides advanced setlength with multiple back
-ends (calc, etex, pgfmath)
)
(/usr/local/texlive/2024/texmf-dist/tex/latex/adjustbox/trimclip.sty
Package: trimclip 2025/02/21 v1.2a Trim and clip general TeX material

(/usr/local/texlive/2024/texmf-dist/tex/latex/collectbox/collectbox.sty
Package: collectbox 2022/10/17 v0.4c Collect macro arguments as boxes
\collectedbox=\box63
)
\tc@llx=\dimen188
\tc@lly=\dimen189
\tc@urx=\dimen190
\tc@ury=\dimen191
Package trimclip Info: Using driver 'tc-pdftex.def'.

(/usr/local/texlive/2024/texmf-dist/tex/latex/adjustbox/tc-pdftex.def
File: tc-pdftex.def 2025/02/26 v2.3 Clipping driver for pdftex
))
\adjbox@Width=\dimen192
\adjbox@Height=\dimen193
\adjbox@Depth=\dimen194
\adjbox@Totalheight=\dimen195
\adjbox@pwidth=\dimen196
\adjbox@pheight=\dimen197
\adjbox@pdepth=\dimen198
\adjbox@ptotalheight=\dimen199

(/usr/local/texlive/2024/texmf-dist/tex/latex/ifoddpage/ifoddpage.sty
Package: ifoddpage 2022/10/18 v1.2 Conditionals for odd/even page detection
\c@checkoddpage=\count432
)
(/usr/local/texlive/2024/texmf-dist/tex/latex/varwidth/varwidth.sty
Package: varwidth 2009/03/30 ver 0.92;  Variable-width minipages
\@vwid@box=\box64
\sift@deathcycles=\count433
\@vwid@loff=\dimen256
\@vwid@roff=\dimen257
)
==> First Aid for varwidth.sty applied!
) (/usr/local/texlive/2024/texmf-dist/tex/latex/base/fontenc.sty
Package: fontenc 2024/12/21 v2.1c Standard LaTeX package
)
(/usr/local/texlive/2024/texmf-dist/tex/latex/sectsty/sectsty.sty
Package: sectsty 2002/02/25 v2.0.2 Commands to change all sectional heading sty
les


LaTeX Warning: Command \underbar  has changed.
               Check if current package is valid.


LaTeX Warning: Command \underline  has changed.
               Check if current package is valid.

) (/usr/local/texlive/2024/texmf-dist/tex/latex/amsmath/amsmath.sty
Package: amsmath 2025/06/16 v2.17y AMS math features
\@mathmargin=\skip79

For additional information on amsmath, use the `?' option.
(/usr/local/texlive/2024/texmf-dist/tex/latex/amsmath/amstext.sty
Package: amstext 2024/11/17 v2.01 AMS text

(/usr/local/texlive/2024/texmf-dist/tex/latex/amsmath/amsgen.sty
File: amsgen.sty 1999/11/30 v2.0 generic functions
\@emptytoks=\toks31
\ex@=\dimen258
))
(/usr/local/texlive/2024/texmf-dist/tex/latex/amsmath/amsbsy.sty
Package: amsbsy 1999/11/29 v1.2d Bold Symbols
\pmbraise@=\dimen259
)
(/usr/local/texlive/2024/texmf-dist/tex/latex/amsmath/amsopn.sty
Package: amsopn 2022/04/08 v2.04 operator names
)
\inf@bad=\count434
LaTeX Info: Redefining \frac on input line 233.
\uproot@=\count435
\leftroot@=\count436
LaTeX Info: Redefining \overline on input line 398.
LaTeX Info: Redefining \colon on input line 409.
\classnum@=\count437
\DOTSCASE@=\count438
LaTeX Info: Redefining \ldots on input line 495.
LaTeX Info: Redefining \dots on input line 498.
LaTeX Info: Redefining \cdots on input line 619.
\Mathstrutbox@=\box65
\strutbox@=\box66
LaTeX Info: Redefining \big on input line 721.
LaTeX Info: Redefining \Big on input line 722.
LaTeX Info: Redefining \bigg on input line 723.
LaTeX Info: Redefining \Bigg on input line 724.
\big@size=\dimen260
LaTeX Font Info:    Redeclaring font encoding OML on input line 742.
LaTeX Font Info:    Redeclaring font encoding OMS on input line 743.
\macc@depth=\count439
LaTeX Info: Redefining \bmod on input line 904.
LaTeX Info: Redefining \pmod on input line 909.
LaTeX Info: Redefining \smash on input line 939.
LaTeX Info: Redefining \relbar on input line 969.
LaTeX Info: Redefining \Relbar on input line 970.
\c@MaxMatrixCols=\count440
\dotsspace@=\muskip22
\c@parentequation=\count441
\dspbrk@lvl=\count442
\tag@help=\toks32
\row@=\count443
\column@=\count444
\maxfields@=\count445
\andhelp@=\toks33
\eqnshift@=\dimen261
\alignsep@=\dimen262
\tagshift@=\dimen263
\tagwidth@=\dimen264
\totwidth@=\dimen265
\lineht@=\dimen266
\@envbody=\toks34
\multlinegap=\skip80
\multlinetaggap=\skip81
\mathdisplay@stack=\toks35
LaTeX Info: Redefining \[ on input line 2949.
LaTeX Info: Redefining \] on input line 2950.
)
(/usr/local/texlive/2024/texmf-dist/tex/latex/amsfonts/amssymb.sty
Package: amssymb 2013/01/14 v3.01 AMS font symbols

(/usr/local/texlive/2024/texmf-dist/tex/latex/amsfonts/amsfonts.sty
Package: amsfonts 2013/01/14 v3.01 Basic AMSFonts support
\symAMSa=\mathgroup4
\symAMSb=\mathgroup5
LaTeX Font Info:    Redeclaring math symbol \hbar on input line 98.
LaTeX Font Info:    Overwriting math alphabet `\mathfrak' in version `bold'
(Font)                  U/euf/m/n --> U/euf/b/n on input line 106.
))
(/usr/local/texlive/2024/texmf-dist/tex/generic/nth/nth.sty
Package: nth 2002/02/27
)
(/usr/local/texlive/2024/texmf-dist/tex/latex/tools/dcolumn.sty
Package: dcolumn 2023/07/08 v1.06 decimal alignment package (DPC)
)
(/usr/local/texlive/2024/texmf-dist/tex/latex/graphics/color.sty
Package: color 2025/01/14 v1.3e Standard LaTeX Color (DPC)

(/usr/local/texlive/2024/texmf-dist/tex/latex/graphics-cfg/color.cfg
File: color.cfg 2016/01/02 v1.6 sample color configuration
)
Package color Info: Driver file: pdftex.def on input line 149.

(/usr/local/texlive/2024/texmf-dist/tex/latex/graphics/mathcolor.ltx))
(/usr/local/texlive/2024/texmf-dist/tex/latex/xcolor/xcolor.sty
Package: xcolor 2024/09/29 v3.02 LaTeX color extensions (UK)

(/usr/local/texlive/2024/texmf-dist/tex/latex/graphics-cfg/color.cfg
File: color.cfg 2016/01/02 v1.6 sample color configuration
)
Package xcolor Info: Driver file: pdftex.def on input line 274.
LaTeX Info: Redefining \color on input line 762.

(/usr/local/texlive/2024/texmf-dist/tex/latex/graphics/mathcolor.ltx)
Package xcolor Info: Model `cmy' substituted by `cmy0' on input line 1349.
Package xcolor Info: Model `hsb' substituted by `rgb' on input line 1353.
Package xcolor Info: Model `RGB' extended on input line 1365.
Package xcolor Info: Model `HTML' substituted by `rgb' on input line 1367.
Package xcolor Info: Model `Hsb' substituted by `hsb' on input line 1368.
Package xcolor Info: Model `tHsb' substituted by `hsb' on input line 1369.
Package xcolor Info: Model `HSB' substituted by `hsb' on input line 1370.
Package xcolor Info: Model `Gray' substituted by `gray' on input line 1371.
Package xcolor Info: Model `wave' substituted by `hsb' on input line 1372.
)
(/usr/local/texlive/2024/texmf-dist/tex/latex/hyperref/hyperref.sty
Package: hyperref 2025-07-12 v7.01o Hypertext links for LaTeX

(/usr/local/texlive/2024/texmf-dist/tex/generic/kvdefinekeys/kvdefinekeys.sty
Package: kvdefinekeys 2019-12-19 v1.6 Define keys (HO)
)
(/usr/local/texlive/2024/texmf-dist/tex/generic/pdfescape/pdfescape.sty
Package: pdfescape 2019/12/09 v1.15 Implements pdfTeX's escape features (HO)
)
(/usr/local/texlive/2024/texmf-dist/tex/latex/hycolor/hycolor.sty
Package: hycolor 2020-01-27 v1.10 Color options for hyperref/bookmark (HO)
)
(/usr/local/texlive/2024/texmf-dist/tex/latex/hyperref/nameref.sty
Package: nameref 2025-06-21 v2.57 Cross-referencing by name of section

(/usr/local/texlive/2024/texmf-dist/tex/generic/gettitlestring/gettitlestring.s
ty
Package: gettitlestring 2019/12/15 v1.6 Cleanup title references (HO)
)
\c@section@level=\count446
) (/usr/local/texlive/2024/texmf-dist/tex/generic/stringenc/stringenc.sty
Package: stringenc 2019/11/29 v1.12 Convert strings between diff. encodings (HO
)
)
\@linkdim=\dimen267
\Hy@linkcounter=\count447
\Hy@pagecounter=\count448

(/usr/local/texlive/2024/texmf-dist/tex/latex/hyperref/pd1enc.def
File: pd1enc.def 2025-07-12 v7.01o Hyperref: PDFDocEncoding definition (HO)
Now handling font encoding PD1 ...
... no UTF-8 mapping file for font encoding PD1
)
(/usr/local/texlive/2024/texmf-dist/tex/generic/intcalc/intcalc.sty
Package: intcalc 2019/12/15 v1.3 Expandable calculations with integers (HO)
)
\Hy@SavedSpaceFactor=\count449

(/usr/local/texlive/2024/texmf-dist/tex/latex/hyperref/puenc.def
File: puenc.def 2025-07-12 v7.01o Hyperref: PDF Unicode definition (HO)
Now handling font encoding PU ...
... no UTF-8 mapping file for font encoding PU
)
Package hyperref Info: Option `bookmarks' set `false' on input line 4066.
Package hyperref Info: Hyper figures OFF on input line 4195.
Package hyperref Info: Link nesting OFF on input line 4200.
Package hyperref Info: Hyper index ON on input line 4203.
Package hyperref Info: Plain pages OFF on input line 4210.
Package hyperref Info: Backreferencing OFF on input line 4215.
Package hyperref Info: Implicit mode ON; LaTeX internals redefined.
Package hyperref Info: Bookmarks OFF on input line 4468.
\c@Hy@tempcnt=\count450
LaTeX Info: Redefining \url on input line 4801.
\XeTeXLinkMargin=\dimen268

(/usr/local/texlive/2024/texmf-dist/tex/generic/bitset/bitset.sty
Package: bitset 2019/12/09 v1.3 Handle bit-vector datatype (HO)

(/usr/local/texlive/2024/texmf-dist/tex/generic/bigintcalc/bigintcalc.sty
Package: bigintcalc 2019/12/15 v1.5 Expandable calculations on big integers (HO
)
))
\Fld@menulength=\count451
\Field@Width=\dimen269
\Fld@charsize=\dimen270
Package hyperref Info: Hyper figures OFF on input line 6078.
Package hyperref Info: Link nesting OFF on input line 6083.
Package hyperref Info: Hyper index ON on input line 6086.
Package hyperref Info: backreferencing OFF on input line 6093.
Package hyperref Info: Link coloring OFF on input line 6098.
Package hyperref Info: Link coloring with OCG OFF on input line 6103.
Package hyperref Info: PDF/A mode OFF on input line 6108.
\Hy@abspage=\count452
\c@Item=\count453
\c@Hfootnote=\count454
)
Package hyperref Info: Driver (autodetected): hpdftex.

(/usr/local/texlive/2024/texmf-dist/tex/latex/hyperref/hpdftex.def
File: hpdftex.def 2025-07-12 v7.01o Hyperref driver for pdfTeX
\Fld@listcount=\count455
\c@bookmark@seq@number=\count456

(/usr/local/texlive/2024/texmf-dist/tex/latex/rerunfilecheck/rerunfilecheck.sty
Package: rerunfilecheck 2025-06-21 v1.11 Rerun checks for auxiliary files (HO)

(/usr/local/texlive/2024/texmf-dist/tex/generic/uniquecounter/uniquecounter.sty
Package: uniquecounter 2019/12/15 v1.4 Provide unlimited unique counter (HO)
)
Package uniquecounter Info: New unique counter `rerunfilecheck' on input line 2
84.
)
\Hy@SectionHShift=\skip82
)
\c@tm=\count457
\c@dfn=\count458
\c@lma=\count459
\c@assu=\count460
\c@prop=\count461
\c@cro=\count462
\c@example=\count463
\c@observation=\count464
\c@exa=\count465
\c@remak=\count466
\c@ax=\count467
\c@ax.V=\count468
\c@ax.AA=\count469
\c@claim=\count470
\c@innercustomthm=\count471
\c@einnercustomthm=\count472
\c@innercustomcor=\count473
\c@einnercustomcor=\count474
\c@innercustomlm=\count475
\c@innercustomdf=\count476
)
\@quotelevel=\count477
\@quotereset=\count478
 (./Chp2-draft.aux

LaTeX Warning: Label `tab:income_trust_general_labor_ihs' multiply defined.


LaTeX Warning: Label `tab:income_trust_general_Labor_deflwin_ihs' multiply defi
ned.


LaTeX Warning: Label `tab:income_trust_general_total_ihs' multiply defined.


LaTeX Warning: Label `tab:income_trust_general_Total_deflwin_ihs' multiply defi
ned.

)
\openout1 = `Chp2-draft.aux'.

LaTeX Font Info:    Checking defaults for OML/cmm/m/it on input line 44.
LaTeX Font Info:    ... okay on input line 44.
LaTeX Font Info:    Checking defaults for OMS/cmsy/m/n on input line 44.
LaTeX Font Info:    ... okay on input line 44.
LaTeX Font Info:    Checking defaults for OT1/cmr/m/n on input line 44.
LaTeX Font Info:    ... okay on input line 44.
LaTeX Font Info:    Checking defaults for T1/cmr/m/n on input line 44.
LaTeX Font Info:    ... okay on input line 44.
LaTeX Font Info:    Checking defaults for TS1/cmr/m/n on input line 44.
LaTeX Font Info:    ... okay on input line 44.
LaTeX Font Info:    Checking defaults for OMX/cmex/m/n on input line 44.
LaTeX Font Info:    ... okay on input line 44.
LaTeX Font Info:    Checking defaults for U/cmr/m/n on input line 44.
LaTeX Font Info:    ... okay on input line 44.
LaTeX Font Info:    Checking defaults for PD1/pdf/m/n on input line 44.
LaTeX Font Info:    ... okay on input line 44.
LaTeX Font Info:    Checking defaults for PU/pdf/m/n on input line 44.
LaTeX Font Info:    ... okay on input line 44.
 (/usr/local/texlive/2024/texmf-dist/tex/context/base/mkii/supp-pdf.mkii
[Loading MPS to PDF converter (version 2006.09.02).]
\scratchcounter=\count479
\scratchdimen=\dimen271
\scratchbox=\box67
\nofMPsegments=\count480
\nofMParguments=\count481
\everyMPshowfont=\toks36
\MPscratchCnt=\count482
\MPscratchDim=\dimen272
\MPnumerator=\count483
\makeMPintoPDFobject=\count484
\everyMPtoPDFconversion=\toks37
) (/usr/local/texlive/2024/texmf-dist/tex/latex/epstopdf-pkg/epstopdf-base.sty
Package: epstopdf-base 2020-01-24 v2.11 Base part for package epstopdf
Package epstopdf-base Info: Redefining graphics rule for `.eps' on input line 4
85.

(/usr/local/texlive/2024/texmf-dist/tex/latex/latexconfig/epstopdf-sys.cfg
File: epstopdf-sys.cfg 2010/07/13 v1.3 Configuration of (r)epstopdf for TeX Liv
e
))
Package caption Info: Begin \AtBeginDocument code.
Package caption Info: hyperref package is loaded.
Package caption Info: rotating package is loaded.
Package caption Info: threeparttable package is loaded.
Package caption Info: wrapfig package is loaded.
Package caption Info: End \AtBeginDocument code.

*geometry* driver: auto-detecting
*geometry* detected driver: pdftex
*geometry* verbose mode - [ preamble ] result:
* driver: pdftex
* paper: <default>
* layout: <same size as paper>
* layoutoffset:(h,v)=(0.0pt,0.0pt)
* modes: 
* h-part:(L,W,R)=(92.14519pt, 430.00462pt, 92.14519pt)
* v-part:(T,H,B)=(95.39737pt, 556.47656pt, 143.09605pt)
* \paperwidth=614.295pt
* \paperheight=794.96999pt
* \textwidth=430.00462pt
* \textheight=556.47656pt
* \oddsidemargin=19.8752pt
* \evensidemargin=19.8752pt
* \topmargin=-13.87262pt
* \headheight=12.0pt
* \headsep=25.0pt
* \topskip=10.0pt
* \footskip=30.0pt
* \marginparwidth=65.0pt
* \marginparsep=11.0pt
* \columnsep=10.0pt
* \skip\footins=9.0pt plus 4.0pt minus 2.0pt
* \hoffset=0.0pt
* \voffset=0.0pt
* \mag=1000
* \@twocolumnfalse
* \@twosidefalse
* \@mparswitchfalse
* \@reversemarginfalse
* (1in=72.27pt=25.4mm, 1cm=28.453pt)

Package biblatex Info: Trying to load language 'english'...
Package biblatex Info: ... file 'english.lbx' found.
(/usr/local/texlive/2024/texmf-dist/tex/latex/biblatex/lbx/english.lbx
File: english.lbx 2025/07/10 v3.21 biblatex localization (PK/MW)
)
Package biblatex Info: Input encoding 'utf8' detected.
Package biblatex Info: Automatic encoding selection.
(biblatex)             Assuming data encoding 'utf8'.
Package biblatex Info: Input encoding 'utf8' detected.
Package biblatex Info: Data encoding 'utf8' specified.
(biblatex)             No need to reencode data.
\openout3 = `Chp2-draft-blx.bib'.

Package biblatex Info: Trying to load bibliographic data...
Package biblatex Info: ... file 'Chp2-draft.bbl' found.

(./Chp2-draft.bbl)
Package biblatex Info: Reference section=0 on input line 44.
Package biblatex Info: Reference segment=0 on input line 44.
Package hyperref Info: Link coloring OFF on input line 44.
LaTeX Font Info:    Trying to load font information for U+msa on input line 47.


(/usr/local/texlive/2024/texmf-dist/tex/latex/amsfonts/umsa.fd
File: umsa.fd 2013/01/14 v3.01 AMS symbols A
)
LaTeX Font Info:    Trying to load font information for U+msb on input line 47.


(/usr/local/texlive/2024/texmf-dist/tex/latex/amsfonts/umsb.fd
File: umsb.fd 2013/01/14 v3.01 AMS symbols B
)

Package hyperref Warning: Ignoring empty anchor on input line 48.



[1

{/usr/local/texlive/2024/texmf-var/fonts/map/pdftex/updmap/pdftex.map}{/usr/loc
al/texlive/2024/texmf-dist/fonts/enc/dvips/cm-super/cm-super-t1.enc}{/usr/local
/texlive/2024/texmf-dist/fonts/enc/dvips/cm-super/cm-super-ts1.enc}]
(./Subfiles/litrev.tex) (./Subfiles/data.tex
Overfull \hbox (4.47261pt too wide) in paragraph at lines 29--2
\T1/cmr/m/n/10 and then use the data to cal-i-brate an return-earnings pro-cess
 within a life cy-cle model of consumption-
 []



[2]
<Subfiles/../../Code/Descriptive/Figures/income_over_time.png, id=41, 698.61pt 
x 419.5675pt>
File: Subfiles/../../Code/Descriptive/Figures/income_over_time.png Graphic file
 (type png)
<use Subfiles/../../Code/Descriptive/Figures/income_over_time.png>
Package pdftex.def Info: Subfiles/../../Code/Descriptive/Figures/income_over_ti
me.png  used on input line 13.
(pdftex.def)             Requested size: 344.005pt x 206.6014pt.
 (./Subfiles/../../Code/Descriptive/Tables/income_mean_by_year_real_win.tex)

[3 <./Subfiles/../../Code/Descriptive/Figures/income_over_time.png>]
(./Subfiles/../../Code/Descriptive/Tables/income_final_tabstat.tex)
(./Subfiles/../../Code/Descriptive/Tables/income_mean_by_agegroup_real_win_2022
.tex)

[4]
<Subfiles/../../Code/Descriptive/Figures/income_by_agegroup_2022.png, id=56, 69
8.61pt x 419.5675pt>
File: Subfiles/../../Code/Descriptive/Figures/income_by_agegroup_2022.png Graph
ic file (type png)
<use Subfiles/../../Code/Descriptive/Figures/income_by_agegroup_2022.png>
Package pdftex.def Info: Subfiles/../../Code/Descriptive/Figures/income_by_ageg
roup_2022.png  used on input line 31.
(pdftex.def)             Requested size: 344.005pt x 206.6014pt.


[5]
(./Subfiles/../../Code/Descriptive/Tables/income_mean_by_educgroup_real_win.tex
)
<Subfiles/../../Code/Descriptive/Figures/labinc_by_age_educ_2022.png, id=63, 69
8.61pt x 419.5675pt>
File: Subfiles/../../Code/Descriptive/Figures/labinc_by_age_educ_2022.png Graph
ic file (type png)
<use Subfiles/../../Code/Descriptive/Figures/labinc_by_age_educ_2022.png>
Package pdftex.def Info: Subfiles/../../Code/Descriptive/Figures/labinc_by_age_
educ_2022.png  used on input line 42.
(pdftex.def)             Requested size: 344.005pt x 206.6014pt.


[6 <./Subfiles/../../Code/Descriptive/Figures/income_by_agegroup_2022.png>]
<Subfiles/../../Code/Descriptive/Figures/totinc_by_age_educ_2022.png, id=73, 69
8.61pt x 419.5675pt>
File: Subfiles/../../Code/Descriptive/Figures/totinc_by_age_educ_2022.png Graph
ic file (type png)
<use Subfiles/../../Code/Descriptive/Figures/totinc_by_age_educ_2022.png>
Package pdftex.def Info: Subfiles/../../Code/Descriptive/Figures/totinc_by_age_
educ_2022.png  used on input line 49.
(pdftex.def)             Requested size: 344.005pt x 206.6014pt.


[7 <./Subfiles/../../Code/Descriptive/Figures/labinc_by_age_educ_2022.png> <./S
ubfiles/../../Code/Descriptive/Figures/totinc_by_age_educ_2022.png>]
<Subfiles/../../Code/Descriptive/Figures/cg_bus_mean_median_by_year.png, id=83,
 698.61pt x 419.5675pt>
File: Subfiles/../../Code/Descriptive/Figures/cg_bus_mean_median_by_year.png Gr
aphic file (type png)
<use Subfiles/../../Code/Descriptive/Figures/cg_bus_mean_median_by_year.png>
Package pdftex.def Info: Subfiles/../../Code/Descriptive/Figures/cg_bus_mean_me
dian_by_year.png  used on input line 66.
(pdftex.def)             Requested size: 344.005pt x 206.6014pt.
<Subfiles/../../Code/Descriptive/Figures/cg_bnd_mean_median_by_year.png, id=84,
 698.61pt x 419.5675pt>
File: Subfiles/../../Code/Descriptive/Figures/cg_bnd_mean_median_by_year.png Gr
aphic file (type png)
<use Subfiles/../../Code/Descriptive/Figures/cg_bnd_mean_median_by_year.png>
Package pdftex.def Info: Subfiles/../../Code/Descriptive/Figures/cg_bnd_mean_me
dian_by_year.png  used on input line 75.
(pdftex.def)             Requested size: 344.005pt x 206.6014pt.


[8 <./Subfiles/../../Code/Descriptive/Figures/cg_bus_mean_median_by_year.png>]
<Subfiles/../../Code/Descriptive/Figures/cg_res_mean_median_by_year.png, id=91,
 698.61pt x 419.5675pt>
File: Subfiles/../../Code/Descriptive/Figures/cg_res_mean_median_by_year.png Gr
aphic file (type png)
<use Subfiles/../../Code/Descriptive/Figures/cg_res_mean_median_by_year.png>
Package pdftex.def Info: Subfiles/../../Code/Descriptive/Figures/cg_res_mean_me
dian_by_year.png  used on input line 84.
(pdftex.def)             Requested size: 344.005pt x 206.6014pt.


[9 <./Subfiles/../../Code/Descriptive/Figures/cg_bnd_mean_median_by_year.png> <
./Subfiles/../../Code/Descriptive/Figures/cg_res_mean_median_by_year.png>]
<Subfiles/../../Code/Descriptive/Figures/cg_re_mean_median_by_year.png, id=99, 
698.61pt x 419.5675pt>
File: Subfiles/../../Code/Descriptive/Figures/cg_re_mean_median_by_year.png Gra
phic file (type png)
<use Subfiles/../../Code/Descriptive/Figures/cg_re_mean_median_by_year.png>
Package pdftex.def Info: Subfiles/../../Code/Descriptive/Figures/cg_re_mean_med
ian_by_year.png  used on input line 94.
(pdftex.def)             Requested size: 344.005pt x 206.6014pt.
<Subfiles/../../Code/Descriptive/Figures/cg_res2_mean_median_by_year.png, id=10
0, 698.61pt x 419.5675pt>
File: Subfiles/../../Code/Descriptive/Figures/cg_res2_mean_median_by_year.png G
raphic file (type png)
<use Subfiles/../../Code/Descriptive/Figures/cg_res2_mean_median_by_year.png>
Package pdftex.def Info: Subfiles/../../Code/Descriptive/Figures/cg_res2_mean_m
edian_by_year.png  used on input line 101.
(pdftex.def)             Requested size: 344.005pt x 206.6014pt.
<Subfiles/../../Code/Descriptive/Figures/cg_stk_mean_median_by_year.png, id=101
, 698.61pt x 419.5675pt>
File: Subfiles/../../Code/Descriptive/Figures/cg_stk_mean_median_by_year.png Gr
aphic file (type png)
<use Subfiles/../../Code/Descriptive/Figures/cg_stk_mean_median_by_year.png>
Package pdftex.def Info: Subfiles/../../Code/Descriptive/Figures/cg_stk_mean_me
dian_by_year.png  used on input line 108.
(pdftex.def)             Requested size: 344.005pt x 206.6014pt.


[10 <./Subfiles/../../Code/Descriptive/Figures/cg_re_mean_median_by_year.png> <
./Subfiles/../../Code/Descriptive/Figures/cg_res2_mean_median_by_year.png>]
<Subfiles/../../Code/Descriptive/Figures/interest_income_mean_by_year.png, id=1
09, 698.61pt x 419.5675pt>
File: Subfiles/../../Code/Descriptive/Figures/interest_income_mean_by_year.png 
Graphic file (type png)
<use Subfiles/../../Code/Descriptive/Figures/interest_income_mean_by_year.png>
Package pdftex.def Info: Subfiles/../../Code/Descriptive/Figures/interest_incom
e_mean_by_year.png  used on input line 122.
(pdftex.def)             Requested size: 344.005pt x 206.6014pt.


[11 <./Subfiles/../../Code/Descriptive/Figures/cg_stk_mean_median_by_year.png>]
<Subfiles/../../Code/Descriptive/Figures/flows_by_asset_mean_by_year.png, id=11
8, 698.61pt x 419.5675pt>
File: Subfiles/../../Code/Descriptive/Figures/flows_by_asset_mean_by_year.png G
raphic file (type png)
<use Subfiles/../../Code/Descriptive/Figures/flows_by_asset_mean_by_year.png>
Package pdftex.def Info: Subfiles/../../Code/Descriptive/Figures/flows_by_asset
_mean_by_year.png  used on input line 135.
(pdftex.def)             Requested size: 344.005pt x 206.6014pt.


[12 <./Subfiles/../../Code/Descriptive/Figures/interest_income_mean_by_year.png
>]
<Subfiles/../../Code/Descriptive/Figures/wealth_mean_by_year_components.png, id
=126, 698.61pt x 419.5675pt>
File: Subfiles/../../Code/Descriptive/Figures/wealth_mean_by_year_components.pn
g Graphic file (type png)
<use Subfiles/../../Code/Descriptive/Figures/wealth_mean_by_year_components.png
>
Package pdftex.def Info: Subfiles/../../Code/Descriptive/Figures/wealth_mean_by
_year_components.png  used on input line 146.
(pdftex.def)             Requested size: 344.005pt x 206.6014pt.


[13 <./Subfiles/../../Code/Descriptive/Figures/flows_by_asset_mean_by_year.png>
]
<Subfiles/../../Code/Descriptive/Figures/wealth_mean_by_year_agg.png, id=134, 6
98.61pt x 419.5675pt>
File: Subfiles/../../Code/Descriptive/Figures/wealth_mean_by_year_agg.png Graph
ic file (type png)
<use Subfiles/../../Code/Descriptive/Figures/wealth_mean_by_year_agg.png>
Package pdftex.def Info: Subfiles/../../Code/Descriptive/Figures/wealth_mean_by
_year_agg.png  used on input line 155.
(pdftex.def)             Requested size: 344.005pt x 206.6014pt.


[14 <./Subfiles/../../Code/Descriptive/Figures/wealth_mean_by_year_components.p
ng> <./Subfiles/../../Code/Descriptive/Figures/wealth_mean_by_year_agg.png>]
<Subfiles/../../Code/Descriptive/Figures/lorenz_income_2022.png, id=141, 698.61
pt x 419.5675pt>
File: Subfiles/../../Code/Descriptive/Figures/lorenz_income_2022.png Graphic fi
le (type png)
<use Subfiles/../../Code/Descriptive/Figures/lorenz_income_2022.png>
Package pdftex.def Info: Subfiles/../../Code/Descriptive/Figures/lorenz_income_
2022.png  used on input line 164.
(pdftex.def)             Requested size: 344.005pt x 206.6014pt.
<Subfiles/../../Code/Descriptive/Figures/lorenz_wealth_components_2022.png, id=
142, 698.61pt x 419.5675pt>
File: Subfiles/../../Code/Descriptive/Figures/lorenz_wealth_components_2022.png
 Graphic file (type png)
<use Subfiles/../../Code/Descriptive/Figures/lorenz_wealth_components_2022.png>

Package pdftex.def Info: Subfiles/../../Code/Descriptive/Figures/lorenz_wealth_
components_2022.png  used on input line 173.
(pdftex.def)             Requested size: 344.005pt x 206.6014pt.


[15 <./Subfiles/../../Code/Descriptive/Figures/lorenz_income_2022.png> <./Subfi
les/../../Code/Descriptive/Figures/lorenz_wealth_components_2022.png>]
<Subfiles/../../Code/Descriptive/Figures/lorenz_wealth_agg_2022.png, id=149, 69
8.61pt x 419.5675pt>
File: Subfiles/../../Code/Descriptive/Figures/lorenz_wealth_agg_2022.png Graphi
c file (type png)
<use Subfiles/../../Code/Descriptive/Figures/lorenz_wealth_agg_2022.png>
Package pdftex.def Info: Subfiles/../../Code/Descriptive/Figures/lorenz_wealth_
agg_2022.png  used on input line 182.
(pdftex.def)             Requested size: 344.005pt x 206.6014pt.
<Subfiles/../../Code/Descriptive/Figures/share_mean_by_year_core_components.png
, id=150, 698.61pt x 419.5675pt>
File: Subfiles/../../Code/Descriptive/Figures/share_mean_by_year_core_component
s.png Graphic file (type png)
<use Subfiles/../../Code/Descriptive/Figures/share_mean_by_year_core_components
.png>
Package pdftex.def Info: Subfiles/../../Code/Descriptive/Figures/share_mean_by_
year_core_components.png  used on input line 193.
(pdftex.def)             Requested size: 344.005pt x 206.6014pt.


[16 <./Subfiles/../../Code/Descriptive/Figures/lorenz_wealth_agg_2022.png>]
<Subfiles/../../Code/Descriptive/Figures/share_mean_by_year_core_res_ret.png, i
d=157, 698.61pt x 419.5675pt>
File: Subfiles/../../Code/Descriptive/Figures/share_mean_by_year_core_res_ret.p
ng Graphic file (type png)
<use Subfiles/../../Code/Descriptive/Figures/share_mean_by_year_core_res_ret.pn
g>
Package pdftex.def Info: Subfiles/../../Code/Descriptive/Figures/share_mean_by_
year_core_res_ret.png  used on input line 200.
(pdftex.def)             Requested size: 344.005pt x 206.6014pt.
File: Subfiles/../../Code/Descriptive/Figures/share_mean_by_year_core_component
s.png Graphic file (type png)
<use Subfiles/../../Code/Descriptive/Figures/share_mean_by_year_core_components
.png>
Package pdftex.def Info: Subfiles/../../Code/Descriptive/Figures/share_mean_by_
year_core_components.png  used on input line 207.
(pdftex.def)             Requested size: 344.005pt x 206.6014pt.


[17 <./Subfiles/../../Code/Descriptive/Figures/share_mean_by_year_core_componen
ts.png> <./Subfiles/../../Code/Descriptive/Figures/share_mean_by_year_core_res_
ret.png>]
<Subfiles/../../Code/Descriptive/Figures/share_mean_by_year_debt_long_other.png
, id=165, 698.61pt x 419.5675pt>
File: Subfiles/../../Code/Descriptive/Figures/share_mean_by_year_debt_long_othe
r.png Graphic file (type png)
<use Subfiles/../../Code/Descriptive/Figures/share_mean_by_year_debt_long_other
.png>
Package pdftex.def Info: Subfiles/../../Code/Descriptive/Figures/share_mean_by_
year_debt_long_other.png  used on input line 214.
(pdftex.def)             Requested size: 344.005pt x 206.6014pt.
<Subfiles/../../Code/Descriptive/Figures/asset_shares_by_labor_inc_pct_2022.png
, id=166, 698.61pt x 419.5675pt>
File: Subfiles/../../Code/Descriptive/Figures/asset_shares_by_labor_inc_pct_202
2.png Graphic file (type png)
<use Subfiles/../../Code/Descriptive/Figures/asset_shares_by_labor_inc_pct_2022
.png>
Package pdftex.def Info: Subfiles/../../Code/Descriptive/Figures/asset_shares_b
y_labor_inc_pct_2022.png  used on input line 223.
(pdftex.def)             Requested size: 344.005pt x 206.6014pt.


[18 <./Subfiles/../../Code/Descriptive/Figures/share_mean_by_year_debt_long_oth
er.png>]
<Subfiles/../../Code/Descriptive/Figures/asset_shares_by_total_inc_pct_2022.png
, id=173, 698.61pt x 419.5675pt>
File: Subfiles/../../Code/Descriptive/Figures/asset_shares_by_total_inc_pct_202
2.png Graphic file (type png)
<use Subfiles/../../Code/Descriptive/Figures/asset_shares_by_total_inc_pct_2022
.png>
Package pdftex.def Info: Subfiles/../../Code/Descriptive/Figures/asset_shares_b
y_total_inc_pct_2022.png  used on input line 230.
(pdftex.def)             Requested size: 344.005pt x 206.6014pt.
<Subfiles/../../Code/Descriptive/Figures/asset_shares_by_gross_pct_2022.png, id
=174, 698.61pt x 419.5675pt>
File: Subfiles/../../Code/Descriptive/Figures/asset_shares_by_gross_pct_2022.pn
g Graphic file (type png)
<use Subfiles/../../Code/Descriptive/Figures/asset_shares_by_gross_pct_2022.png
>
Package pdftex.def Info: Subfiles/../../Code/Descriptive/Figures/asset_shares_b
y_gross_pct_2022.png  used on input line 237.
(pdftex.def)             Requested size: 344.005pt x 206.6014pt.


[19 <./Subfiles/../../Code/Descriptive/Figures/asset_shares_by_labor_inc_pct_20
22.png> <./Subfiles/../../Code/Descriptive/Figures/asset_shares_by_total_inc_pc
t_2022.png>]
<Subfiles/../../Code/Descriptive/Figures/asset_shares_by_net_pct_2022.png, id=1
82, 698.61pt x 419.5675pt>
File: Subfiles/../../Code/Descriptive/Figures/asset_shares_by_net_pct_2022.png 
Graphic file (type png)
<use Subfiles/../../Code/Descriptive/Figures/asset_shares_by_net_pct_2022.png>
Package pdftex.def Info: Subfiles/../../Code/Descriptive/Figures/asset_shares_b
y_net_pct_2022.png  used on input line 244.
(pdftex.def)             Requested size: 344.005pt x 206.6014pt.
<Subfiles/../../Code/Descriptive/Figures/debt_shares_by_net_pct_2022.png, id=18
3, 698.61pt x 419.5675pt>
File: Subfiles/../../Code/Descriptive/Figures/debt_shares_by_net_pct_2022.png G
raphic file (type png)
<use Subfiles/../../Code/Descriptive/Figures/debt_shares_by_net_pct_2022.png>
Package pdftex.def Info: Subfiles/../../Code/Descriptive/Figures/debt_shares_by
_net_pct_2022.png  used on input line 253.
(pdftex.def)             Requested size: 344.005pt x 206.6014pt.


[20 <./Subfiles/../../Code/Descriptive/Figures/asset_shares_by_gross_pct_2022.p
ng> <./Subfiles/../../Code/Descriptive/Figures/asset_shares_by_net_pct_2022.png
>]
File: Subfiles/../../Code/Descriptive/Figures/debt_shares_by_net_pct_2022.png G
raphic file (type png)
<use Subfiles/../../Code/Descriptive/Figures/debt_shares_by_net_pct_2022.png>
Package pdftex.def Info: Subfiles/../../Code/Descriptive/Figures/debt_shares_by
_net_pct_2022.png  used on input line 260.
(pdftex.def)             Requested size: 344.005pt x 206.6014pt.
File: Subfiles/../../Code/Descriptive/Figures/debt_shares_by_net_pct_2022.png G
raphic file (type png)
<use Subfiles/../../Code/Descriptive/Figures/debt_shares_by_net_pct_2022.png>
Package pdftex.def Info: Subfiles/../../Code/Descriptive/Figures/debt_shares_by
_net_pct_2022.png  used on input line 267.
(pdftex.def)             Requested size: 344.005pt x 206.6014pt.


[21 <./Subfiles/../../Code/Descriptive/Figures/debt_shares_by_net_pct_2022.png>
]
File: Subfiles/../../Code/Descriptive/Figures/debt_shares_by_net_pct_2022.png G
raphic file (type png)
<use Subfiles/../../Code/Descriptive/Figures/debt_shares_by_net_pct_2022.png>
Package pdftex.def Info: Subfiles/../../Code/Descriptive/Figures/debt_shares_by
_net_pct_2022.png  used on input line 274.
(pdftex.def)             Requested size: 344.005pt x 206.6014pt.


[22]

[23]
<Subfiles/../../Code/Descriptive/Figures/returns_mean_by_year_components.png, i
d=223, 698.61pt x 419.5675pt>
File: Subfiles/../../Code/Descriptive/Figures/returns_mean_by_year_components.p
ng Graphic file (type png)
<use Subfiles/../../Code/Descriptive/Figures/returns_mean_by_year_components.pn
g>
Package pdftex.def Info: Subfiles/../../Code/Descriptive/Figures/returns_mean_b
y_year_components.png  used on input line 331.
(pdftex.def)             Requested size: 344.005pt x 206.6014pt.


[24]
<Subfiles/../../Code/Descriptive/Figures/returns_mean_by_year_agg.png, id=230, 
698.61pt x 419.5675pt>
File: Subfiles/../../Code/Descriptive/Figures/returns_mean_by_year_agg.png Grap
hic file (type png)
<use Subfiles/../../Code/Descriptive/Figures/returns_mean_by_year_agg.png>
Package pdftex.def Info: Subfiles/../../Code/Descriptive/Figures/returns_mean_b
y_year_agg.png  used on input line 338.
(pdftex.def)             Requested size: 344.005pt x 206.6014pt.
<Subfiles/../../Code/Descriptive/Figures/returns_histogram_agg_2022.png, id=231
, 698.61pt x 419.5675pt>
File: Subfiles/../../Code/Descriptive/Figures/returns_histogram_agg_2022.png Gr
aphic file (type png)
<use Subfiles/../../Code/Descriptive/Figures/returns_histogram_agg_2022.png>
Package pdftex.def Info: Subfiles/../../Code/Descriptive/Figures/returns_histog
ram_agg_2022.png  used on input line 348.
(pdftex.def)             Requested size: 344.005pt x 206.6014pt.


[25 <./Subfiles/../../Code/Descriptive/Figures/returns_mean_by_year_components.
png> <./Subfiles/../../Code/Descriptive/Figures/returns_mean_by_year_agg.png>]
<Subfiles/../../Code/Descriptive/Figures/returns_histogram_components_2022.png,
 id=239, 698.61pt x 419.5675pt>
File: Subfiles/../../Code/Descriptive/Figures/returns_histogram_components_2022
.png Graphic file (type png)
<use Subfiles/../../Code/Descriptive/Figures/returns_histogram_components_2022.
png>
Package pdftex.def Info: Subfiles/../../Code/Descriptive/Figures/returns_histog
ram_components_2022.png  used on input line 357.
(pdftex.def)             Requested size: 344.005pt x 206.6014pt.


[26 <./Subfiles/../../Code/Descriptive/Figures/returns_histogram_agg_2022.png> 
<./Subfiles/../../Code/Descriptive/Figures/returns_histogram_components_2022.pn
g>]
<Subfiles/../../Code/Descriptive/Figures/labor_income_real_win_p10p90_by_wealth
pct_2022.png, id=246, 698.61pt x 419.5675pt>
File: Subfiles/../../Code/Descriptive/Figures/labor_income_real_win_p10p90_by_w
ealthpct_2022.png Graphic file (type png)
<use Subfiles/../../Code/Descriptive/Figures/labor_income_real_win_p10p90_by_we
althpct_2022.png>
Package pdftex.def Info: Subfiles/../../Code/Descriptive/Figures/labor_income_r
eal_win_p10p90_by_wealthpct_2022.png  used on input line 368.
(pdftex.def)             Requested size: 344.005pt x 206.6014pt.
<Subfiles/../../Code/Descriptive/Figures/log_labor_income_binscatter_2022.png, 
id=247, 698.61pt x 419.5675pt>
File: Subfiles/../../Code/Descriptive/Figures/log_labor_income_binscatter_2022.
png Graphic file (type png)
<use Subfiles/../../Code/Descriptive/Figures/log_labor_income_binscatter_2022.p
ng>
Package pdftex.def Info: Subfiles/../../Code/Descriptive/Figures/log_labor_inco
me_binscatter_2022.png  used on input line 377.
(pdftex.def)             Requested size: 344.005pt x 206.6014pt.


[27 <./Subfiles/../../Code/Descriptive/Figures/labor_income_real_win_p10p90_by_
wealthpct_2022.png>]
<Subfiles/../../Code/Descriptive/Figures/total_income_real_win_iqr_by_wealthpct
_2022.png, id=254, 698.61pt x 419.5675pt>
File: Subfiles/../../Code/Descriptive/Figures/total_income_real_win_iqr_by_weal
thpct_2022.png Graphic file (type png)
<use Subfiles/../../Code/Descriptive/Figures/total_income_real_win_iqr_by_wealt
hpct_2022.png>
Package pdftex.def Info: Subfiles/../../Code/Descriptive/Figures/total_income_r
eal_win_iqr_by_wealthpct_2022.png  used on input line 386.
(pdftex.def)             Requested size: 344.005pt x 206.6014pt.
<Subfiles/../../Code/Descriptive/Figures/log_total_income_binscatter_2022.png, 
id=255, 698.61pt x 419.5675pt>
File: Subfiles/../../Code/Descriptive/Figures/log_total_income_binscatter_2022.
png Graphic file (type png)
<use Subfiles/../../Code/Descriptive/Figures/log_total_income_binscatter_2022.p
ng>
Package pdftex.def Info: Subfiles/../../Code/Descriptive/Figures/log_total_inco
me_binscatter_2022.png  used on input line 393.
(pdftex.def)             Requested size: 344.005pt x 206.6014pt.


[28 <./Subfiles/../../Code/Descriptive/Figures/log_labor_income_binscatter_2022
.png> <./Subfiles/../../Code/Descriptive/Figures/total_income_real_win_iqr_by_w
ealthpct_2022.png>]
<Subfiles/../../Code/Descriptive/Figures/core_return_binscatter_2022.png, id=26
2, 698.61pt x 419.5675pt>
File: Subfiles/../../Code/Descriptive/Figures/core_return_binscatter_2022.png G
raphic file (type png)
<use Subfiles/../../Code/Descriptive/Figures/core_return_binscatter_2022.png>
Package pdftex.def Info: Subfiles/../../Code/Descriptive/Figures/core_return_bi
nscatter_2022.png  used on input line 405.
(pdftex.def)             Requested size: 344.005pt x 206.6014pt.
<Subfiles/../../Code/Descriptive/Figures/ret_return_binscatter_2022.png, id=263
, 698.61pt x 419.5675pt>
File: Subfiles/../../Code/Descriptive/Figures/ret_return_binscatter_2022.png Gr
aphic file (type png)
<use Subfiles/../../Code/Descriptive/Figures/ret_return_binscatter_2022.png>
Package pdftex.def Info: Subfiles/../../Code/Descriptive/Figures/ret_return_bin
scatter_2022.png  used on input line 412.
(pdftex.def)             Requested size: 344.005pt x 206.6014pt.


[29 <./Subfiles/../../Code/Descriptive/Figures/log_total_income_binscatter_2022
.png> <./Subfiles/../../Code/Descriptive/Figures/core_return_binscatter_2022.pn
g>]
<Subfiles/../../Code/Descriptive/Figures/res_return_binscatter_2022.png, id=272
, 698.61pt x 419.5675pt>
File: Subfiles/../../Code/Descriptive/Figures/res_return_binscatter_2022.png Gr
aphic file (type png)
<use Subfiles/../../Code/Descriptive/Figures/res_return_binscatter_2022.png>
Package pdftex.def Info: Subfiles/../../Code/Descriptive/Figures/res_return_bin
scatter_2022.png  used on input line 419.
(pdftex.def)             Requested size: 344.005pt x 206.6014pt.
<Subfiles/../../Code/Descriptive/Figures/coreira_return_binscatter_2022.png, id
=273, 698.61pt x 419.5675pt>
File: Subfiles/../../Code/Descriptive/Figures/coreira_return_binscatter_2022.pn
g Graphic file (type png)
<use Subfiles/../../Code/Descriptive/Figures/coreira_return_binscatter_2022.png
>
Package pdftex.def Info: Subfiles/../../Code/Descriptive/Figures/coreira_return
_binscatter_2022.png  used on input line 428.
(pdftex.def)             Requested size: 344.005pt x 206.6014pt.


[30 <./Subfiles/../../Code/Descriptive/Figures/ret_return_binscatter_2022.png> 
<./Subfiles/../../Code/Descriptive/Figures/res_return_binscatter_2022.png>]
<Subfiles/../../Code/Descriptive/Figures/netwealth_return_binscatter_2022.png, 
id=280, 698.61pt x 419.5675pt>
File: Subfiles/../../Code/Descriptive/Figures/netwealth_return_binscatter_2022.
png Graphic file (type png)
<use Subfiles/../../Code/Descriptive/Figures/netwealth_return_binscatter_2022.p
ng>
Package pdftex.def Info: Subfiles/../../Code/Descriptive/Figures/netwealth_retu
rn_binscatter_2022.png  used on input line 437.
(pdftex.def)             Requested size: 344.005pt x 206.6014pt.


[31 <./Subfiles/../../Code/Descriptive/Figures/coreira_return_binscatter_2022.p
ng> <./Subfiles/../../Code/Descriptive/Figures/netwealth_return_binscatter_2022
.png>] (./Subfiles/../../Code/Descriptive/Tables/trust_corr.tex)
(./Subfiles/../../Code/Descriptive/Tables/trust_pca_loadings.tex)

[32]
<Subfiles/../../Code/Descriptive/Figures/trust_mean_by_race_eth_others_2020.png
, id=296, 698.61pt x 419.5675pt>
File: Subfiles/../../Code/Descriptive/Figures/trust_mean_by_race_eth_others_202
0.png Graphic file (type png)
<use Subfiles/../../Code/Descriptive/Figures/trust_mean_by_race_eth_others_2020
.png>
Package pdftex.def Info: Subfiles/../../Code/Descriptive/Figures/trust_mean_by_
race_eth_others_2020.png  used on input line 460.
(pdftex.def)             Requested size: 344.005pt x 206.6014pt.


[33]
<Subfiles/../../Code/Descriptive/Figures/dw_lab_trust_2022.png, id=302, 698.61p
t x 419.5675pt>
File: Subfiles/../../Code/Descriptive/Figures/dw_lab_trust_2022.png Graphic fil
e (type png)
<use Subfiles/../../Code/Descriptive/Figures/dw_lab_trust_2022.png>
Package pdftex.def Info: Subfiles/../../Code/Descriptive/Figures/dw_lab_trust_2
022.png  used on input line 475.
(pdftex.def)             Requested size: 344.005pt x 206.6014pt.


[34 <./Subfiles/../../Code/Descriptive/Figures/trust_mean_by_race_eth_others_20
20.png>]
<Subfiles/../../Code/Descriptive/Figures/dw_tot_trust_2022.png, id=309, 698.61p
t x 419.5675pt>
File: Subfiles/../../Code/Descriptive/Figures/dw_tot_trust_2022.png Graphic fil
e (type png)
<use Subfiles/../../Code/Descriptive/Figures/dw_tot_trust_2022.png>
Package pdftex.def Info: Subfiles/../../Code/Descriptive/Figures/dw_tot_trust_2
022.png  used on input line 487.
(pdftex.def)             Requested size: 344.005pt x 206.6014pt.


[35 <./Subfiles/../../Code/Descriptive/Figures/dw_lab_trust_2022.png>]
<Subfiles/../../Code/Descriptive/Figures/r1_annual_2022_vs_trust_2022.png, id=3
15, 698.61pt x 419.5675pt>
File: Subfiles/../../Code/Descriptive/Figures/r1_annual_2022_vs_trust_2022.png 
Graphic file (type png)
<use Subfiles/../../Code/Descriptive/Figures/r1_annual_2022_vs_trust_2022.png>
Package pdftex.def Info: Subfiles/../../Code/Descriptive/Figures/r1_annual_2022
_vs_trust_2022.png  used on input line 500.
(pdftex.def)             Requested size: 344.005pt x 206.6014pt.
<Subfiles/../../Code/Descriptive/Figures/r4_annual_2022_vs_trust_2022.png, id=3
16, 698.61pt x 419.5675pt>
File: Subfiles/../../Code/Descriptive/Figures/r4_annual_2022_vs_trust_2022.png 
Graphic file (type png)
<use Subfiles/../../Code/Descriptive/Figures/r4_annual_2022_vs_trust_2022.png>
Package pdftex.def Info: Subfiles/../../Code/Descriptive/Figures/r4_annual_2022
_vs_trust_2022.png  used on input line 507.
(pdftex.def)             Requested size: 344.005pt x 206.6014pt.


[36 <./Subfiles/../../Code/Descriptive/Figures/dw_tot_trust_2022.png> <./Subfil
es/../../Code/Descriptive/Figures/r1_annual_2022_vs_trust_2022.png>]
<Subfiles/../../Code/Descriptive/Figures/r5_annual_2022_win_vs_trust_2022.png, 
id=325, 813.0375pt x 487.8225pt>
File: Subfiles/../../Code/Descriptive/Figures/r5_annual_2022_win_vs_trust_2022.
png Graphic file (type png)
<use Subfiles/../../Code/Descriptive/Figures/r5_annual_2022_win_vs_trust_2022.p
ng>
Package pdftex.def Info: Subfiles/../../Code/Descriptive/Figures/r5_annual_2022
_win_vs_trust_2022.png  used on input line 514.
(pdftex.def)             Requested size: 344.005pt x 206.40253pt.

(./Subfiles/../../Code/Descriptive/Tables/demographics_general.tex
Overfull \hbox (2.88983pt too wide) in paragraph at lines 4--19
 [][] 
 []

) (./Subfiles/../../Code/Descriptive/Tables/demographics_other.tex

[37 <./Subfiles/../../Code/Descriptive/Figures/r4_annual_2022_vs_trust_2022.png
> <./Subfiles/../../Code/Descriptive/Figures/r5_annual_2022_win_vs_trust_2022.p
ng>])

[38] (./Subfiles/../../Code/Descriptive/Tables/trust_controls_corr.tex)

[39]
<Subfiles/../../Code/Descriptive/Figures/depression_vs_trust_binscatter.png, id
=344, 698.61pt x 419.5675pt>
File: Subfiles/../../Code/Descriptive/Figures/depression_vs_trust_binscatter.pn
g Graphic file (type png)
<use Subfiles/../../Code/Descriptive/Figures/depression_vs_trust_binscatter.png
>
Package pdftex.def Info: Subfiles/../../Code/Descriptive/Figures/depression_vs_
trust_binscatter.png  used on input line 536.
(pdftex.def)             Requested size: 344.005pt x 206.6014pt.


[40]) (./Subfiles/results.tex
(./Subfiles/../../Code/Regressions/Trust/trust_reg_general.tex
Overfull \hbox (79.06422pt too wide) in alignment at lines 5--44
[] [] [] 
 []

)

[41 <./Subfiles/../../Code/Descriptive/Figures/depression_vs_trust_binscatter.p
ng>]
(./Subfiles/../../Code/Regressions/Income/Labor/income_trust_general_ihs.tex
Overfull \hbox (42.1535pt too wide) in alignment at lines 5--39
[] [] [] [] [] 
 []

)

[42]
(./Subfiles/../../Code/Regressions/Average/Income/Labor/income_trust_general_de
flwin_ihs.tex
Overfull \hbox (42.1535pt too wide) in alignment at lines 5--39
[] [] [] [] [] 
 []

)

[43]
(./Subfiles/../../Code/Regressions/Income/Total/income_trust_general_ihs.tex
Overfull \hbox (42.1535pt too wide) in alignment at lines 5--39
[] [] [] [] [] 
 []

)

[44]
(./Subfiles/../../Code/Regressions/Average/Income/Total/income_trust_general_de
flwin_ihs.tex
Overfull \hbox (42.1535pt too wide) in alignment at lines 5--39
[] [] [] [] [] 
 []

)

[45]
(./Subfiles/../../Code/Regressions/Returns/Net wealth/returns_r5_trust_general_
win.tex
Overfull \hbox (16.67807pt too wide) in alignment at lines 5--39
[] [] [] [] [] 
 []

)

[46] (./Subfiles/../../Code/Regressions/Panel/panel_reg_r5_win.tex)

[47] (./Subfiles/../../Code/Regressions/Panel/panel_reg_r5_spec2_win.tex
Overfull \hbox (31.94823pt too wide) in alignment at lines 4--55
[] [] [] [] 
 []

)

[48]
Overfull \vbox (33.68579pt too high) has occurred while \output is active []



[49] (./Subfiles/../../Code/Regressions/Panel/panel_reg_r5_spec3_win.tex)
<Subfiles/../../Code/Regressions/Panel/Figures/fe_dist_r5_win.png, id=408, 1204
.5pt x 876.27374pt>
File: Subfiles/../../Code/Regressions/Panel/Figures/fe_dist_r5_win.png Graphic 
file (type png)
<use Subfiles/../../Code/Regressions/Panel/Figures/fe_dist_r5_win.png>
Package pdftex.def Info: Subfiles/../../Code/Regressions/Panel/Figures/fe_dist_
r5_win.png  used on input line 65.
(pdftex.def)             Requested size: 344.005pt x 250.26207pt.


[50]
(./Subfiles/../../Code/Regressions/Average/Returns/Net wealth/returns_r5_trust_
general_avg_win.tex
Overfull \hbox (16.67807pt too wide) in alignment at lines 5--39
[] [] [] [] [] 
 []

)

[51 <./Subfiles/../../Code/Regressions/Panel/Figures/fe_dist_r5_win.png>]
(./Subfiles/../../Code/Regressions/Panel/panel_fe_on_tinv_r5_win.tex)

[52]
<Subfiles/../../Code/Regressions/Panel/Figures/fe_vs_trust_win.png, id=427, 120
4.5pt x 876.27374pt>
File: Subfiles/../../Code/Regressions/Panel/Figures/fe_vs_trust_win.png Graphic
 file (type png)
<use Subfiles/../../Code/Regressions/Panel/Figures/fe_vs_trust_win.png>
Package pdftex.def Info: Subfiles/../../Code/Regressions/Panel/Figures/fe_vs_tr
ust_win.png  used on input line 88.
(pdftex.def)             Requested size: 344.005pt x 250.26207pt.


[53]
<Subfiles/../../Code/Regressions/Panel/Figures/fe_vs_educ_win.png, id=433, 1204
.5pt x 876.27374pt>
File: Subfiles/../../Code/Regressions/Panel/Figures/fe_vs_educ_win.png Graphic 
file (type png)
<use Subfiles/../../Code/Regressions/Panel/Figures/fe_vs_educ_win.png>
Package pdftex.def Info: Subfiles/../../Code/Regressions/Panel/Figures/fe_vs_ed
uc_win.png  used on input line 95.
(pdftex.def)             Requested size: 344.005pt x 250.26207pt.


[54 <./Subfiles/../../Code/Regressions/Panel/Figures/fe_vs_trust_win.png>]
<Subfiles/../../Code/Regressions/Panel/Figures/fe_by_race_win.png, id=439, 1204
.5pt x 876.27374pt>
File: Subfiles/../../Code/Regressions/Panel/Figures/fe_by_race_win.png Graphic 
file (type png)
<use Subfiles/../../Code/Regressions/Panel/Figures/fe_by_race_win.png>
Package pdftex.def Info: Subfiles/../../Code/Regressions/Panel/Figures/fe_by_ra
ce_win.png  used on input line 102.
(pdftex.def)             Requested size: 344.005pt x 250.26207pt.


[55 <./Subfiles/../../Code/Regressions/Panel/Figures/fe_vs_educ_win.png>]
<Subfiles/../../Code/Regressions/Panel/Figures/fe_by_gender_win.png, id=446, 12
04.5pt x 876.27374pt>
File: Subfiles/../../Code/Regressions/Panel/Figures/fe_by_gender_win.png Graphi
c file (type png)
<use Subfiles/../../Code/Regressions/Panel/Figures/fe_by_gender_win.png>
Package pdftex.def Info: Subfiles/../../Code/Regressions/Panel/Figures/fe_by_ge
nder_win.png  used on input line 109.
(pdftex.def)             Requested size: 344.005pt x 250.26207pt.


[56 <./Subfiles/../../Code/Regressions/Panel/Figures/fe_by_race_win.png>])
(./Subfiles/extensions.tex
(./Subfiles/../../Code/Descriptive/Tables/finlit_summary.tex)

[57 <./Subfiles/../../Code/Regressions/Panel/Figures/fe_by_gender_win.png>]
(./Subfiles/../../Code/Descriptive/Tables/finlit_trust_corr.tex)
(./Subfiles/../../Code/Descriptive/Tables/iv_trust_corr.tex)

[58] (./Subfiles/../../Code/Descriptive/Tables/region_group_counts_by_year.tex)


[59] (./Subfiles/../../Code/Descriptive/Tables/bin_counts_regionpop_2020.tex)

[60]
Overfull \vbox (124.66501pt too high) has occurred while \output is active []



[61] (./Subfiles/../../Code/Descriptive/Tables/bin_counts_regionpop3_2020.tex)
(./Subfiles/../../Code/Descriptive/Tables/trust_mean_by_region_2020.tex)

[62]
(./Subfiles/../../Code/Descriptive/Tables/trust_mean_by_population_2020.tex)
(./Subfiles/../../Code/Descriptive/Tables/trust_mean_by_population3_2020.tex)

[63]
(./Subfiles/../../Code/Descriptive/Tables/trust_mean_by_regionpop3_2020.tex)

[64])

[65]
Overfull \hbox (8.72075pt too wide) in paragraph at lines 71--71
\T1/cmtt/m/n/10 0002828041464498$[]\T1/cmr/m/n/10 . \T1/cmr/m/sc/10 url\T1/cmr/
m/n/10 : []$\T1/cmtt/m/n/10 https : / / www . aeaweb . org / articles ? id = 10
 . 1257 / 0002828041464498$[]\T1/cmr/m/n/10 . 
 []



[66

] (./Subfiles/appendix.tex
<Subfiles/../../Code/Descriptive/Figures/trust_mean_by_race_eth_social_security
_2020.png, id=532, 698.61pt x 419.5675pt>
File: Subfiles/../../Code/Descriptive/Figures/trust_mean_by_race_eth_social_sec
urity_2020.png Graphic file (type png)
<use Subfiles/../../Code/Descriptive/Figures/trust_mean_by_race_eth_social_secu
rity_2020.png>
Package pdftex.def Info: Subfiles/../../Code/Descriptive/Figures/trust_mean_by_
race_eth_social_security_2020.png  used on input line 8.
(pdftex.def)             Requested size: 344.005pt x 206.6014pt.
<Subfiles/../../Code/Descriptive/Figures/trust_mean_by_race_eth_medicare_2020.p
ng, id=533, 698.61pt x 419.5675pt>
File: Subfiles/../../Code/Descriptive/Figures/trust_mean_by_race_eth_medicare_2
020.png Graphic file (type png)
<use Subfiles/../../Code/Descriptive/Figures/trust_mean_by_race_eth_medicare_20
20.png>
Package pdftex.def Info: Subfiles/../../Code/Descriptive/Figures/trust_mean_by_
race_eth_medicare_2020.png  used on input line 16.
(pdftex.def)             Requested size: 344.005pt x 206.6014pt.
<Subfiles/../../Code/Descriptive/Figures/trust_mean_by_race_eth_banks_2020.png,
 id=534, 698.61pt x 419.5675pt>
File: Subfiles/../../Code/Descriptive/Figures/trust_mean_by_race_eth_banks_2020
.png Graphic file (type png)
<use Subfiles/../../Code/Descriptive/Figures/trust_mean_by_race_eth_banks_2020.
png>
Package pdftex.def Info: Subfiles/../../Code/Descriptive/Figures/trust_mean_by_
race_eth_banks_2020.png  used on input line 23.
(pdftex.def)             Requested size: 344.005pt x 206.6014pt.


[67

 <./Subfiles/../../Code/Descriptive/Figures/trust_mean_by_race_eth_social_secur
ity_2020.png> <./Subfiles/../../Code/Descriptive/Figures/trust_mean_by_race_eth
_medicare_2020.png>]
<Subfiles/../../Code/Descriptive/Figures/trust_mean_by_race_eth_advisors_2020.p
ng, id=544, 698.61pt x 419.5675pt>
File: Subfiles/../../Code/Descriptive/Figures/trust_mean_by_race_eth_advisors_2
020.png Graphic file (type png)
<use Subfiles/../../Code/Descriptive/Figures/trust_mean_by_race_eth_advisors_20
20.png>
Package pdftex.def Info: Subfiles/../../Code/Descriptive/Figures/trust_mean_by_
race_eth_advisors_2020.png  used on input line 30.
(pdftex.def)             Requested size: 344.005pt x 206.6014pt.
<Subfiles/../../Code/Descriptive/Figures/trust_mean_by_race_eth_mutual_funds_20
20.png, id=545, 698.61pt x 419.5675pt>
File: Subfiles/../../Code/Descriptive/Figures/trust_mean_by_race_eth_mutual_fun
ds_2020.png Graphic file (type png)
<use Subfiles/../../Code/Descriptive/Figures/trust_mean_by_race_eth_mutual_fund
s_2020.png>
Package pdftex.def Info: Subfiles/../../Code/Descriptive/Figures/trust_mean_by_
race_eth_mutual_funds_2020.png  used on input line 37.
(pdftex.def)             Requested size: 344.005pt x 206.6014pt.


[68 <./Subfiles/../../Code/Descriptive/Figures/trust_mean_by_race_eth_banks_202
0.png> <./Subfiles/../../Code/Descriptive/Figures/trust_mean_by_race_eth_adviso
rs_2020.png>]
<Subfiles/../../Code/Descriptive/Figures/trust_mean_by_race_eth_insurance_2020.
png, id=552, 698.61pt x 419.5675pt>
File: Subfiles/../../Code/Descriptive/Figures/trust_mean_by_race_eth_insurance_
2020.png Graphic file (type png)
<use Subfiles/../../Code/Descriptive/Figures/trust_mean_by_race_eth_insurance_2
020.png>
Package pdftex.def Info: Subfiles/../../Code/Descriptive/Figures/trust_mean_by_
race_eth_insurance_2020.png  used on input line 44.
(pdftex.def)             Requested size: 344.005pt x 206.6014pt.
<Subfiles/../../Code/Descriptive/Figures/trust_mean_by_race_eth_media_2020.png,
 id=553, 698.61pt x 419.5675pt>
File: Subfiles/../../Code/Descriptive/Figures/trust_mean_by_race_eth_media_2020
.png Graphic file (type png)
<use Subfiles/../../Code/Descriptive/Figures/trust_mean_by_race_eth_media_2020.
png>
Package pdftex.def Info: Subfiles/../../Code/Descriptive/Figures/trust_mean_by_
race_eth_media_2020.png  used on input line 51.
(pdftex.def)             Requested size: 344.005pt x 206.6014pt.


[69 <./Subfiles/../../Code/Descriptive/Figures/trust_mean_by_race_eth_mutual_fu
nds_2020.png> <./Subfiles/../../Code/Descriptive/Figures/trust_mean_by_race_eth
_insurance_2020.png>]
(./Subfiles/../../Code/Descriptive/Tables/income_growth_tabstat.tex)

[70 <./Subfiles/../../Code/Descriptive/Figures/trust_mean_by_race_eth_media_202
0.png>]
<Subfiles/../../Code/Descriptive/Figures/income_growth_over_time.png, id=567, 6
98.61pt x 419.5675pt>
File: Subfiles/../../Code/Descriptive/Figures/income_growth_over_time.png Graph
ic file (type png)
<use Subfiles/../../Code/Descriptive/Figures/income_growth_over_time.png>
Package pdftex.def Info: Subfiles/../../Code/Descriptive/Figures/income_growth_
over_time.png  used on input line 66.
(pdftex.def)             Requested size: 344.005pt x 206.6014pt.


[71]
(./Subfiles/../../Code/Regressions/Income/Labor/income_trust_general_ihs.tex
Overfull \hbox (42.1535pt too wide) in alignment at lines 5--39
[] [] [] [] [] 
 []

)

[72 <./Subfiles/../../Code/Descriptive/Figures/income_growth_over_time.png>]
(./Subfiles/../../Code/Regressions/Average/Income/Labor/income_trust_general_de
flwin_ihs.tex
Overfull \hbox (42.1535pt too wide) in alignment at lines 5--39
[] [] [] [] [] 
 []

)

[73]
(./Subfiles/../../Code/Regressions/Income/Total/income_trust_general_ihs.tex
Overfull \hbox (42.1535pt too wide) in alignment at lines 5--39
[] [] [] [] [] 
 []

)

[74]
(./Subfiles/../../Code/Regressions/Average/Income/Total/income_trust_general_de
flwin_ihs.tex
Overfull \hbox (42.1535pt too wide) in alignment at lines 5--39
[] [] [] [] [] 
 []

)

[75]
(./Subfiles/../../Code/Regressions/Returns/Core/returns_r1_trust_general_win.te
x
Overfull \hbox (16.67807pt too wide) in alignment at lines 5--39
[] [] [] [] [] 
 []

)

[76] (./Subfiles/../../Code/Regressions/Panel/panel_reg_r1_win.tex)

[77] (./Subfiles/../../Code/Regressions/Panel/panel_reg_r1_spec2_win.tex
Overfull \hbox (4.17723pt too wide) in alignment at lines 4--43
[] [] [] [] 
 []

)

[78]
<Subfiles/../../Code/Regressions/Panel/Figures/fe_dist_r1_win.png, id=614, 1204
.5pt x 876.27374pt>
File: Subfiles/../../Code/Regressions/Panel/Figures/fe_dist_r1_win.png Graphic 
file (type png)
<use Subfiles/../../Code/Regressions/Panel/Figures/fe_dist_r1_win.png>
Package pdftex.def Info: Subfiles/../../Code/Regressions/Panel/Figures/fe_dist_
r1_win.png  used on input line 108.
(pdftex.def)             Requested size: 344.005pt x 250.26207pt.


[79] (./Subfiles/../../Code/Regressions/Panel/panel_reg_r1_spec3_win.tex)

[80 <./Subfiles/../../Code/Regressions/Panel/Figures/fe_dist_r1_win.png>]
(./Subfiles/../../Code/Regressions/Average/Returns/Core/returns_r1_trust_genera
l_avg_win.tex
Overfull \hbox (16.67807pt too wide) in alignment at lines 5--39
[] [] [] [] [] 
 []

)

[81] (./Subfiles/../../Code/Regressions/Panel/panel_fe_on_tinv_r1_win.tex)

[82]
File: Subfiles/../../Code/Regressions/Panel/Figures/fe_vs_trust_win.png Graphic
 file (type png)
<use Subfiles/../../Code/Regressions/Panel/Figures/fe_vs_trust_win.png>
Package pdftex.def Info: Subfiles/../../Code/Regressions/Panel/Figures/fe_vs_tr
ust_win.png  used on input line 130.
(pdftex.def)             Requested size: 344.005pt x 250.26207pt.


[83]
File: Subfiles/../../Code/Regressions/Panel/Figures/fe_vs_educ_win.png Graphic 
file (type png)
<use Subfiles/../../Code/Regressions/Panel/Figures/fe_vs_educ_win.png>
Package pdftex.def Info: Subfiles/../../Code/Regressions/Panel/Figures/fe_vs_ed
uc_win.png  used on input line 137.
(pdftex.def)             Requested size: 344.005pt x 250.26207pt.


[84]
File: Subfiles/../../Code/Regressions/Panel/Figures/fe_by_race_win.png Graphic 
file (type png)
<use Subfiles/../../Code/Regressions/Panel/Figures/fe_by_race_win.png>
Package pdftex.def Info: Subfiles/../../Code/Regressions/Panel/Figures/fe_by_ra
ce_win.png  used on input line 144.
(pdftex.def)             Requested size: 344.005pt x 250.26207pt.


[85]
File: Subfiles/../../Code/Regressions/Panel/Figures/fe_by_gender_win.png Graphi
c file (type png)
<use Subfiles/../../Code/Regressions/Panel/Figures/fe_by_gender_win.png>
Package pdftex.def Info: Subfiles/../../Code/Regressions/Panel/Figures/fe_by_ge
nder_win.png  used on input line 151.
(pdftex.def)             Requested size: 344.005pt x 250.26207pt.


[86]
(./Subfiles/../../Code/Regressions/Returns/Core+res/returns_r4_trust_general_wi
n.tex
Overfull \hbox (16.67807pt too wide) in alignment at lines 5--38
[] [] [] [] [] 
 []

)

[87] (./Subfiles/../../Code/Regressions/Panel/panel_reg_r4_win.tex)

[88] (./Subfiles/../../Code/Regressions/Panel/panel_reg_r4_spec2_win.tex
Overfull \hbox (4.84373pt too wide) in alignment at lines 4--46
[] [] [] [] 
 []

)

[89]
<Subfiles/../../Code/Regressions/Panel/Figures/fe_dist_r4_win.png, id=673, 1204
.5pt x 876.27374pt>
File: Subfiles/../../Code/Regressions/Panel/Figures/fe_dist_r4_win.png Graphic 
file (type png)
<use Subfiles/../../Code/Regressions/Panel/Figures/fe_dist_r4_win.png>
Package pdftex.def Info: Subfiles/../../Code/Regressions/Panel/Figures/fe_dist_
r4_win.png  used on input line 173.
(pdftex.def)             Requested size: 344.005pt x 250.26207pt.


[90] (./Subfiles/../../Code/Regressions/Panel/panel_reg_r4_spec3_win.tex)

[91 <./Subfiles/../../Code/Regressions/Panel/Figures/fe_dist_r4_win.png>]
(./Subfiles/../../Code/Regressions/Average/Returns/Core+res/returns_r4_trust_ge
neral_avg_win.tex
Overfull \hbox (16.67807pt too wide) in alignment at lines 5--39
[] [] [] [] [] 
 []

)

[92] (./Subfiles/../../Code/Regressions/Panel/panel_fe_on_tinv_r4_win.tex)

[93])

Package caption Warning: Unused \captionsetup[sub] on input line 46.
See the caption package documentation for explanation.



[94] (./Chp2-draft.aux)
 ***********
LaTeX2e <2025-06-01> patch level 1
L3 programming layer <2025-07-11>
 ***********


LaTeX Warning: There were multiply-defined labels.

Package logreq Info: Writing requests to 'Chp2-draft.run.xml'.
\openout1 = `Chp2-draft.run.xml'.

 ) 
Here is how much of TeX's memory you used:
 26548 strings out of 467816
 527847 string characters out of 5432252
 1366626 words of memory out of 5000000
 54312 multiletter control sequences out of 15000+600000
 647393 words of font info for 91 fonts, out of 8000000 for 9000
 1141 hyphenation exceptions out of 8191
 73i,16n,77p,1907b,1500s stack positions out of 10000i,1000n,20000p,200000b,200000s
</usr/local/texlive/2024/texmf-dist/fonts/type1/public/amsfonts/cm/cmmi10.pfb
></usr/local/texlive/2024/texmf-dist/fonts/type1/public/amsfonts/cm/cmmi6.pfb><
/usr/local/texlive/2024/texmf-dist/fonts/type1/public/amsfonts/cm/cmmi7.pfb></u
sr/local/texlive/2024/texmf-dist/fonts/type1/public/amsfonts/cm/cmmi8.pfb></usr
/local/texlive/2024/texmf-dist/fonts/type1/public/amsfonts/cm/cmr10.pfb></usr/l
ocal/texlive/2024/texmf-dist/fonts/type1/public/amsfonts/cm/cmr6.pfb></usr/loca
l/texlive/2024/texmf-dist/fonts/type1/public/amsfonts/cm/cmr7.pfb></usr/local/t
exlive/2024/texmf-dist/fonts/type1/public/amsfonts/cm/cmr8.pfb></usr/local/texl
ive/2024/texmf-dist/fonts/type1/public/amsfonts/cm/cmsy10.pfb></usr/local/texli
ve/2024/texmf-dist/fonts/type1/public/amsfonts/cm/cmsy6.pfb></usr/local/texlive
/2024/texmf-dist/fonts/type1/public/amsfonts/cm/cmsy7.pfb></usr/local/texlive/2
024/texmf-dist/fonts/type1/public/amsfonts/cm/cmsy8.pfb></usr/local/texlive/202
4/texmf-dist/fonts/type1/public/cm-super/sfbx0900.pfb></usr/local/texlive/2024/
texmf-dist/fonts/type1/public/cm-super/sfbx1000.pfb></usr/local/texlive/2024/te
xmf-dist/fonts/type1/public/cm-super/sfbx1200.pfb></usr/local/texlive/2024/texm
f-dist/fonts/type1/public/cm-super/sfbx1440.pfb></usr/local/texlive/2024/texmf-
dist/fonts/type1/public/cm-super/sfcc1000.pfb></usr/local/texlive/2024/texmf-di
st/fonts/type1/public/cm-super/sfrm0600.pfb></usr/local/texlive/2024/texmf-dist
/fonts/type1/public/cm-super/sfrm0700.pfb></usr/local/texlive/2024/texmf-dist/f
onts/type1/public/cm-super/sfrm0800.pfb></usr/local/texlive/2024/texmf-dist/fon
ts/type1/public/cm-super/sfrm0900.pfb></usr/local/texlive/2024/texmf-dist/fonts
/type1/public/cm-super/sfrm1000.pfb></usr/local/texlive/2024/texmf-dist/fonts/t
ype1/public/cm-super/sfrm1200.pfb></usr/local/texlive/2024/texmf-dist/fonts/typ
e1/public/cm-super/sfti1000.pfb></usr/local/texlive/2024/texmf-dist/fonts/type1
/public/cm-super/sftt1000.pfb>
Output written on Chp2-draft.pdf (94 pages, 3964743 bytes).
PDF statistics:
 873 PDF objects out of 1000 (max. 8388607)
 657 compressed objects within 7 object streams
 269 named destinations out of 1000 (max. 500000)
 301 words of extra memory for PDF output out of 10000 (max. 10000000)

